{"/Users/muneeb/Desktop/SQE_Project/backend/src/app.js": {"path":"/Users/muneeb/Desktop/SQE_Project/backend/src/app.js","statementMap":{"0":{"start":{"line":1,"column":16},"end":{"line":1,"column":34}},"1":{"start":{"line":3,"column":13},"end":{"line":3,"column":28}},"2":{"start":{"line":4,"column":20},"end":{"line":4,"column":42}},"3":{"start":{"line":6,"column":21},"end":{"line":6,"column":45}},"4":{"start":{"line":8,"column":23},"end":{"line":8,"column":62}},"5":{"start":{"line":9,"column":22},"end":{"line":9,"column":60}},"6":{"start":{"line":10,"column":27},"end":{"line":10,"column":76}},"7":{"start":{"line":11,"column":25},"end":{"line":11,"column":72}},"8":{"start":{"line":12,"column":18},"end":{"line":12,"column":68}},"9":{"start":{"line":14,"column":22},"end":{"line":14,"column":57}},"10":{"start":{"line":15,"column":21},"end":{"line":15,"column":57}},"11":{"start":{"line":17,"column":19},"end":{"line":17,"column":48}},"12":{"start":{"line":19,"column":12},"end":{"line":19,"column":21}},"13":{"start":{"line":21,"column":0},"end":{"line":26,"column":2}},"14":{"start":{"line":28,"column":0},"end":{"line":28,"column":24}},"15":{"start":{"line":29,"column":0},"end":{"line":29,"column":24}},"16":{"start":{"line":30,"column":0},"end":{"line":30,"column":48}},"17":{"start":{"line":32,"column":0},"end":{"line":32,"column":23}},"18":{"start":{"line":39,"column":0},"end":{"line":39,"column":32}},"19":{"start":{"line":40,"column":0},"end":{"line":40,"column":59}},"20":{"start":{"line":41,"column":0},"end":{"line":41,"column":58}},"21":{"start":{"line":42,"column":0},"end":{"line":42,"column":41}},"22":{"start":{"line":43,"column":0},"end":{"line":43,"column":37}},"23":{"start":{"line":46,"column":0},"end":{"line":46,"column":32}},"24":{"start":{"line":49,"column":0},"end":{"line":49,"column":40}},"25":{"start":{"line":52,"column":0},"end":{"line":52,"column":21}}},"fnMap":{},"branchMap":{},"s":{"0":26,"1":26,"2":26,"3":26,"4":26,"5":26,"6":26,"7":26,"8":26,"9":26,"10":26,"11":26,"12":26,"13":26,"14":26,"15":26,"16":26,"17":26,"18":26,"19":26,"20":26,"21":26,"22":26,"23":26,"24":26,"25":26},"f":{},"b":{},"_coverageSchema":"1a1c01bbd47fc00a2c39e90264f33305004495a9","hash":"433079bb07ca1d43b16dca3319e851529944c5e8"}
,"/Users/muneeb/Desktop/SQE_Project/backend/src/helpers.js": {"path":"/Users/muneeb/Desktop/SQE_Project/backend/src/helpers.js","statementMap":{"0":{"start":{"line":6,"column":11},"end":{"line":6,"column":24}},"1":{"start":{"line":8,"column":17},"end":{"line":8,"column":39}},"2":{"start":{"line":11,"column":0},"end":{"line":11,"column":35}},"3":{"start":{"line":16,"column":0},"end":{"line":22,"column":2}},"4":{"start":{"line":17,"column":2},"end":{"line":21,"column":3}},"5":{"start":{"line":18,"column":4},"end":{"line":18,"column":64}},"6":{"start":{"line":20,"column":4},"end":{"line":20,"column":16}},"7":{"start":{"line":24,"column":0},"end":{"line":24,"column":80}},"8":{"start":{"line":24,"column":26},"end":{"line":24,"column":79}},"9":{"start":{"line":27,"column":0},"end":{"line":27,"column":53}},"10":{"start":{"line":29,"column":0},"end":{"line":45,"column":2}},"11":{"start":{"line":30,"column":2},"end":{"line":32,"column":3}},"12":{"start":{"line":31,"column":4},"end":{"line":31,"column":21}},"13":{"start":{"line":34,"column":2},"end":{"line":36,"column":3}},"14":{"start":{"line":35,"column":4},"end":{"line":35,"column":18}},"15":{"start":{"line":37,"column":2},"end":{"line":37,"column":42}},"16":{"start":{"line":39,"column":16},"end":{"line":39,"column":18}},"17":{"start":{"line":40,"column":2},"end":{"line":43,"column":3}},"18":{"start":{"line":41,"column":4},"end":{"line":41,"column":45}},"19":{"start":{"line":42,"column":4},"end":{"line":42,"column":51}},"20":{"start":{"line":44,"column":2},"end":{"line":44,"column":15}},"21":{"start":{"line":47,"column":0},"end":{"line":60,"column":2}},"22":{"start":{"line":49,"column":4},"end":{"line":49,"column":55}},"23":{"start":{"line":52,"column":4},"end":{"line":52,"column":60}},"24":{"start":{"line":55,"column":4},"end":{"line":55,"column":60}},"25":{"start":{"line":58,"column":4},"end":{"line":58,"column":58}}},"fnMap":{"0":{"name":"(anonymous_0)","decl":{"start":{"line":16,"column":15},"end":{"line":16,"column":16}},"loc":{"start":{"line":16,"column":25},"end":{"line":22,"column":1}},"line":16},"1":{"name":"(anonymous_1)","decl":{"start":{"line":24,"column":16},"end":{"line":24,"column":17}},"loc":{"start":{"line":24,"column":26},"end":{"line":24,"column":79}},"line":24},"2":{"name":"(anonymous_2)","decl":{"start":{"line":29,"column":20},"end":{"line":29,"column":21}},"loc":{"start":{"line":29,"column":54},"end":{"line":45,"column":1}},"line":29},"3":{"name":"(anonymous_3)","decl":{"start":{"line":48,"column":7},"end":{"line":48,"column":8}},"loc":{"start":{"line":48,"column":36},"end":{"line":50,"column":3}},"line":48},"4":{"name":"(anonymous_4)","decl":{"start":{"line":51,"column":7},"end":{"line":51,"column":8}},"loc":{"start":{"line":51,"column":36},"end":{"line":53,"column":3}},"line":51},"5":{"name":"(anonymous_5)","decl":{"start":{"line":54,"column":12},"end":{"line":54,"column":13}},"loc":{"start":{"line":54,"column":41},"end":{"line":56,"column":3}},"line":54},"6":{"name":"(anonymous_6)","decl":{"start":{"line":57,"column":10},"end":{"line":57,"column":11}},"loc":{"start":{"line":57,"column":39},"end":{"line":59,"column":3}},"line":57}},"branchMap":{"0":{"loc":{"start":{"line":30,"column":2},"end":{"line":32,"column":3}},"type":"if","locations":[{"start":{"line":30,"column":2},"end":{"line":32,"column":3}},{"start":{},"end":{}}],"line":30},"1":{"loc":{"start":{"line":34,"column":2},"end":{"line":36,"column":3}},"type":"if","locations":[{"start":{"line":34,"column":2},"end":{"line":36,"column":3}},{"start":{},"end":{}}],"line":34},"2":{"loc":{"start":{"line":37,"column":13},"end":{"line":37,"column":41}},"type":"cond-expr","locations":[{"start":{"line":37,"column":28},"end":{"line":37,"column":36}},{"start":{"line":37,"column":39},"end":{"line":37,"column":41}}],"line":37}},"s":{"0":26,"1":26,"2":26,"3":26,"4":0,"5":0,"6":0,"7":26,"8":0,"9":26,"10":26,"11":0,"12":0,"13":0,"14":0,"15":0,"16":0,"17":0,"18":0,"19":0,"20":0,"21":26,"22":41,"23":32,"24":24,"25":0},"f":{"0":0,"1":0,"2":0,"3":41,"4":32,"5":24,"6":0},"b":{"0":[0,0],"1":[0,0],"2":[0,0]},"_coverageSchema":"1a1c01bbd47fc00a2c39e90264f33305004495a9","hash":"cbdb341f63281adf74e7bc26ab3f16be4a376fbd"}
,"/Users/muneeb/Desktop/SQE_Project/backend/src/controllers/appControllers/index.js": {"path":"/Users/muneeb/Desktop/SQE_Project/backend/src/controllers/appControllers/index.js","statementMap":{"0":{"start":{"line":1,"column":29},"end":{"line":1,"column":97}},"1":{"start":{"line":2,"column":23},"end":{"line":2,"column":48}},"2":{"start":{"line":4,"column":21},"end":{"line":4,"column":36}},"3":{"start":{"line":5,"column":13},"end":{"line":5,"column":28}},"4":{"start":{"line":7,"column":16},"end":{"line":7,"column":56}},"5":{"start":{"line":8,"column":30},"end":{"line":10,"column":2}},"6":{"start":{"line":9,"column":2},"end":{"line":9,"column":33}},"7":{"start":{"line":12,"column":23},"end":{"line":36,"column":1}},"8":{"start":{"line":13,"column":22},"end":{"line":13,"column":24}},"9":{"start":{"line":14,"column":31},"end":{"line":14,"column":33}},"10":{"start":{"line":16,"column":2},"end":{"line":27,"column":5}},"11":{"start":{"line":17,"column":4},"end":{"line":26,"column":5}},"12":{"start":{"line":18,"column":31},"end":{"line":18,"column":88}},"13":{"start":{"line":20,"column":6},"end":{"line":23,"column":7}},"14":{"start":{"line":21,"column":8},"end":{"line":21,"column":50}},"15":{"start":{"line":22,"column":8},"end":{"line":22,"column":55}},"16":{"start":{"line":25,"column":6},"end":{"line":25,"column":35}},"17":{"start":{"line":29,"column":2},"end":{"line":33,"column":5}},"18":{"start":{"line":30,"column":4},"end":{"line":32,"column":5}},"19":{"start":{"line":31,"column":6},"end":{"line":31,"column":68}},"20":{"start":{"line":35,"column":2},"end":{"line":35,"column":21}},"21":{"start":{"line":38,"column":0},"end":{"line":38,"column":34}}},"fnMap":{"0":{"name":"(anonymous_0)","decl":{"start":{"line":8,"column":52},"end":{"line":8,"column":53}},"loc":{"start":{"line":8,"column":66},"end":{"line":10,"column":1}},"line":8},"1":{"name":"(anonymous_1)","decl":{"start":{"line":12,"column":23},"end":{"line":12,"column":24}},"loc":{"start":{"line":12,"column":29},"end":{"line":36,"column":1}},"line":12},"2":{"name":"(anonymous_2)","decl":{"start":{"line":16,"column":32},"end":{"line":16,"column":33}},"loc":{"start":{"line":16,"column":52},"end":{"line":27,"column":3}},"line":16},"3":{"name":"(anonymous_3)","decl":{"start":{"line":29,"column":21},"end":{"line":29,"column":22}},"loc":{"start":{"line":29,"column":56},"end":{"line":33,"column":3}},"line":29}},"branchMap":{"0":{"loc":{"start":{"line":20,"column":6},"end":{"line":23,"column":7}},"type":"if","locations":[{"start":{"line":20,"column":6},"end":{"line":23,"column":7}},{"start":{},"end":{}}],"line":20},"1":{"loc":{"start":{"line":30,"column":4},"end":{"line":32,"column":5}},"type":"if","locations":[{"start":{"line":30,"column":4},"end":{"line":32,"column":5}},{"start":{},"end":{}}],"line":30}},"s":{"0":26,"1":26,"2":26,"3":26,"4":26,"5":26,"6":156,"7":26,"8":26,"9":26,"10":26,"11":156,"12":156,"13":156,"14":156,"15":156,"16":0,"17":26,"18":156,"19":0,"20":26,"21":26},"f":{"0":156,"1":26,"2":156,"3":156},"b":{"0":[156,0],"1":[0,156]},"_coverageSchema":"1a1c01bbd47fc00a2c39e90264f33305004495a9","hash":"fb8f14da165569513d10eb63861e65318b9b3177"}
,"/Users/muneeb/Desktop/SQE_Project/backend/src/controllers/appControllers/clientController/index.js": {"path":"/Users/muneeb/Desktop/SQE_Project/backend/src/controllers/appControllers/clientController/index.js","statementMap":{"0":{"start":{"line":1,"column":17},"end":{"line":1,"column":36}},"1":{"start":{"line":2,"column":29},"end":{"line":2,"column":97}},"2":{"start":{"line":4,"column":16},"end":{"line":4,"column":36}},"3":{"start":{"line":7,"column":16},"end":{"line":7,"column":40}},"4":{"start":{"line":8,"column":18},"end":{"line":8,"column":48}},"5":{"start":{"line":10,"column":2},"end":{"line":10,"column":59}},"6":{"start":{"line":10,"column":34},"end":{"line":10,"column":58}},"7":{"start":{"line":11,"column":2},"end":{"line":11,"column":17}},"8":{"start":{"line":14,"column":0},"end":{"line":14,"column":35}}},"fnMap":{"0":{"name":"modelController","decl":{"start":{"line":6,"column":9},"end":{"line":6,"column":24}},"loc":{"start":{"line":6,"column":27},"end":{"line":12,"column":1}},"line":6},"1":{"name":"(anonymous_1)","decl":{"start":{"line":10,"column":20},"end":{"line":10,"column":21}},"loc":{"start":{"line":10,"column":34},"end":{"line":10,"column":58}},"line":10}},"branchMap":{},"s":{"0":26,"1":26,"2":26,"3":26,"4":26,"5":26,"6":3,"7":26,"8":26},"f":{"0":26,"1":3},"b":{},"_coverageSchema":"1a1c01bbd47fc00a2c39e90264f33305004495a9","hash":"8bc0f93f6e462dd768076a9508b023496e17af39"}
,"/Users/muneeb/Desktop/SQE_Project/backend/src/controllers/appControllers/clientController/summary.js": {"path":"/Users/muneeb/Desktop/SQE_Project/backend/src/controllers/appControllers/clientController/summary.js","statementMap":{"0":{"start":{"line":1,"column":17},"end":{"line":1,"column":36}},"1":{"start":{"line":2,"column":15},"end":{"line":2,"column":32}},"2":{"start":{"line":4,"column":21},"end":{"line":4,"column":46}},"3":{"start":{"line":6,"column":16},"end":{"line":95,"column":1}},"4":{"start":{"line":7,"column":20},"end":{"line":7,"column":27}},"5":{"start":{"line":8,"column":19},"end":{"line":8,"column":28}},"6":{"start":{"line":10,"column":2},"end":{"line":18,"column":3}},"7":{"start":{"line":11,"column":4},"end":{"line":11,"column":23}},"8":{"start":{"line":12,"column":9},"end":{"line":18,"column":3}},"9":{"start":{"line":13,"column":4},"end":{"line":17,"column":7}},"10":{"start":{"line":20,"column":22},"end":{"line":20,"column":30}},"11":{"start":{"line":21,"column":18},"end":{"line":21,"column":58}},"12":{"start":{"line":22,"column":16},"end":{"line":22,"column":54}},"13":{"start":{"line":24,"column":19},"end":{"line":75,"column":3}},"14":{"start":{"line":77,"column":28},"end":{"line":77,"column":59}},"15":{"start":{"line":79,"column":17},"end":{"line":79,"column":37}},"16":{"start":{"line":80,"column":23},"end":{"line":80,"column":80}},"17":{"start":{"line":81,"column":26},"end":{"line":81,"column":79}},"18":{"start":{"line":82,"column":24},"end":{"line":82,"column":83}},"19":{"start":{"line":84,"column":39},"end":{"line":84,"column":98}},"20":{"start":{"line":85,"column":36},"end":{"line":85,"column":97}},"21":{"start":{"line":87,"column":2},"end":{"line":94,"column":5}},"22":{"start":{"line":97,"column":0},"end":{"line":97,"column":25}}},"fnMap":{"0":{"name":"(anonymous_0)","decl":{"start":{"line":6,"column":16},"end":{"line":6,"column":17}},"loc":{"start":{"line":6,"column":43},"end":{"line":95,"column":1}},"line":6}},"branchMap":{"0":{"loc":{"start":{"line":10,"column":2},"end":{"line":18,"column":3}},"type":"if","locations":[{"start":{"line":10,"column":2},"end":{"line":18,"column":3}},{"start":{"line":12,"column":9},"end":{"line":18,"column":3}}],"line":10},"1":{"loc":{"start":{"line":10,"column":6},"end":{"line":10,"column":54}},"type":"binary-expr","locations":[{"start":{"line":10,"column":6},"end":{"line":10,"column":10}},{"start":{"line":10,"column":14},"end":{"line":10,"column":54}}],"line":10},"2":{"loc":{"start":{"line":12,"column":9},"end":{"line":18,"column":3}},"type":"if","locations":[{"start":{"line":12,"column":9},"end":{"line":18,"column":3}},{"start":{},"end":{}}],"line":12},"3":{"loc":{"start":{"line":80,"column":23},"end":{"line":80,"column":80}},"type":"cond-expr","locations":[{"start":{"line":80,"column":48},"end":{"line":80,"column":76}},{"start":{"line":80,"column":79},"end":{"line":80,"column":80}}],"line":80},"4":{"loc":{"start":{"line":81,"column":26},"end":{"line":81,"column":79}},"type":"cond-expr","locations":[{"start":{"line":81,"column":49},"end":{"line":81,"column":75}},{"start":{"line":81,"column":78},"end":{"line":81,"column":79}}],"line":81},"5":{"loc":{"start":{"line":82,"column":24},"end":{"line":82,"column":83}},"type":"cond-expr","locations":[{"start":{"line":82,"column":50},"end":{"line":82,"column":79}},{"start":{"line":82,"column":82},"end":{"line":82,"column":83}}],"line":82},"6":{"loc":{"start":{"line":84,"column":39},"end":{"line":84,"column":98}},"type":"cond-expr","locations":[{"start":{"line":84,"column":58},"end":{"line":84,"column":94}},{"start":{"line":84,"column":97},"end":{"line":84,"column":98}}],"line":84},"7":{"loc":{"start":{"line":85,"column":36},"end":{"line":85,"column":97}},"type":"cond-expr","locations":[{"start":{"line":85,"column":55},"end":{"line":85,"column":93}},{"start":{"line":85,"column":96},"end":{"line":85,"column":97}}],"line":85}},"s":{"0":26,"1":26,"2":26,"3":26,"4":3,"5":3,"6":3,"7":1,"8":2,"9":0,"10":3,"11":3,"12":3,"13":3,"14":3,"15":3,"16":3,"17":3,"18":3,"19":3,"20":3,"21":3,"22":26},"f":{"0":3},"b":{"0":[1,2],"1":[3,1],"2":[0,2],"3":[2,1],"4":[2,1],"5":[0,3],"6":[2,1],"7":[2,1]},"_coverageSchema":"1a1c01bbd47fc00a2c39e90264f33305004495a9","hash":"abfcd90b0268f74dff867a5836849043286b7d48"}
,"/Users/muneeb/Desktop/SQE_Project/backend/src/controllers/appControllers/invoiceController/create.js": {"path":"/Users/muneeb/Desktop/SQE_Project/backend/src/controllers/appControllers/invoiceController/create.js","statementMap":{"0":{"start":{"line":1,"column":17},"end":{"line":1,"column":36}},"1":{"start":{"line":3,"column":14},"end":{"line":3,"column":39}},"2":{"start":{"line":5,"column":22},"end":{"line":5,"column":42}},"3":{"start":{"line":6,"column":33},"end":{"line":6,"column":66}},"4":{"start":{"line":7,"column":15},"end":{"line":7,"column":42}},"5":{"start":{"line":9,"column":15},"end":{"line":72,"column":1}},"6":{"start":{"line":10,"column":13},"end":{"line":10,"column":21}},"7":{"start":{"line":12,"column":27},"end":{"line":12,"column":48}},"8":{"start":{"line":13,"column":2},"end":{"line":20,"column":3}},"9":{"start":{"line":14,"column":24},"end":{"line":14,"column":29}},"10":{"start":{"line":15,"column":4},"end":{"line":19,"column":7}},"11":{"start":{"line":22,"column":52},"end":{"line":22,"column":57}},"12":{"start":{"line":25,"column":17},"end":{"line":25,"column":18}},"13":{"start":{"line":26,"column":17},"end":{"line":26,"column":18}},"14":{"start":{"line":27,"column":14},"end":{"line":27,"column":15}},"15":{"start":{"line":30,"column":2},"end":{"line":36,"column":5}},"16":{"start":{"line":31,"column":16},"end":{"line":31,"column":67}},"17":{"start":{"line":33,"column":4},"end":{"line":33,"column":46}},"18":{"start":{"line":35,"column":4},"end":{"line":35,"column":26}},"19":{"start":{"line":37,"column":2},"end":{"line":37,"column":57}},"20":{"start":{"line":38,"column":2},"end":{"line":38,"column":44}},"21":{"start":{"line":40,"column":2},"end":{"line":40,"column":30}},"22":{"start":{"line":41,"column":2},"end":{"line":41,"column":30}},"23":{"start":{"line":42,"column":2},"end":{"line":42,"column":24}},"24":{"start":{"line":43,"column":2},"end":{"line":43,"column":24}},"25":{"start":{"line":45,"column":22},"end":{"line":45,"column":78}},"26":{"start":{"line":47,"column":2},"end":{"line":47,"column":40}},"27":{"start":{"line":48,"column":2},"end":{"line":48,"column":36}},"28":{"start":{"line":51,"column":17},"end":{"line":51,"column":45}},"29":{"start":{"line":52,"column":17},"end":{"line":52,"column":49}},"30":{"start":{"line":53,"column":23},"end":{"line":59,"column":10}},"31":{"start":{"line":62,"column":2},"end":{"line":64,"column":5}},"32":{"start":{"line":67,"column":2},"end":{"line":71,"column":5}},"33":{"start":{"line":74,"column":0},"end":{"line":74,"column":24}}},"fnMap":{"0":{"name":"(anonymous_0)","decl":{"start":{"line":9,"column":15},"end":{"line":9,"column":16}},"loc":{"start":{"line":9,"column":35},"end":{"line":72,"column":1}},"line":9},"1":{"name":"(anonymous_1)","decl":{"start":{"line":30,"column":12},"end":{"line":30,"column":13}},"loc":{"start":{"line":30,"column":22},"end":{"line":36,"column":3}},"line":30}},"branchMap":{"0":{"loc":{"start":{"line":13,"column":2},"end":{"line":20,"column":3}},"type":"if","locations":[{"start":{"line":13,"column":2},"end":{"line":20,"column":3}},{"start":{},"end":{}}],"line":13},"1":{"loc":{"start":{"line":22,"column":10},"end":{"line":22,"column":20}},"type":"default-arg","locations":[{"start":{"line":22,"column":18},"end":{"line":22,"column":20}}],"line":22},"2":{"loc":{"start":{"line":22,"column":22},"end":{"line":22,"column":33}},"type":"default-arg","locations":[{"start":{"line":22,"column":32},"end":{"line":22,"column":33}}],"line":22},"3":{"loc":{"start":{"line":22,"column":35},"end":{"line":22,"column":47}},"type":"default-arg","locations":[{"start":{"line":22,"column":46},"end":{"line":22,"column":47}}],"line":22},"4":{"loc":{"start":{"line":45,"column":22},"end":{"line":45,"column":78}},"type":"cond-expr","locations":[{"start":{"line":45,"column":61},"end":{"line":45,"column":67}},{"start":{"line":45,"column":70},"end":{"line":45,"column":78}}],"line":45}},"s":{"0":26,"1":26,"2":26,"3":26,"4":26,"5":26,"6":4,"7":4,"8":4,"9":2,"10":2,"11":2,"12":2,"13":2,"14":2,"15":2,"16":3,"17":3,"18":3,"19":2,"20":2,"21":2,"22":2,"23":2,"24":2,"25":2,"26":2,"27":2,"28":2,"29":2,"30":2,"31":2,"32":2,"33":26},"f":{"0":4,"1":3},"b":{"0":[2,2],"1":[0],"2":[0],"3":[0],"4":[1,1]},"_coverageSchema":"1a1c01bbd47fc00a2c39e90264f33305004495a9","hash":"25252a9916c80ccf68e3ac6741e591463974aa09"}
,"/Users/muneeb/Desktop/SQE_Project/backend/src/controllers/appControllers/invoiceController/index.js": {"path":"/Users/muneeb/Desktop/SQE_Project/backend/src/controllers/appControllers/invoiceController/index.js","statementMap":{"0":{"start":{"line":1,"column":29},"end":{"line":1,"column":97}},"1":{"start":{"line":2,"column":16},"end":{"line":2,"column":47}},"2":{"start":{"line":4,"column":17},"end":{"line":4,"column":38}},"3":{"start":{"line":5,"column":15},"end":{"line":5,"column":34}},"4":{"start":{"line":6,"column":16},"end":{"line":6,"column":36}},"5":{"start":{"line":7,"column":15},"end":{"line":7,"column":34}},"6":{"start":{"line":8,"column":15},"end":{"line":8,"column":34}},"7":{"start":{"line":9,"column":22},"end":{"line":9,"column":48}},"8":{"start":{"line":10,"column":13},"end":{"line":10,"column":30}},"9":{"start":{"line":12,"column":0},"end":{"line":12,"column":24}},"10":{"start":{"line":13,"column":0},"end":{"line":13,"column":24}},"11":{"start":{"line":14,"column":0},"end":{"line":14,"column":24}},"12":{"start":{"line":15,"column":0},"end":{"line":15,"column":24}},"13":{"start":{"line":16,"column":0},"end":{"line":16,"column":26}},"14":{"start":{"line":17,"column":0},"end":{"line":17,"column":29}},"15":{"start":{"line":18,"column":0},"end":{"line":18,"column":20}},"16":{"start":{"line":20,"column":0},"end":{"line":20,"column":25}}},"fnMap":{},"branchMap":{},"s":{"0":26,"1":26,"2":26,"3":26,"4":26,"5":26,"6":26,"7":26,"8":26,"9":26,"10":26,"11":26,"12":26,"13":26,"14":26,"15":26,"16":26},"f":{},"b":{},"_coverageSchema":"1a1c01bbd47fc00a2c39e90264f33305004495a9","hash":"314b70c865bc0d4d24c39e677775521923213851"}
,"/Users/muneeb/Desktop/SQE_Project/backend/src/controllers/appControllers/invoiceController/paginatedList.js": {"path":"/Users/muneeb/Desktop/SQE_Project/backend/src/controllers/appControllers/invoiceController/paginatedList.js","statementMap":{"0":{"start":{"line":1,"column":17},"end":{"line":1,"column":36}},"1":{"start":{"line":3,"column":14},"end":{"line":3,"column":39}},"2":{"start":{"line":5,"column":22},"end":{"line":65,"column":1}},"3":{"start":{"line":6,"column":15},"end":{"line":6,"column":34}},"4":{"start":{"line":7,"column":16},"end":{"line":7,"column":47}},"5":{"start":{"line":8,"column":15},"end":{"line":8,"column":35}},"6":{"start":{"line":10,"column":64},"end":{"line":10,"column":73}},"7":{"start":{"line":12,"column":22},"end":{"line":12,"column":73}},"8":{"start":{"line":16,"column":2},"end":{"line":16,"column":55}},"9":{"start":{"line":18,"column":2},"end":{"line":20,"column":3}},"10":{"start":{"line":19,"column":4},"end":{"line":19,"column":75}},"11":{"start":{"line":23,"column":25},"end":{"line":33,"column":11}},"12":{"start":{"line":36,"column":23},"end":{"line":41,"column":4}},"13":{"start":{"line":44,"column":26},"end":{"line":44,"column":75}},"14":{"start":{"line":46,"column":16},"end":{"line":46,"column":40}},"15":{"start":{"line":49,"column":21},"end":{"line":49,"column":43}},"16":{"start":{"line":50,"column":2},"end":{"line":64,"column":3}},"17":{"start":{"line":51,"column":4},"end":{"line":56,"column":7}},"18":{"start":{"line":58,"column":4},"end":{"line":63,"column":7}},"19":{"start":{"line":67,"column":0},"end":{"line":67,"column":31}}},"fnMap":{"0":{"name":"(anonymous_0)","decl":{"start":{"line":5,"column":22},"end":{"line":5,"column":23}},"loc":{"start":{"line":5,"column":42},"end":{"line":65,"column":1}},"line":5}},"branchMap":{"0":{"loc":{"start":{"line":6,"column":15},"end":{"line":6,"column":34}},"type":"binary-expr","locations":[{"start":{"line":6,"column":15},"end":{"line":6,"column":29}},{"start":{"line":6,"column":33},"end":{"line":6,"column":34}}],"line":6},"1":{"loc":{"start":{"line":7,"column":16},"end":{"line":7,"column":47}},"type":"binary-expr","locations":[{"start":{"line":7,"column":16},"end":{"line":7,"column":41}},{"start":{"line":7,"column":45},"end":{"line":7,"column":47}}],"line":7},"2":{"loc":{"start":{"line":10,"column":10},"end":{"line":10,"column":28}},"type":"default-arg","locations":[{"start":{"line":10,"column":19},"end":{"line":10,"column":28}}],"line":10},"3":{"loc":{"start":{"line":10,"column":30},"end":{"line":10,"column":44}},"type":"default-arg","locations":[{"start":{"line":10,"column":42},"end":{"line":10,"column":44}}],"line":10},"4":{"loc":{"start":{"line":12,"column":22},"end":{"line":12,"column":73}},"type":"cond-expr","locations":[{"start":{"line":12,"column":41},"end":{"line":12,"column":68}},{"start":{"line":12,"column":71},"end":{"line":12,"column":73}}],"line":12},"5":{"loc":{"start":{"line":16,"column":11},"end":{"line":16,"column":54}},"type":"cond-expr","locations":[{"start":{"line":16,"column":38},"end":{"line":16,"column":40}},{"start":{"line":16,"column":43},"end":{"line":16,"column":54}}],"line":16},"6":{"loc":{"start":{"line":50,"column":2},"end":{"line":64,"column":3}},"type":"if","locations":[{"start":{"line":50,"column":2},"end":{"line":64,"column":3}},{"start":{"line":57,"column":9},"end":{"line":64,"column":3}}],"line":50}},"s":{"0":26,"1":26,"2":26,"3":3,"4":3,"5":3,"6":3,"7":3,"8":3,"9":3,"10":1,"11":3,"12":3,"13":3,"14":3,"15":3,"16":3,"17":3,"18":0,"19":26},"f":{"0":3},"b":{"0":[3,2],"1":[3,2],"2":[3],"3":[3],"4":[1,2],"5":[2,1],"6":[3,0]},"_coverageSchema":"1a1c01bbd47fc00a2c39e90264f33305004495a9","hash":"d23d9258c59107e7f0c42099c88fea6d6cbd9c42"}
,"/Users/muneeb/Desktop/SQE_Project/backend/src/controllers/appControllers/invoiceController/read.js": {"path":"/Users/muneeb/Desktop/SQE_Project/backend/src/controllers/appControllers/invoiceController/read.js","statementMap":{"0":{"start":{"line":1,"column":17},"end":{"line":1,"column":36}},"1":{"start":{"line":3,"column":14},"end":{"line":3,"column":39}},"2":{"start":{"line":5,"column":13},"end":{"line":28,"column":1}},"3":{"start":{"line":7,"column":17},"end":{"line":12,"column":11}},"4":{"start":{"line":14,"column":2},"end":{"line":27,"column":3}},"5":{"start":{"line":15,"column":4},"end":{"line":19,"column":7}},"6":{"start":{"line":22,"column":4},"end":{"line":26,"column":7}},"7":{"start":{"line":30,"column":0},"end":{"line":30,"column":22}}},"fnMap":{"0":{"name":"(anonymous_0)","decl":{"start":{"line":5,"column":13},"end":{"line":5,"column":14}},"loc":{"start":{"line":5,"column":33},"end":{"line":28,"column":1}},"line":5}},"branchMap":{"0":{"loc":{"start":{"line":14,"column":2},"end":{"line":27,"column":3}},"type":"if","locations":[{"start":{"line":14,"column":2},"end":{"line":27,"column":3}},{"start":{"line":20,"column":9},"end":{"line":27,"column":3}}],"line":14}},"s":{"0":26,"1":26,"2":26,"3":2,"4":2,"5":1,"6":1,"7":26},"f":{"0":2},"b":{"0":[1,1]},"_coverageSchema":"1a1c01bbd47fc00a2c39e90264f33305004495a9","hash":"d0a25688770e6b854b1921b2025fba2a104a4433"}
,"/Users/muneeb/Desktop/SQE_Project/backend/src/controllers/appControllers/invoiceController/remove.js": {"path":"/Users/muneeb/Desktop/SQE_Project/backend/src/controllers/appControllers/invoiceController/remove.js","statementMap":{"0":{"start":{"line":1,"column":17},"end":{"line":1,"column":36}},"1":{"start":{"line":3,"column":14},"end":{"line":3,"column":39}},"2":{"start":{"line":4,"column":21},"end":{"line":4,"column":46}},"3":{"start":{"line":6,"column":15},"end":{"line":38,"column":1}},"4":{"start":{"line":7,"column":25},"end":{"line":20,"column":10}},"5":{"start":{"line":22,"column":2},"end":{"line":28,"column":3}},"6":{"start":{"line":23,"column":4},"end":{"line":27,"column":7}},"7":{"start":{"line":29,"column":27},"end":{"line":32,"column":3}},"8":{"start":{"line":33,"column":2},"end":{"line":37,"column":5}},"9":{"start":{"line":40,"column":0},"end":{"line":40,"column":24}}},"fnMap":{"0":{"name":"(anonymous_0)","decl":{"start":{"line":6,"column":15},"end":{"line":6,"column":16}},"loc":{"start":{"line":6,"column":35},"end":{"line":38,"column":1}},"line":6}},"branchMap":{"0":{"loc":{"start":{"line":22,"column":2},"end":{"line":28,"column":3}},"type":"if","locations":[{"start":{"line":22,"column":2},"end":{"line":28,"column":3}},{"start":{},"end":{}}],"line":22}},"s":{"0":26,"1":26,"2":26,"3":26,"4":2,"5":2,"6":1,"7":1,"8":1,"9":26},"f":{"0":2},"b":{"0":[1,1]},"_coverageSchema":"1a1c01bbd47fc00a2c39e90264f33305004495a9","hash":"99b8add6ae0795c633e8e14a6ee59716ae72017f"}
,"/Users/muneeb/Desktop/SQE_Project/backend/src/controllers/appControllers/invoiceController/schemaValidate.js": {"path":"/Users/muneeb/Desktop/SQE_Project/backend/src/controllers/appControllers/invoiceController/schemaValidate.js","statementMap":{"0":{"start":{"line":1,"column":12},"end":{"line":1,"column":26}},"1":{"start":{"line":2,"column":15},"end":{"line":26,"column":2}},"2":{"start":{"line":28,"column":0},"end":{"line":28,"column":24}}},"fnMap":{},"branchMap":{},"s":{"0":26,"1":26,"2":26},"f":{},"b":{},"_coverageSchema":"1a1c01bbd47fc00a2c39e90264f33305004495a9","hash":"38823b8cf86a4e79838993565ef9b83201f89c9c"}
,"/Users/muneeb/Desktop/SQE_Project/backend/src/controllers/appControllers/invoiceController/sendMail.js": {"path":"/Users/muneeb/Desktop/SQE_Project/backend/src/controllers/appControllers/invoiceController/sendMail.js","statementMap":{"0":{"start":{"line":1,"column":11},"end":{"line":1,"column":24}},"1":{"start":{"line":3,"column":17},"end":{"line":3,"column":36}},"2":{"start":{"line":5,"column":13},"end":{"line":11,"column":1}},"3":{"start":{"line":6,"column":2},"end":{"line":10,"column":5}},"4":{"start":{"line":13,"column":0},"end":{"line":13,"column":22}}},"fnMap":{"0":{"name":"(anonymous_0)","decl":{"start":{"line":5,"column":13},"end":{"line":5,"column":14}},"loc":{"start":{"line":5,"column":33},"end":{"line":11,"column":1}},"line":5}},"branchMap":{},"s":{"0":26,"1":26,"2":26,"3":0,"4":26},"f":{"0":0},"b":{},"_coverageSchema":"1a1c01bbd47fc00a2c39e90264f33305004495a9","hash":"36836760502a12dc8935dd8b235e929c7ed63651"}
,"/Users/muneeb/Desktop/SQE_Project/backend/src/controllers/appControllers/invoiceController/summary.js": {"path":"/Users/muneeb/Desktop/SQE_Project/backend/src/controllers/appControllers/invoiceController/summary.js","statementMap":{"0":{"start":{"line":1,"column":17},"end":{"line":1,"column":36}},"1":{"start":{"line":2,"column":15},"end":{"line":2,"column":32}},"2":{"start":{"line":4,"column":14},"end":{"line":4,"column":39}},"3":{"start":{"line":6,"column":25},"end":{"line":6,"column":58}},"4":{"start":{"line":8,"column":16},"end":{"line":209,"column":1}},"5":{"start":{"line":9,"column":20},"end":{"line":9,"column":27}},"6":{"start":{"line":11,"column":19},"end":{"line":11,"column":28}},"7":{"start":{"line":13,"column":19},"end":{"line":13,"column":39}},"8":{"start":{"line":15,"column":2},"end":{"line":25,"column":3}},"9":{"start":{"line":16,"column":4},"end":{"line":24,"column":5}},"10":{"start":{"line":17,"column":6},"end":{"line":17,"column":25}},"11":{"start":{"line":19,"column":6},"end":{"line":23,"column":9}},"12":{"start":{"line":27,"column":22},"end":{"line":27,"column":30}},"13":{"start":{"line":28,"column":18},"end":{"line":28,"column":58}},"14":{"start":{"line":29,"column":16},"end":{"line":29,"column":54}},"15":{"start":{"line":31,"column":19},"end":{"line":31,"column":81}},"16":{"start":{"line":33,"column":19},"end":{"line":125,"column":4}},"17":{"start":{"line":127,"column":15},"end":{"line":127,"column":17}},"18":{"start":{"line":129,"column":24},"end":{"line":129,"column":82}},"19":{"start":{"line":130,"column":23},"end":{"line":130,"column":53}},"20":{"start":{"line":131,"column":30},"end":{"line":131,"column":67}},"21":{"start":{"line":132,"column":24},"end":{"line":132,"column":55}},"22":{"start":{"line":134,"column":26},"end":{"line":139,"column":4}},"23":{"start":{"line":135,"column":4},"end":{"line":138,"column":6}},"24":{"start":{"line":141,"column":33},"end":{"line":146,"column":4}},"25":{"start":{"line":142,"column":4},"end":{"line":145,"column":6}},"26":{"start":{"line":148,"column":27},"end":{"line":154,"column":4}},"27":{"start":{"line":149,"column":4},"end":{"line":153,"column":6}},"28":{"start":{"line":156,"column":2},"end":{"line":163,"column":5}},"29":{"start":{"line":157,"column":18},"end":{"line":159,"column":5}},"30":{"start":{"line":158,"column":16},"end":{"line":158,"column":38}},"31":{"start":{"line":160,"column":4},"end":{"line":162,"column":5}},"32":{"start":{"line":161,"column":6},"end":{"line":161,"column":25}},"33":{"start":{"line":165,"column":17},"end":{"line":195,"column":4}},"34":{"start":{"line":197,"column":22},"end":{"line":202,"column":3}},"35":{"start":{"line":204,"column":2},"end":{"line":208,"column":5}},"36":{"start":{"line":211,"column":0},"end":{"line":211,"column":25}}},"fnMap":{"0":{"name":"(anonymous_0)","decl":{"start":{"line":8,"column":16},"end":{"line":8,"column":17}},"loc":{"start":{"line":8,"column":36},"end":{"line":209,"column":1}},"line":8},"1":{"name":"(anonymous_1)","decl":{"start":{"line":134,"column":43},"end":{"line":134,"column":44}},"loc":{"start":{"line":134,"column":53},"end":{"line":139,"column":3}},"line":134},"2":{"name":"(anonymous_2)","decl":{"start":{"line":141,"column":57},"end":{"line":141,"column":58}},"loc":{"start":{"line":141,"column":67},"end":{"line":146,"column":3}},"line":141},"3":{"name":"(anonymous_3)","decl":{"start":{"line":148,"column":45},"end":{"line":148,"column":46}},"loc":{"start":{"line":148,"column":55},"end":{"line":154,"column":3}},"line":148},"4":{"name":"(anonymous_4)","decl":{"start":{"line":156,"column":19},"end":{"line":156,"column":20}},"loc":{"start":{"line":156,"column":31},"end":{"line":163,"column":3}},"line":156},"5":{"name":"(anonymous_5)","decl":{"start":{"line":158,"column":6},"end":{"line":158,"column":7}},"loc":{"start":{"line":158,"column":16},"end":{"line":158,"column":38}},"line":158}},"branchMap":{"0":{"loc":{"start":{"line":15,"column":2},"end":{"line":25,"column":3}},"type":"if","locations":[{"start":{"line":15,"column":2},"end":{"line":25,"column":3}},{"start":{},"end":{}}],"line":15},"1":{"loc":{"start":{"line":16,"column":4},"end":{"line":24,"column":5}},"type":"if","locations":[{"start":{"line":16,"column":4},"end":{"line":24,"column":5}},{"start":{"line":18,"column":11},"end":{"line":24,"column":5}}],"line":16},"2":{"loc":{"start":{"line":129,"column":24},"end":{"line":129,"column":82}},"type":"cond-expr","locations":[{"start":{"line":129,"column":51},"end":{"line":129,"column":78}},{"start":{"line":129,"column":81},"end":{"line":129,"column":82}}],"line":129},"3":{"loc":{"start":{"line":130,"column":23},"end":{"line":130,"column":53}},"type":"binary-expr","locations":[{"start":{"line":130,"column":23},"end":{"line":130,"column":47}},{"start":{"line":130,"column":51},"end":{"line":130,"column":53}}],"line":130},"4":{"loc":{"start":{"line":131,"column":30},"end":{"line":131,"column":67}},"type":"binary-expr","locations":[{"start":{"line":131,"column":30},"end":{"line":131,"column":61}},{"start":{"line":131,"column":65},"end":{"line":131,"column":67}}],"line":131},"5":{"loc":{"start":{"line":132,"column":24},"end":{"line":132,"column":55}},"type":"binary-expr","locations":[{"start":{"line":132,"column":24},"end":{"line":132,"column":49}},{"start":{"line":132,"column":53},"end":{"line":132,"column":55}}],"line":132},"6":{"loc":{"start":{"line":160,"column":4},"end":{"line":162,"column":5}},"type":"if","locations":[{"start":{"line":160,"column":4},"end":{"line":162,"column":5}},{"start":{},"end":{}}],"line":160},"7":{"loc":{"start":{"line":199,"column":17},"end":{"line":199,"column":63}},"type":"cond-expr","locations":[{"start":{"line":199,"column":37},"end":{"line":199,"column":59}},{"start":{"line":199,"column":62},"end":{"line":199,"column":63}}],"line":199}},"s":{"0":26,"1":26,"2":26,"3":26,"4":26,"5":7,"6":7,"7":7,"8":7,"9":4,"10":3,"11":1,"12":6,"13":6,"14":6,"15":6,"16":6,"17":6,"18":6,"19":6,"20":6,"21":6,"22":6,"23":9,"24":6,"25":5,"26":6,"27":0,"28":6,"29":36,"30":73,"31":36,"32":9,"33":6,"34":6,"35":6,"36":26},"f":{"0":7,"1":9,"2":5,"3":0,"4":36,"5":73},"b":{"0":[4,3],"1":[3,1],"2":[6,0],"3":[6,0],"4":[6,0],"5":[6,0],"6":[9,27],"7":[4,2]},"_coverageSchema":"1a1c01bbd47fc00a2c39e90264f33305004495a9","hash":"001f4d07236524a123025b534dc2230aa38c29d7"}
,"/Users/muneeb/Desktop/SQE_Project/backend/src/controllers/appControllers/invoiceController/update.js": {"path":"/Users/muneeb/Desktop/SQE_Project/backend/src/controllers/appControllers/invoiceController/update.js","statementMap":{"0":{"start":{"line":1,"column":17},"end":{"line":1,"column":36}},"1":{"start":{"line":3,"column":14},"end":{"line":3,"column":39}},"2":{"start":{"line":5,"column":15},"end":{"line":5,"column":53}},"3":{"start":{"line":7,"column":22},"end":{"line":7,"column":42}},"4":{"start":{"line":8,"column":15},"end":{"line":8,"column":42}},"5":{"start":{"line":10,"column":15},"end":{"line":89,"column":1}},"6":{"start":{"line":11,"column":13},"end":{"line":11,"column":21}},"7":{"start":{"line":13,"column":27},"end":{"line":13,"column":48}},"8":{"start":{"line":14,"column":2},"end":{"line":21,"column":3}},"9":{"start":{"line":15,"column":24},"end":{"line":15,"column":29}},"10":{"start":{"line":16,"column":4},"end":{"line":20,"column":7}},"11":{"start":{"line":23,"column":26},"end":{"line":26,"column":4}},"12":{"start":{"line":28,"column":2},"end":{"line":34,"column":3}},"13":{"start":{"line":29,"column":4},"end":{"line":33,"column":7}},"14":{"start":{"line":36,"column":21},"end":{"line":36,"column":36}},"15":{"start":{"line":38,"column":52},"end":{"line":38,"column":60}},"16":{"start":{"line":40,"column":2},"end":{"line":46,"column":3}},"17":{"start":{"line":41,"column":4},"end":{"line":45,"column":7}},"18":{"start":{"line":49,"column":17},"end":{"line":49,"column":18}},"19":{"start":{"line":50,"column":17},"end":{"line":50,"column":18}},"20":{"start":{"line":51,"column":14},"end":{"line":51,"column":15}},"21":{"start":{"line":54,"column":2},"end":{"line":60,"column":5}},"22":{"start":{"line":55,"column":16},"end":{"line":55,"column":67}},"23":{"start":{"line":57,"column":4},"end":{"line":57,"column":46}},"24":{"start":{"line":59,"column":4},"end":{"line":59,"column":26}},"25":{"start":{"line":61,"column":2},"end":{"line":61,"column":57}},"26":{"start":{"line":62,"column":2},"end":{"line":62,"column":44}},"27":{"start":{"line":64,"column":2},"end":{"line":64,"column":30}},"28":{"start":{"line":65,"column":2},"end":{"line":65,"column":30}},"29":{"start":{"line":66,"column":2},"end":{"line":66,"column":24}},"30":{"start":{"line":67,"column":2},"end":{"line":67,"column":24}},"31":{"start":{"line":68,"column":2},"end":{"line":68,"column":52}},"32":{"start":{"line":69,"column":2},"end":{"line":71,"column":3}},"33":{"start":{"line":70,"column":4},"end":{"line":70,"column":25}},"34":{"start":{"line":75,"column":4},"end":{"line":75,"column":92}},"35":{"start":{"line":76,"column":2},"end":{"line":76,"column":40}},"36":{"start":{"line":78,"column":17},"end":{"line":80,"column":11}},"37":{"start":{"line":84,"column":2},"end":{"line":88,"column":5}},"38":{"start":{"line":91,"column":0},"end":{"line":91,"column":24}}},"fnMap":{"0":{"name":"(anonymous_0)","decl":{"start":{"line":10,"column":15},"end":{"line":10,"column":16}},"loc":{"start":{"line":10,"column":35},"end":{"line":89,"column":1}},"line":10},"1":{"name":"(anonymous_1)","decl":{"start":{"line":54,"column":12},"end":{"line":54,"column":13}},"loc":{"start":{"line":54,"column":22},"end":{"line":60,"column":3}},"line":54}},"branchMap":{"0":{"loc":{"start":{"line":14,"column":2},"end":{"line":21,"column":3}},"type":"if","locations":[{"start":{"line":14,"column":2},"end":{"line":21,"column":3}},{"start":{},"end":{}}],"line":14},"1":{"loc":{"start":{"line":28,"column":2},"end":{"line":34,"column":3}},"type":"if","locations":[{"start":{"line":28,"column":2},"end":{"line":34,"column":3}},{"start":{},"end":{}}],"line":28},"2":{"loc":{"start":{"line":38,"column":10},"end":{"line":38,"column":20}},"type":"default-arg","locations":[{"start":{"line":38,"column":18},"end":{"line":38,"column":20}}],"line":38},"3":{"loc":{"start":{"line":38,"column":22},"end":{"line":38,"column":33}},"type":"default-arg","locations":[{"start":{"line":38,"column":32},"end":{"line":38,"column":33}}],"line":38},"4":{"loc":{"start":{"line":38,"column":35},"end":{"line":38,"column":47}},"type":"default-arg","locations":[{"start":{"line":38,"column":46},"end":{"line":38,"column":47}}],"line":38},"5":{"loc":{"start":{"line":40,"column":2},"end":{"line":46,"column":3}},"type":"if","locations":[{"start":{"line":40,"column":2},"end":{"line":46,"column":3}},{"start":{},"end":{}}],"line":40},"6":{"loc":{"start":{"line":69,"column":2},"end":{"line":71,"column":3}},"type":"if","locations":[{"start":{"line":69,"column":2},"end":{"line":71,"column":3}},{"start":{},"end":{}}],"line":69},"7":{"loc":{"start":{"line":75,"column":4},"end":{"line":75,"column":92}},"type":"cond-expr","locations":[{"start":{"line":75,"column":48},"end":{"line":75,"column":54}},{"start":{"line":75,"column":57},"end":{"line":75,"column":92}}],"line":75},"8":{"loc":{"start":{"line":75,"column":57},"end":{"line":75,"column":92}},"type":"cond-expr","locations":[{"start":{"line":75,"column":70},"end":{"line":75,"column":81}},{"start":{"line":75,"column":84},"end":{"line":75,"column":92}}],"line":75}},"s":{"0":26,"1":26,"2":26,"3":26,"4":26,"5":26,"6":7,"7":7,"8":7,"9":1,"10":1,"11":6,"12":6,"13":1,"14":5,"15":5,"16":5,"17":0,"18":5,"19":5,"20":5,"21":5,"22":5,"23":5,"24":5,"25":5,"26":5,"27":5,"28":5,"29":5,"30":5,"31":5,"32":5,"33":5,"34":5,"35":5,"36":5,"37":5,"38":26},"f":{"0":7,"1":5},"b":{"0":[1,6],"1":[1,5],"2":[0],"3":[0],"4":[0],"5":[0,5],"6":[5,0],"7":[1,4],"8":[1,3]},"_coverageSchema":"1a1c01bbd47fc00a2c39e90264f33305004495a9","hash":"ba1798787837f9401afe6e5cf1288b464ba03f06"}
,"/Users/muneeb/Desktop/SQE_Project/backend/src/controllers/appControllers/paymentController/create.js": {"path":"/Users/muneeb/Desktop/SQE_Project/backend/src/controllers/appControllers/paymentController/create.js","statementMap":{"0":{"start":{"line":1,"column":17},"end":{"line":1,"column":36}},"1":{"start":{"line":3,"column":14},"end":{"line":3,"column":39}},"2":{"start":{"line":4,"column":16},"end":{"line":4,"column":41}},"3":{"start":{"line":5,"column":15},"end":{"line":5,"column":53}},"4":{"start":{"line":7,"column":22},"end":{"line":7,"column":42}},"5":{"start":{"line":9,"column":15},"end":{"line":97,"column":1}},"6":{"start":{"line":11,"column":2},"end":{"line":17,"column":3}},"7":{"start":{"line":12,"column":4},"end":{"line":16,"column":7}},"8":{"start":{"line":19,"column":25},"end":{"line":22,"column":4}},"9":{"start":{"line":24,"column":2},"end":{"line":30,"column":3}},"10":{"start":{"line":25,"column":4},"end":{"line":29,"column":7}},"11":{"start":{"line":33,"column":2},"end":{"line":35,"column":3}},"12":{"start":{"line":34,"column":4},"end":{"line":34,"column":44}},"13":{"start":{"line":41,"column":6},"end":{"line":41,"column":20}},"14":{"start":{"line":43,"column":20},"end":{"line":43,"column":97}},"15":{"start":{"line":45,"column":2},"end":{"line":51,"column":3}},"16":{"start":{"line":46,"column":4},"end":{"line":50,"column":7}},"17":{"start":{"line":52,"column":2},"end":{"line":52,"column":40}},"18":{"start":{"line":54,"column":17},"end":{"line":54,"column":45}},"19":{"start":{"line":56,"column":17},"end":{"line":56,"column":49}},"20":{"start":{"line":57,"column":21},"end":{"line":66,"column":10}},"21":{"start":{"line":69,"column":37},"end":{"line":69,"column":43}},"22":{"start":{"line":70,"column":54},"end":{"line":70,"column":68}},"23":{"start":{"line":73,"column":4},"end":{"line":77,"column":16}},"24":{"start":{"line":79,"column":24},"end":{"line":90,"column":10}},"25":{"start":{"line":92,"column":2},"end":{"line":96,"column":5}},"26":{"start":{"line":99,"column":0},"end":{"line":99,"column":24}}},"fnMap":{"0":{"name":"(anonymous_0)","decl":{"start":{"line":9,"column":15},"end":{"line":9,"column":16}},"loc":{"start":{"line":9,"column":35},"end":{"line":97,"column":1}},"line":9}},"branchMap":{"0":{"loc":{"start":{"line":11,"column":2},"end":{"line":17,"column":3}},"type":"if","locations":[{"start":{"line":11,"column":2},"end":{"line":17,"column":3}},{"start":{},"end":{}}],"line":11},"1":{"loc":{"start":{"line":24,"column":2},"end":{"line":30,"column":3}},"type":"if","locations":[{"start":{"line":24,"column":2},"end":{"line":30,"column":3}},{"start":{},"end":{}}],"line":24},"2":{"loc":{"start":{"line":33,"column":2},"end":{"line":35,"column":3}},"type":"if","locations":[{"start":{"line":33,"column":2},"end":{"line":35,"column":3}},{"start":{},"end":{}}],"line":33},"3":{"loc":{"start":{"line":33,"column":6},"end":{"line":33,"column":47}},"type":"binary-expr","locations":[{"start":{"line":33,"column":6},"end":{"line":33,"column":22}},{"start":{"line":33,"column":26},"end":{"line":33,"column":47}}],"line":33},"4":{"loc":{"start":{"line":45,"column":2},"end":{"line":51,"column":3}},"type":"if","locations":[{"start":{"line":45,"column":2},"end":{"line":51,"column":3}},{"start":{},"end":{}}],"line":45},"5":{"loc":{"start":{"line":73,"column":4},"end":{"line":77,"column":16}},"type":"cond-expr","locations":[{"start":{"line":74,"column":8},"end":{"line":74,"column":14}},{"start":{"line":75,"column":8},"end":{"line":77,"column":16}}],"line":73},"6":{"loc":{"start":{"line":75,"column":8},"end":{"line":77,"column":16}},"type":"cond-expr","locations":[{"start":{"line":76,"column":8},"end":{"line":76,"column":19}},{"start":{"line":77,"column":8},"end":{"line":77,"column":16}}],"line":75}},"s":{"0":26,"1":26,"2":26,"3":26,"4":26,"5":26,"6":5,"7":0,"8":5,"9":5,"10":1,"11":4,"12":2,"13":4,"14":4,"15":4,"16":1,"17":3,"18":3,"19":3,"20":3,"21":3,"22":3,"23":3,"24":3,"25":3,"26":26},"f":{"0":5},"b":{"0":[0,5],"1":[1,4],"2":[2,2],"3":[4,2],"4":[1,3],"5":[1,2],"6":[2,0]},"_coverageSchema":"1a1c01bbd47fc00a2c39e90264f33305004495a9","hash":"0a89914c04e32374e3e05db2ca699376669a29b9"}
,"/Users/muneeb/Desktop/SQE_Project/backend/src/controllers/appControllers/paymentController/index.js": {"path":"/Users/muneeb/Desktop/SQE_Project/backend/src/controllers/appControllers/paymentController/index.js","statementMap":{"0":{"start":{"line":1,"column":29},"end":{"line":1,"column":97}},"1":{"start":{"line":2,"column":16},"end":{"line":2,"column":47}},"2":{"start":{"line":4,"column":15},"end":{"line":4,"column":34}},"3":{"start":{"line":5,"column":16},"end":{"line":5,"column":36}},"4":{"start":{"line":6,"column":15},"end":{"line":6,"column":34}},"5":{"start":{"line":7,"column":15},"end":{"line":7,"column":34}},"6":{"start":{"line":8,"column":17},"end":{"line":8,"column":38}},"7":{"start":{"line":10,"column":0},"end":{"line":10,"column":24}},"8":{"start":{"line":11,"column":0},"end":{"line":11,"column":24}},"9":{"start":{"line":12,"column":0},"end":{"line":12,"column":24}},"10":{"start":{"line":13,"column":0},"end":{"line":13,"column":24}},"11":{"start":{"line":14,"column":0},"end":{"line":14,"column":26}},"12":{"start":{"line":16,"column":0},"end":{"line":16,"column":25}}},"fnMap":{},"branchMap":{},"s":{"0":26,"1":26,"2":26,"3":26,"4":26,"5":26,"6":26,"7":26,"8":26,"9":26,"10":26,"11":26,"12":26},"f":{},"b":{},"_coverageSchema":"1a1c01bbd47fc00a2c39e90264f33305004495a9","hash":"ca399ed75481b6b97342f42c90fa68ac6f383c4c"}
,"/Users/muneeb/Desktop/SQE_Project/backend/src/controllers/appControllers/paymentController/remove.js": {"path":"/Users/muneeb/Desktop/SQE_Project/backend/src/controllers/appControllers/paymentController/remove.js","statementMap":{"0":{"start":{"line":1,"column":17},"end":{"line":1,"column":36}},"1":{"start":{"line":3,"column":14},"end":{"line":3,"column":39}},"2":{"start":{"line":4,"column":16},"end":{"line":4,"column":41}},"3":{"start":{"line":6,"column":15},"end":{"line":66,"column":1}},"4":{"start":{"line":8,"column":26},"end":{"line":11,"column":4}},"5":{"start":{"line":13,"column":2},"end":{"line":19,"column":3}},"6":{"start":{"line":14,"column":4},"end":{"line":18,"column":7}},"7":{"start":{"line":21,"column":53},"end":{"line":21,"column":68}},"8":{"start":{"line":22,"column":69},"end":{"line":22,"column":92}},"9":{"start":{"line":25,"column":16},"end":{"line":27,"column":3}},"10":{"start":{"line":29,"column":17},"end":{"line":35,"column":10}},"11":{"start":{"line":39,"column":4},"end":{"line":43,"column":16}},"12":{"start":{"line":45,"column":24},"end":{"line":59,"column":10}},"13":{"start":{"line":61,"column":2},"end":{"line":65,"column":5}},"14":{"start":{"line":67,"column":0},"end":{"line":67,"column":24}}},"fnMap":{"0":{"name":"(anonymous_0)","decl":{"start":{"line":6,"column":15},"end":{"line":6,"column":16}},"loc":{"start":{"line":6,"column":35},"end":{"line":66,"column":1}},"line":6}},"branchMap":{"0":{"loc":{"start":{"line":13,"column":2},"end":{"line":19,"column":3}},"type":"if","locations":[{"start":{"line":13,"column":2},"end":{"line":19,"column":3}},{"start":{},"end":{}}],"line":13},"1":{"loc":{"start":{"line":39,"column":4},"end":{"line":43,"column":16}},"type":"cond-expr","locations":[{"start":{"line":40,"column":8},"end":{"line":40,"column":14}},{"start":{"line":41,"column":8},"end":{"line":43,"column":16}}],"line":39},"2":{"loc":{"start":{"line":41,"column":8},"end":{"line":43,"column":16}},"type":"cond-expr","locations":[{"start":{"line":42,"column":8},"end":{"line":42,"column":19}},{"start":{"line":43,"column":8},"end":{"line":43,"column":16}}],"line":41}},"s":{"0":26,"1":26,"2":26,"3":26,"4":4,"5":4,"6":0,"7":4,"8":4,"9":4,"10":4,"11":4,"12":4,"13":4,"14":26},"f":{"0":4},"b":{"0":[0,4],"1":[1,3],"2":[1,2]},"_coverageSchema":"1a1c01bbd47fc00a2c39e90264f33305004495a9","hash":"8a36ee543da2852b59dacb63cd34ef80bb441141"}
,"/Users/muneeb/Desktop/SQE_Project/backend/src/controllers/appControllers/paymentController/sendMail.js": {"path":"/Users/muneeb/Desktop/SQE_Project/backend/src/controllers/appControllers/paymentController/sendMail.js","statementMap":{"0":{"start":{"line":1,"column":13},"end":{"line":7,"column":1}},"1":{"start":{"line":2,"column":2},"end":{"line":6,"column":5}},"2":{"start":{"line":9,"column":0},"end":{"line":9,"column":22}}},"fnMap":{"0":{"name":"(anonymous_0)","decl":{"start":{"line":1,"column":13},"end":{"line":1,"column":14}},"loc":{"start":{"line":1,"column":33},"end":{"line":7,"column":1}},"line":1}},"branchMap":{},"s":{"0":26,"1":0,"2":26},"f":{"0":0},"b":{},"_coverageSchema":"1a1c01bbd47fc00a2c39e90264f33305004495a9","hash":"8f116fe7fc95232c6f5a3f2491d8f639639d38b5"}
,"/Users/muneeb/Desktop/SQE_Project/backend/src/controllers/appControllers/paymentController/summary.js": {"path":"/Users/muneeb/Desktop/SQE_Project/backend/src/controllers/appControllers/paymentController/summary.js","statementMap":{"0":{"start":{"line":1,"column":17},"end":{"line":1,"column":36}},"1":{"start":{"line":2,"column":15},"end":{"line":2,"column":32}},"2":{"start":{"line":4,"column":14},"end":{"line":4,"column":39}},"3":{"start":{"line":5,"column":25},"end":{"line":5,"column":58}},"4":{"start":{"line":7,"column":16},"end":{"line":67,"column":1}},"5":{"start":{"line":8,"column":20},"end":{"line":8,"column":27}},"6":{"start":{"line":10,"column":19},"end":{"line":10,"column":28}},"7":{"start":{"line":12,"column":19},"end":{"line":12,"column":39}},"8":{"start":{"line":14,"column":2},"end":{"line":24,"column":3}},"9":{"start":{"line":15,"column":4},"end":{"line":23,"column":5}},"10":{"start":{"line":16,"column":6},"end":{"line":16,"column":25}},"11":{"start":{"line":18,"column":6},"end":{"line":22,"column":9}},"12":{"start":{"line":26,"column":22},"end":{"line":26,"column":30}},"13":{"start":{"line":27,"column":18},"end":{"line":27,"column":58}},"14":{"start":{"line":28,"column":16},"end":{"line":28,"column":54}},"15":{"start":{"line":31,"column":17},"end":{"line":60,"column":4}},"16":{"start":{"line":62,"column":2},"end":{"line":66,"column":5}},"17":{"start":{"line":69,"column":0},"end":{"line":69,"column":25}}},"fnMap":{"0":{"name":"(anonymous_0)","decl":{"start":{"line":7,"column":16},"end":{"line":7,"column":17}},"loc":{"start":{"line":7,"column":36},"end":{"line":67,"column":1}},"line":7}},"branchMap":{"0":{"loc":{"start":{"line":14,"column":2},"end":{"line":24,"column":3}},"type":"if","locations":[{"start":{"line":14,"column":2},"end":{"line":24,"column":3}},{"start":{},"end":{}}],"line":14},"1":{"loc":{"start":{"line":15,"column":4},"end":{"line":23,"column":5}},"type":"if","locations":[{"start":{"line":15,"column":4},"end":{"line":23,"column":5}},{"start":{"line":17,"column":11},"end":{"line":23,"column":5}}],"line":15},"2":{"loc":{"start":{"line":64,"column":12},"end":{"line":64,"column":66}},"type":"cond-expr","locations":[{"start":{"line":64,"column":32},"end":{"line":64,"column":41}},{"start":{"line":64,"column":44},"end":{"line":64,"column":66}}],"line":64}},"s":{"0":26,"1":26,"2":26,"3":26,"4":26,"5":5,"6":5,"7":5,"8":5,"9":4,"10":3,"11":1,"12":4,"13":4,"14":4,"15":4,"16":4,"17":26},"f":{"0":5},"b":{"0":[4,1],"1":[3,1],"2":[3,1]},"_coverageSchema":"1a1c01bbd47fc00a2c39e90264f33305004495a9","hash":"b715eb91173a9838e66978b156b5a58ae2ddc6ae"}
,"/Users/muneeb/Desktop/SQE_Project/backend/src/controllers/appControllers/paymentController/update.js": {"path":"/Users/muneeb/Desktop/SQE_Project/backend/src/controllers/appControllers/paymentController/update.js","statementMap":{"0":{"start":{"line":1,"column":17},"end":{"line":1,"column":36}},"1":{"start":{"line":3,"column":14},"end":{"line":3,"column":39}},"2":{"start":{"line":4,"column":16},"end":{"line":4,"column":41}},"3":{"start":{"line":5,"column":15},"end":{"line":5,"column":53}},"4":{"start":{"line":7,"column":22},"end":{"line":7,"column":42}},"5":{"start":{"line":9,"column":15},"end":{"line":106,"column":1}},"6":{"start":{"line":10,"column":2},"end":{"line":16,"column":3}},"7":{"start":{"line":11,"column":4},"end":{"line":15,"column":7}},"8":{"start":{"line":18,"column":26},"end":{"line":21,"column":4}},"9":{"start":{"line":23,"column":2},"end":{"line":29,"column":3}},"10":{"start":{"line":24,"column":4},"end":{"line":28,"column":7}},"11":{"start":{"line":31,"column":37},"end":{"line":31,"column":52}},"12":{"start":{"line":34,"column":20},"end":{"line":34,"column":74}},"13":{"start":{"line":35,"column":25},"end":{"line":35,"column":82}},"14":{"start":{"line":37,"column":2},"end":{"line":43,"column":3}},"15":{"start":{"line":38,"column":4},"end":{"line":42,"column":7}},"16":{"start":{"line":45,"column":54},"end":{"line":45,"column":68}},"17":{"start":{"line":47,"column":36},"end":{"line":47,"column":44}},"18":{"start":{"line":49,"column":24},"end":{"line":49,"column":68}},"19":{"start":{"line":50,"column":20},"end":{"line":50,"column":81}},"20":{"start":{"line":52,"column":2},"end":{"line":59,"column":3}},"21":{"start":{"line":53,"column":4},"end":{"line":58,"column":7}},"22":{"start":{"line":62,"column":4},"end":{"line":66,"column":16}},"23":{"start":{"line":68,"column":22},"end":{"line":68,"column":32}},"24":{"start":{"line":69,"column":18},"end":{"line":77,"column":3}},"25":{"start":{"line":79,"column":17},"end":{"line":85,"column":10}},"26":{"start":{"line":87,"column":26},"end":{"line":87,"column":62}},"27":{"start":{"line":88,"column":24},"end":{"line":99,"column":10}},"28":{"start":{"line":101,"column":2},"end":{"line":105,"column":5}},"29":{"start":{"line":108,"column":0},"end":{"line":108,"column":24}}},"fnMap":{"0":{"name":"(anonymous_0)","decl":{"start":{"line":9,"column":15},"end":{"line":9,"column":16}},"loc":{"start":{"line":9,"column":35},"end":{"line":106,"column":1}},"line":9}},"branchMap":{"0":{"loc":{"start":{"line":10,"column":2},"end":{"line":16,"column":3}},"type":"if","locations":[{"start":{"line":10,"column":2},"end":{"line":16,"column":3}},{"start":{},"end":{}}],"line":10},"1":{"loc":{"start":{"line":23,"column":2},"end":{"line":29,"column":3}},"type":"if","locations":[{"start":{"line":23,"column":2},"end":{"line":29,"column":3}},{"start":{},"end":{}}],"line":23},"2":{"loc":{"start":{"line":34,"column":20},"end":{"line":34,"column":74}},"type":"binary-expr","locations":[{"start":{"line":34,"column":20},"end":{"line":34,"column":47}},{"start":{"line":34,"column":51},"end":{"line":34,"column":74}}],"line":34},"3":{"loc":{"start":{"line":37,"column":2},"end":{"line":43,"column":3}},"type":"if","locations":[{"start":{"line":37,"column":2},"end":{"line":43,"column":3}},{"start":{},"end":{}}],"line":37},"4":{"loc":{"start":{"line":52,"column":2},"end":{"line":59,"column":3}},"type":"if","locations":[{"start":{"line":52,"column":2},"end":{"line":59,"column":3}},{"start":{},"end":{}}],"line":52},"5":{"loc":{"start":{"line":62,"column":4},"end":{"line":66,"column":16}},"type":"cond-expr","locations":[{"start":{"line":63,"column":8},"end":{"line":63,"column":14}},{"start":{"line":64,"column":8},"end":{"line":66,"column":16}}],"line":62},"6":{"loc":{"start":{"line":64,"column":8},"end":{"line":66,"column":16}},"type":"cond-expr","locations":[{"start":{"line":65,"column":8},"end":{"line":65,"column":19}},{"start":{"line":66,"column":8},"end":{"line":66,"column":16}}],"line":64},"7":{"loc":{"start":{"line":87,"column":26},"end":{"line":87,"column":62}},"type":"binary-expr","locations":[{"start":{"line":87,"column":26},"end":{"line":87,"column":44}},{"start":{"line":87,"column":48},"end":{"line":87,"column":62}}],"line":87}},"s":{"0":26,"1":26,"2":26,"3":26,"4":26,"5":26,"6":7,"7":0,"8":7,"9":7,"10":1,"11":6,"12":6,"13":6,"14":6,"15":1,"16":5,"17":5,"18":5,"19":5,"20":5,"21":1,"22":4,"23":4,"24":4,"25":4,"26":4,"27":4,"28":4,"29":26},"f":{"0":7},"b":{"0":[0,7],"1":[1,6],"2":[6,0],"3":[1,5],"4":[1,4],"5":[1,3],"6":[2,1],"7":[4,0]},"_coverageSchema":"1a1c01bbd47fc00a2c39e90264f33305004495a9","hash":"534297976a13871f66bb176f5a50dece1f6f748a"}
,"/Users/muneeb/Desktop/SQE_Project/backend/src/controllers/appControllers/paymentModeController/index.js": {"path":"/Users/muneeb/Desktop/SQE_Project/backend/src/controllers/appControllers/paymentModeController/index.js","statementMap":{"0":{"start":{"line":1,"column":17},"end":{"line":1,"column":36}},"1":{"start":{"line":2,"column":14},"end":{"line":2,"column":43}},"2":{"start":{"line":3,"column":29},"end":{"line":3,"column":97}},"3":{"start":{"line":4,"column":16},"end":{"line":4,"column":51}},"4":{"start":{"line":6,"column":0},"end":{"line":6,"column":25}},"5":{"start":{"line":8,"column":0},"end":{"line":30,"column":2}},"6":{"start":{"line":9,"column":24},"end":{"line":9,"column":32}},"7":{"start":{"line":11,"column":2},"end":{"line":13,"column":3}},"8":{"start":{"line":12,"column":4},"end":{"line":12,"column":53}},"9":{"start":{"line":15,"column":23},"end":{"line":17,"column":4}},"10":{"start":{"line":19,"column":17},"end":{"line":23,"column":11}},"11":{"start":{"line":25,"column":2},"end":{"line":29,"column":5}},"12":{"start":{"line":32,"column":0},"end":{"line":38,"column":2}},"13":{"start":{"line":33,"column":2},"end":{"line":37,"column":5}},"14":{"start":{"line":40,"column":0},"end":{"line":88,"column":2}},"15":{"start":{"line":41,"column":17},"end":{"line":41,"column":27}},"16":{"start":{"line":42,"column":22},"end":{"line":45,"column":11}},"17":{"start":{"line":47,"column":2},"end":{"line":53,"column":3}},"18":{"start":{"line":48,"column":4},"end":{"line":52,"column":7}},"19":{"start":{"line":55,"column":79},"end":{"line":55,"column":87}},"20":{"start":{"line":59,"column":2},"end":{"line":61,"column":3}},"21":{"start":{"line":60,"column":4},"end":{"line":60,"column":91}},"22":{"start":{"line":64,"column":2},"end":{"line":66,"column":3}},"23":{"start":{"line":65,"column":4},"end":{"line":65,"column":71}},"24":{"start":{"line":68,"column":27},"end":{"line":68,"column":57}},"25":{"start":{"line":71,"column":2},"end":{"line":77,"column":3}},"26":{"start":{"line":72,"column":4},"end":{"line":76,"column":7}},"27":{"start":{"line":79,"column":17},"end":{"line":81,"column":4}},"28":{"start":{"line":83,"column":2},"end":{"line":87,"column":5}},"29":{"start":{"line":90,"column":0},"end":{"line":90,"column":25}}},"fnMap":{"0":{"name":"(anonymous_0)","decl":{"start":{"line":8,"column":17},"end":{"line":8,"column":18}},"loc":{"start":{"line":8,"column":37},"end":{"line":30,"column":1}},"line":8},"1":{"name":"(anonymous_1)","decl":{"start":{"line":32,"column":17},"end":{"line":32,"column":18}},"loc":{"start":{"line":32,"column":37},"end":{"line":38,"column":1}},"line":32},"2":{"name":"(anonymous_2)","decl":{"start":{"line":40,"column":17},"end":{"line":40,"column":18}},"loc":{"start":{"line":40,"column":37},"end":{"line":88,"column":1}},"line":40}},"branchMap":{"0":{"loc":{"start":{"line":11,"column":2},"end":{"line":13,"column":3}},"type":"if","locations":[{"start":{"line":11,"column":2},"end":{"line":13,"column":3}},{"start":{},"end":{}}],"line":11},"1":{"loc":{"start":{"line":22,"column":15},"end":{"line":22,"column":46}},"type":"cond-expr","locations":[{"start":{"line":22,"column":34},"end":{"line":22,"column":38}},{"start":{"line":22,"column":41},"end":{"line":22,"column":46}}],"line":22},"2":{"loc":{"start":{"line":47,"column":2},"end":{"line":53,"column":3}},"type":"if","locations":[{"start":{"line":47,"column":2},"end":{"line":53,"column":3}},{"start":{},"end":{}}],"line":47},"3":{"loc":{"start":{"line":55,"column":10},"end":{"line":55,"column":43}},"type":"default-arg","locations":[{"start":{"line":55,"column":22},"end":{"line":55,"column":43}}],"line":55},"4":{"loc":{"start":{"line":55,"column":45},"end":{"line":55,"column":74}},"type":"default-arg","locations":[{"start":{"line":55,"column":55},"end":{"line":55,"column":74}}],"line":55},"5":{"loc":{"start":{"line":59,"column":2},"end":{"line":61,"column":3}},"type":"if","locations":[{"start":{"line":59,"column":2},"end":{"line":61,"column":3}},{"start":{},"end":{}}],"line":59},"6":{"loc":{"start":{"line":59,"column":6},"end":{"line":59,"column":43}},"type":"binary-expr","locations":[{"start":{"line":59,"column":6},"end":{"line":59,"column":16}},{"start":{"line":59,"column":21},"end":{"line":59,"column":29}},{"start":{"line":59,"column":33},"end":{"line":59,"column":42}}],"line":59},"7":{"loc":{"start":{"line":64,"column":2},"end":{"line":66,"column":3}},"type":"if","locations":[{"start":{"line":64,"column":2},"end":{"line":66,"column":3}},{"start":{},"end":{}}],"line":64},"8":{"loc":{"start":{"line":64,"column":6},"end":{"line":64,"column":26}},"type":"binary-expr","locations":[{"start":{"line":64,"column":6},"end":{"line":64,"column":15}},{"start":{"line":64,"column":19},"end":{"line":64,"column":26}}],"line":64},"9":{"loc":{"start":{"line":71,"column":2},"end":{"line":77,"column":3}},"type":"if","locations":[{"start":{"line":71,"column":2},"end":{"line":77,"column":3}},{"start":{},"end":{}}],"line":71},"10":{"loc":{"start":{"line":71,"column":6},"end":{"line":71,"column":55}},"type":"binary-expr","locations":[{"start":{"line":71,"column":7},"end":{"line":71,"column":15}},{"start":{"line":71,"column":19},"end":{"line":71,"column":29}},{"start":{"line":71,"column":34},"end":{"line":71,"column":55}}],"line":71}},"s":{"0":26,"1":26,"2":26,"3":26,"4":26,"5":26,"6":2,"7":2,"8":0,"9":2,"10":2,"11":1,"12":26,"13":1,"14":26,"15":7,"16":7,"17":7,"18":1,"19":6,"20":6,"21":4,"22":6,"23":2,"24":6,"25":6,"26":2,"27":4,"28":4,"29":26},"f":{"0":2,"1":1,"2":7},"b":{"0":[0,2],"1":[2,0],"2":[1,6],"3":[0],"4":[0],"5":[4,2],"6":[6,4,2],"7":[2,4],"8":[6,4],"9":[2,4],"10":[6,4,4]},"_coverageSchema":"1a1c01bbd47fc00a2c39e90264f33305004495a9","hash":"6254e27a3382361f3b232a8ec42d3c769ee6132d"}
,"/Users/muneeb/Desktop/SQE_Project/backend/src/controllers/appControllers/quoteController/convertQuoteToInvoice.js": {"path":"/Users/muneeb/Desktop/SQE_Project/backend/src/controllers/appControllers/quoteController/convertQuoteToInvoice.js","statementMap":{"0":{"start":{"line":1,"column":30},"end":{"line":7,"column":1}},"1":{"start":{"line":2,"column":2},"end":{"line":6,"column":5}},"2":{"start":{"line":9,"column":0},"end":{"line":9,"column":39}}},"fnMap":{"0":{"name":"(anonymous_0)","decl":{"start":{"line":1,"column":30},"end":{"line":1,"column":31}},"loc":{"start":{"line":1,"column":50},"end":{"line":7,"column":1}},"line":1}},"branchMap":{},"s":{"0":26,"1":2,"2":26},"f":{"0":2},"b":{},"_coverageSchema":"1a1c01bbd47fc00a2c39e90264f33305004495a9","hash":"64d299d0edd329197a9432f52b679a100e087c37"}
,"/Users/muneeb/Desktop/SQE_Project/backend/src/controllers/appControllers/quoteController/create.js": {"path":"/Users/muneeb/Desktop/SQE_Project/backend/src/controllers/appControllers/quoteController/create.js","statementMap":{"0":{"start":{"line":1,"column":17},"end":{"line":1,"column":36}},"1":{"start":{"line":3,"column":14},"end":{"line":3,"column":37}},"2":{"start":{"line":5,"column":15},"end":{"line":5,"column":53}},"3":{"start":{"line":6,"column":33},"end":{"line":6,"column":66}},"4":{"start":{"line":7,"column":22},"end":{"line":7,"column":42}},"5":{"start":{"line":9,"column":15},"end":{"line":59,"column":1}},"6":{"start":{"line":10,"column":52},"end":{"line":10,"column":60}},"7":{"start":{"line":13,"column":17},"end":{"line":13,"column":18}},"8":{"start":{"line":14,"column":17},"end":{"line":14,"column":18}},"9":{"start":{"line":15,"column":14},"end":{"line":15,"column":15}},"10":{"start":{"line":19,"column":2},"end":{"line":25,"column":5}},"11":{"start":{"line":20,"column":16},"end":{"line":20,"column":67}},"12":{"start":{"line":22,"column":4},"end":{"line":22,"column":46}},"13":{"start":{"line":24,"column":4},"end":{"line":24,"column":26}},"14":{"start":{"line":26,"column":2},"end":{"line":26,"column":57}},"15":{"start":{"line":27,"column":2},"end":{"line":27,"column":44}},"16":{"start":{"line":29,"column":13},"end":{"line":29,"column":21}},"17":{"start":{"line":31,"column":2},"end":{"line":31,"column":30}},"18":{"start":{"line":32,"column":2},"end":{"line":32,"column":30}},"19":{"start":{"line":33,"column":2},"end":{"line":33,"column":24}},"20":{"start":{"line":34,"column":2},"end":{"line":34,"column":24}},"21":{"start":{"line":35,"column":2},"end":{"line":35,"column":36}},"22":{"start":{"line":38,"column":17},"end":{"line":38,"column":45}},"23":{"start":{"line":39,"column":17},"end":{"line":39,"column":47}},"24":{"start":{"line":40,"column":23},"end":{"line":46,"column":10}},"25":{"start":{"line":49,"column":2},"end":{"line":51,"column":5}},"26":{"start":{"line":54,"column":2},"end":{"line":58,"column":5}},"27":{"start":{"line":60,"column":0},"end":{"line":60,"column":24}}},"fnMap":{"0":{"name":"(anonymous_0)","decl":{"start":{"line":9,"column":15},"end":{"line":9,"column":16}},"loc":{"start":{"line":9,"column":35},"end":{"line":59,"column":1}},"line":9},"1":{"name":"(anonymous_1)","decl":{"start":{"line":19,"column":12},"end":{"line":19,"column":13}},"loc":{"start":{"line":19,"column":22},"end":{"line":25,"column":3}},"line":19}},"branchMap":{"0":{"loc":{"start":{"line":10,"column":10},"end":{"line":10,"column":20}},"type":"default-arg","locations":[{"start":{"line":10,"column":18},"end":{"line":10,"column":20}}],"line":10},"1":{"loc":{"start":{"line":10,"column":22},"end":{"line":10,"column":33}},"type":"default-arg","locations":[{"start":{"line":10,"column":32},"end":{"line":10,"column":33}}],"line":10},"2":{"loc":{"start":{"line":10,"column":35},"end":{"line":10,"column":47}},"type":"default-arg","locations":[{"start":{"line":10,"column":46},"end":{"line":10,"column":47}}],"line":10}},"s":{"0":26,"1":26,"2":26,"3":26,"4":26,"5":26,"6":4,"7":4,"8":4,"9":4,"10":4,"11":3,"12":3,"13":3,"14":4,"15":4,"16":4,"17":4,"18":4,"19":4,"20":4,"21":4,"22":4,"23":3,"24":3,"25":3,"26":3,"27":26},"f":{"0":4,"1":3},"b":{"0":[0],"1":[2],"2":[1]},"_coverageSchema":"1a1c01bbd47fc00a2c39e90264f33305004495a9","hash":"226cf26e1145db74653a9bd218e278fdab557cc3"}
,"/Users/muneeb/Desktop/SQE_Project/backend/src/controllers/appControllers/quoteController/index.js": {"path":"/Users/muneeb/Desktop/SQE_Project/backend/src/controllers/appControllers/quoteController/index.js","statementMap":{"0":{"start":{"line":1,"column":29},"end":{"line":1,"column":97}},"1":{"start":{"line":2,"column":16},"end":{"line":2,"column":45}},"2":{"start":{"line":4,"column":17},"end":{"line":4,"column":38}},"3":{"start":{"line":5,"column":15},"end":{"line":5,"column":34}},"4":{"start":{"line":6,"column":16},"end":{"line":6,"column":36}},"5":{"start":{"line":7,"column":15},"end":{"line":7,"column":34}},"6":{"start":{"line":8,"column":30},"end":{"line":8,"column":64}},"7":{"start":{"line":9,"column":22},"end":{"line":9,"column":48}},"8":{"start":{"line":10,"column":13},"end":{"line":10,"column":30}},"9":{"start":{"line":12,"column":0},"end":{"line":12,"column":29}},"10":{"start":{"line":13,"column":0},"end":{"line":13,"column":20}},"11":{"start":{"line":15,"column":0},"end":{"line":15,"column":24}},"12":{"start":{"line":16,"column":0},"end":{"line":16,"column":24}},"13":{"start":{"line":17,"column":0},"end":{"line":17,"column":24}},"14":{"start":{"line":18,"column":0},"end":{"line":18,"column":40}},"15":{"start":{"line":19,"column":0},"end":{"line":19,"column":26}},"16":{"start":{"line":21,"column":0},"end":{"line":21,"column":25}}},"fnMap":{},"branchMap":{},"s":{"0":26,"1":26,"2":26,"3":26,"4":26,"5":26,"6":26,"7":26,"8":26,"9":26,"10":26,"11":26,"12":26,"13":26,"14":26,"15":26,"16":26},"f":{},"b":{},"_coverageSchema":"1a1c01bbd47fc00a2c39e90264f33305004495a9","hash":"b5cd85d7a6e34ecab752c3baa57fe61ef7a4e167"}
,"/Users/muneeb/Desktop/SQE_Project/backend/src/controllers/appControllers/quoteController/paginatedList.js": {"path":"/Users/muneeb/Desktop/SQE_Project/backend/src/controllers/appControllers/quoteController/paginatedList.js","statementMap":{"0":{"start":{"line":1,"column":17},"end":{"line":1,"column":36}},"1":{"start":{"line":3,"column":14},"end":{"line":3,"column":37}},"2":{"start":{"line":5,"column":22},"end":{"line":66,"column":1}},"3":{"start":{"line":6,"column":15},"end":{"line":6,"column":34}},"4":{"start":{"line":7,"column":16},"end":{"line":7,"column":47}},"5":{"start":{"line":8,"column":15},"end":{"line":8,"column":35}},"6":{"start":{"line":11,"column":64},"end":{"line":11,"column":73}},"7":{"start":{"line":13,"column":22},"end":{"line":13,"column":73}},"8":{"start":{"line":17,"column":2},"end":{"line":17,"column":55}},"9":{"start":{"line":19,"column":2},"end":{"line":21,"column":3}},"10":{"start":{"line":20,"column":4},"end":{"line":20,"column":75}},"11":{"start":{"line":24,"column":25},"end":{"line":34,"column":11}},"12":{"start":{"line":37,"column":23},"end":{"line":42,"column":4}},"13":{"start":{"line":45,"column":26},"end":{"line":45,"column":75}},"14":{"start":{"line":47,"column":16},"end":{"line":47,"column":40}},"15":{"start":{"line":50,"column":21},"end":{"line":50,"column":43}},"16":{"start":{"line":51,"column":2},"end":{"line":65,"column":3}},"17":{"start":{"line":52,"column":4},"end":{"line":57,"column":7}},"18":{"start":{"line":59,"column":4},"end":{"line":64,"column":7}},"19":{"start":{"line":68,"column":0},"end":{"line":68,"column":31}}},"fnMap":{"0":{"name":"(anonymous_0)","decl":{"start":{"line":5,"column":22},"end":{"line":5,"column":23}},"loc":{"start":{"line":5,"column":42},"end":{"line":66,"column":1}},"line":5}},"branchMap":{"0":{"loc":{"start":{"line":6,"column":15},"end":{"line":6,"column":34}},"type":"binary-expr","locations":[{"start":{"line":6,"column":15},"end":{"line":6,"column":29}},{"start":{"line":6,"column":33},"end":{"line":6,"column":34}}],"line":6},"1":{"loc":{"start":{"line":7,"column":16},"end":{"line":7,"column":47}},"type":"binary-expr","locations":[{"start":{"line":7,"column":16},"end":{"line":7,"column":41}},{"start":{"line":7,"column":45},"end":{"line":7,"column":47}}],"line":7},"2":{"loc":{"start":{"line":11,"column":10},"end":{"line":11,"column":28}},"type":"default-arg","locations":[{"start":{"line":11,"column":19},"end":{"line":11,"column":28}}],"line":11},"3":{"loc":{"start":{"line":11,"column":30},"end":{"line":11,"column":44}},"type":"default-arg","locations":[{"start":{"line":11,"column":42},"end":{"line":11,"column":44}}],"line":11},"4":{"loc":{"start":{"line":13,"column":22},"end":{"line":13,"column":73}},"type":"cond-expr","locations":[{"start":{"line":13,"column":41},"end":{"line":13,"column":68}},{"start":{"line":13,"column":71},"end":{"line":13,"column":73}}],"line":13},"5":{"loc":{"start":{"line":17,"column":11},"end":{"line":17,"column":54}},"type":"cond-expr","locations":[{"start":{"line":17,"column":38},"end":{"line":17,"column":40}},{"start":{"line":17,"column":43},"end":{"line":17,"column":54}}],"line":17},"6":{"loc":{"start":{"line":51,"column":2},"end":{"line":65,"column":3}},"type":"if","locations":[{"start":{"line":51,"column":2},"end":{"line":65,"column":3}},{"start":{"line":58,"column":9},"end":{"line":65,"column":3}}],"line":51}},"s":{"0":26,"1":26,"2":26,"3":3,"4":3,"5":3,"6":3,"7":3,"8":3,"9":3,"10":0,"11":3,"12":3,"13":3,"14":3,"15":3,"16":3,"17":3,"18":0,"19":26},"f":{"0":3},"b":{"0":[3,1],"1":[3,1],"2":[3],"3":[3],"4":[0,3],"5":[3,0],"6":[3,0]},"_coverageSchema":"1a1c01bbd47fc00a2c39e90264f33305004495a9","hash":"e9ab14ddb0f72c1a30d1b828d809cb4b89d93f0d"}
,"/Users/muneeb/Desktop/SQE_Project/backend/src/controllers/appControllers/quoteController/read.js": {"path":"/Users/muneeb/Desktop/SQE_Project/backend/src/controllers/appControllers/quoteController/read.js","statementMap":{"0":{"start":{"line":1,"column":17},"end":{"line":1,"column":36}},"1":{"start":{"line":3,"column":14},"end":{"line":3,"column":37}},"2":{"start":{"line":5,"column":13},"end":{"line":28,"column":1}},"3":{"start":{"line":7,"column":17},"end":{"line":12,"column":11}},"4":{"start":{"line":14,"column":2},"end":{"line":27,"column":3}},"5":{"start":{"line":15,"column":4},"end":{"line":19,"column":7}},"6":{"start":{"line":22,"column":4},"end":{"line":26,"column":7}},"7":{"start":{"line":30,"column":0},"end":{"line":30,"column":22}}},"fnMap":{"0":{"name":"(anonymous_0)","decl":{"start":{"line":5,"column":13},"end":{"line":5,"column":14}},"loc":{"start":{"line":5,"column":33},"end":{"line":28,"column":1}},"line":5}},"branchMap":{"0":{"loc":{"start":{"line":14,"column":2},"end":{"line":27,"column":3}},"type":"if","locations":[{"start":{"line":14,"column":2},"end":{"line":27,"column":3}},{"start":{"line":20,"column":9},"end":{"line":27,"column":3}}],"line":14}},"s":{"0":26,"1":26,"2":26,"3":2,"4":2,"5":1,"6":1,"7":26},"f":{"0":2},"b":{"0":[1,1]},"_coverageSchema":"1a1c01bbd47fc00a2c39e90264f33305004495a9","hash":"bd879d795341bb5e4caf4fc1295ea72fb5043006"}
,"/Users/muneeb/Desktop/SQE_Project/backend/src/controllers/appControllers/quoteController/sendMail.js": {"path":"/Users/muneeb/Desktop/SQE_Project/backend/src/controllers/appControllers/quoteController/sendMail.js","statementMap":{"0":{"start":{"line":1,"column":13},"end":{"line":7,"column":1}},"1":{"start":{"line":2,"column":2},"end":{"line":6,"column":5}},"2":{"start":{"line":9,"column":0},"end":{"line":9,"column":22}}},"fnMap":{"0":{"name":"(anonymous_0)","decl":{"start":{"line":1,"column":13},"end":{"line":1,"column":14}},"loc":{"start":{"line":1,"column":33},"end":{"line":7,"column":1}},"line":1}},"branchMap":{},"s":{"0":26,"1":0,"2":26},"f":{"0":0},"b":{},"_coverageSchema":"1a1c01bbd47fc00a2c39e90264f33305004495a9","hash":"91572fa33090dbd8f3aa909af4b3dfbe423af40e"}
,"/Users/muneeb/Desktop/SQE_Project/backend/src/controllers/appControllers/quoteController/summary.js": {"path":"/Users/muneeb/Desktop/SQE_Project/backend/src/controllers/appControllers/quoteController/summary.js","statementMap":{"0":{"start":{"line":1,"column":17},"end":{"line":1,"column":36}},"1":{"start":{"line":2,"column":15},"end":{"line":2,"column":32}},"2":{"start":{"line":4,"column":14},"end":{"line":4,"column":37}},"3":{"start":{"line":5,"column":25},"end":{"line":5,"column":58}},"4":{"start":{"line":7,"column":16},"end":{"line":111,"column":1}},"5":{"start":{"line":8,"column":20},"end":{"line":8,"column":27}},"6":{"start":{"line":10,"column":19},"end":{"line":10,"column":28}},"7":{"start":{"line":12,"column":19},"end":{"line":12,"column":39}},"8":{"start":{"line":14,"column":2},"end":{"line":24,"column":3}},"9":{"start":{"line":15,"column":4},"end":{"line":23,"column":5}},"10":{"start":{"line":16,"column":6},"end":{"line":16,"column":25}},"11":{"start":{"line":18,"column":6},"end":{"line":22,"column":9}},"12":{"start":{"line":26,"column":22},"end":{"line":26,"column":30}},"13":{"start":{"line":27,"column":18},"end":{"line":27,"column":58}},"14":{"start":{"line":28,"column":16},"end":{"line":28,"column":54}},"15":{"start":{"line":30,"column":19},"end":{"line":30,"column":82}},"16":{"start":{"line":32,"column":17},"end":{"line":84,"column":4}},"17":{"start":{"line":86,"column":2},"end":{"line":96,"column":5}},"18":{"start":{"line":87,"column":18},"end":{"line":87,"column":63}},"19":{"start":{"line":87,"column":40},"end":{"line":87,"column":62}},"20":{"start":{"line":88,"column":4},"end":{"line":95,"column":5}},"21":{"start":{"line":89,"column":6},"end":{"line":94,"column":9}},"22":{"start":{"line":98,"column":16},"end":{"line":98,"column":72}},"23":{"start":{"line":98,"column":45},"end":{"line":98,"column":68}},"24":{"start":{"line":100,"column":22},"end":{"line":104,"column":3}},"25":{"start":{"line":106,"column":2},"end":{"line":110,"column":5}},"26":{"start":{"line":112,"column":0},"end":{"line":112,"column":25}}},"fnMap":{"0":{"name":"(anonymous_0)","decl":{"start":{"line":7,"column":16},"end":{"line":7,"column":17}},"loc":{"start":{"line":7,"column":36},"end":{"line":111,"column":1}},"line":7},"1":{"name":"(anonymous_1)","decl":{"start":{"line":86,"column":19},"end":{"line":86,"column":20}},"loc":{"start":{"line":86,"column":31},"end":{"line":96,"column":3}},"line":86},"2":{"name":"(anonymous_2)","decl":{"start":{"line":87,"column":30},"end":{"line":87,"column":31}},"loc":{"start":{"line":87,"column":40},"end":{"line":87,"column":62}},"line":87},"3":{"name":"(anonymous_3)","decl":{"start":{"line":98,"column":30},"end":{"line":98,"column":31}},"loc":{"start":{"line":98,"column":45},"end":{"line":98,"column":68}},"line":98}},"branchMap":{"0":{"loc":{"start":{"line":14,"column":2},"end":{"line":24,"column":3}},"type":"if","locations":[{"start":{"line":14,"column":2},"end":{"line":24,"column":3}},{"start":{},"end":{}}],"line":14},"1":{"loc":{"start":{"line":15,"column":4},"end":{"line":23,"column":5}},"type":"if","locations":[{"start":{"line":15,"column":4},"end":{"line":23,"column":5}},{"start":{"line":17,"column":11},"end":{"line":23,"column":5}}],"line":15},"2":{"loc":{"start":{"line":88,"column":4},"end":{"line":95,"column":5}},"type":"if","locations":[{"start":{"line":88,"column":4},"end":{"line":95,"column":5}},{"start":{},"end":{}}],"line":88}},"s":{"0":26,"1":26,"2":26,"3":26,"4":26,"5":4,"6":4,"7":4,"8":4,"9":3,"10":3,"11":0,"12":4,"13":4,"14":4,"15":4,"16":4,"17":4,"18":24,"19":65,"20":24,"21":19,"22":4,"23":24,"24":4,"25":4,"26":26},"f":{"0":4,"1":24,"2":65,"3":24},"b":{"0":[3,1],"1":[3,0],"2":[19,5]},"_coverageSchema":"1a1c01bbd47fc00a2c39e90264f33305004495a9","hash":"5bc5700e1091e3b64f1075973bb51860d757bd5e"}
[...]
column":8},"end":{"line":41,"column":9}},{"start":{},"end":{}}],"line":39},"8":{"loc":{"start":{"line":42,"column":13},"end":{"line":74,"column":7}},"type":"if","locations":[{"start":{"line":42,"column":13},"end":{"line":74,"column":7}},{"start":{"line":46,"column":13},"end":{"line":74,"column":7}}],"line":42},"9":{"loc":{"start":{"line":43,"column":8},"end":{"line":45,"column":9}},"type":"if","locations":[{"start":{"line":43,"column":8},"end":{"line":45,"column":9}},{"start":{},"end":{}}],"line":43},"10":{"loc":{"start":{"line":46,"column":13},"end":{"line":74,"column":7}},"type":"if","locations":[{"start":{"line":46,"column":13},"end":{"line":74,"column":7}},{"start":{"line":57,"column":13},"end":{"line":74,"column":7}}],"line":46},"11":{"loc":{"start":{"line":47,"column":8},"end":{"line":56,"column":9}},"type":"if","locations":[{"start":{"line":47,"column":8},"end":{"line":56,"column":9}},{"start":{},"end":{}}],"line":47},"12":{"loc":{"start":{"line":48,"column":10},"end":{"line":53,"column":11}},"type":"binary-expr","locations":[{"start":{"line":48,"column":10},"end":{"line":48,"column":44}},{"start":{"line":49,"column":10},"end":{"line":49,"column":63}},{"start":{"line":50,"column":10},"end":{"line":50,"column":57}},{"start":{"line":51,"column":10},"end":{"line":53,"column":11}}],"line":48},"13":{"loc":{"start":{"line":57,"column":13},"end":{"line":74,"column":7}},"type":"if","locations":[{"start":{"line":57,"column":13},"end":{"line":74,"column":7}},{"start":{"line":66,"column":13},"end":{"line":74,"column":7}}],"line":57},"14":{"loc":{"start":{"line":58,"column":8},"end":{"line":65,"column":9}},"type":"if","locations":[{"start":{"line":58,"column":8},"end":{"line":65,"column":9}},{"start":{},"end":{}}],"line":58},"15":{"loc":{"start":{"line":59,"column":10},"end":{"line":62,"column":11}},"type":"binary-expr","locations":[{"start":{"line":59,"column":10},"end":{"line":59,"column":63}},{"start":{"line":60,"column":10},"end":{"line":62,"column":11}}],"line":59},"16":{"loc":{"start":{"line":66,"column":13},"end":{"line":74,"column":7}},"type":"if","locations":[{"start":{"line":66,"column":13},"end":{"line":74,"column":7}},{"start":{},"end":{}}],"line":66},"17":{"loc":{"start":{"line":67,"column":8},"end":{"line":73,"column":9}},"type":"if","locations":[{"start":{"line":67,"column":8},"end":{"line":73,"column":9}},{"start":{},"end":{}}],"line":67},"18":{"loc":{"start":{"line":68,"column":10},"end":{"line":70,"column":58}},"type":"binary-expr","locations":[{"start":{"line":68,"column":10},"end":{"line":68,"column":54}},{"start":{"line":69,"column":10},"end":{"line":69,"column":67}},{"start":{"line":70,"column":10},"end":{"line":70,"column":58}}],"line":68},"19":{"loc":{"start":{"line":76,"column":6},"end":{"line":80,"column":7}},"type":"if","locations":[{"start":{"line":76,"column":6},"end":{"line":80,"column":7}},{"start":{"line":78,"column":13},"end":{"line":80,"column":7}}],"line":76}},"s":{"0":26,"1":52,"2":0,"3":0,"4":0,"5":0,"6":0,"7":0,"8":0,"9":0,"10":0,"11":0,"12":0,"13":0,"14":0,"15":0,"16":0,"17":0,"18":0,"19":0,"20":0,"21":0,"22":0,"23":0,"24":0,"25":0,"26":0,"27":0,"28":0,"29":0,"30":26},"f":{"0":52,"1":0},"b":{"0":[0],"1":[0,0],"2":[0,0],"3":[0,0],"4":[0,0],"5":[0,0],"6":[0,0],"7":[0,0],"8":[0,0],"9":[0,0],"10":[0,0],"11":[0,0],"12":[0,0,0,0],"13":[0,0],"14":[0,0],"15":[0,0],"16":[0,0],"17":[0,0],"18":[0,0,0],"19":[0,0]},"_coverageSchema":"1a1c01bbd47fc00a2c39e90264f33305004495a9","hash":"1396491b8eadd294c8210cf953c8689c29d3039f"}
,"/Users/muneeb/Desktop/SQE_Project/backend/src/routes/appRoutes/appApi.js": {"path":"/Users/muneeb/Desktop/SQE_Project/backend/src/routes/appRoutes/appApi.js","statementMap":{"0":{"start":{"line":1,"column":16},"end":{"line":1,"column":34}},"1":{"start":{"line":2,"column":24},"end":{"line":2,"column":59}},"2":{"start":{"line":3,"column":15},"end":{"line":3,"column":31}},"3":{"start":{"line":5,"column":23},"end":{"line":5,"column":62}},"4":{"start":{"line":6,"column":23},"end":{"line":6,"column":48}},"5":{"start":{"line":8,"column":18},"end":{"line":26,"column":1}},"6":{"start":{"line":9,"column":2},"end":{"line":9,"column":76}},"7":{"start":{"line":10,"column":2},"end":{"line":10,"column":75}},"8":{"start":{"line":11,"column":2},"end":{"line":11,"column":81}},"9":{"start":{"line":12,"column":2},"end":{"line":12,"column":82}},"10":{"start":{"line":13,"column":2},"end":{"line":13,"column":75}},"11":{"start":{"line":14,"column":2},"end":{"line":14,"column":71}},"12":{"start":{"line":15,"column":2},"end":{"line":15,"column":77}},"13":{"start":{"line":16,"column":2},"end":{"line":16,"column":75}},"14":{"start":{"line":17,"column":2},"end":{"line":17,"column":77}},"15":{"start":{"line":19,"column":2},"end":{"line":21,"column":3}},"16":{"start":{"line":20,"column":4},"end":{"line":20,"column":74}},"17":{"start":{"line":23,"column":2},"end":{"line":25,"column":3}},"18":{"start":{"line":24,"column":4},"end":{"line":24,"column":83}},"19":{"start":{"line":28,"column":0},"end":{"line":31,"column":3}},"20":{"start":{"line":29,"column":21},"end":{"line":29,"column":51}},"21":{"start":{"line":30,"column":2},"end":{"line":30,"column":32}},"22":{"start":{"line":33,"column":0},"end":{"line":33,"column":24}}},"fnMap":{"0":{"name":"(anonymous_0)","decl":{"start":{"line":8,"column":18},"end":{"line":8,"column":19}},"loc":{"start":{"line":8,"column":42},"end":{"line":26,"column":1}},"line":8},"1":{"name":"(anonymous_1)","decl":{"start":{"line":28,"column":19},"end":{"line":28,"column":20}},"loc":{"start":{"line":28,"column":51},"end":{"line":31,"column":1}},"line":28}},"branchMap":{"0":{"loc":{"start":{"line":19,"column":2},"end":{"line":21,"column":3}},"type":"if","locations":[{"start":{"line":19,"column":2},"end":{"line":21,"column":3}},{"start":{},"end":{}}],"line":19},"1":{"loc":{"start":{"line":19,"column":6},"end":{"line":19,"column":72}},"type":"binary-expr","locations":[{"start":{"line":19,"column":6},"end":{"line":19,"column":26}},{"start":{"line":19,"column":30},"end":{"line":19,"column":48}},{"start":{"line":19,"column":52},"end":{"line":19,"column":72}}],"line":19},"2":{"loc":{"start":{"line":23,"column":2},"end":{"line":25,"column":3}},"type":"if","locations":[{"start":{"line":23,"column":2},"end":{"line":25,"column":3}},{"start":{},"end":{}}],"line":23}},"s":{"0":26,"1":26,"2":26,"3":26,"4":26,"5":26,"6":156,"7":156,"8":156,"9":156,"10":156,"11":156,"12":156,"13":156,"14":156,"15":156,"16":78,"17":156,"18":26,"19":26,"20":156,"21":156,"22":26},"f":{"0":156,"1":156},"b":{"0":[78,78],"1":[156,130,104],"2":[26,130]},"_coverageSchema":"1a1c01bbd47fc00a2c39e90264f33305004495a9","hash":"beeff08cb5ecee8afcd8f9202d4277db8a6f3d2d"}
,"/Users/muneeb/Desktop/SQE_Project/backend/src/routes/coreRoutes/coreApi.js": {"path":"/Users/muneeb/Desktop/SQE_Project/backend/src/routes/coreRoutes/coreApi.js","statementMap":{"0":{"start":{"line":1,"column":16},"end":{"line":1,"column":34}},"1":{"start":{"line":3,"column":24},"end":{"line":3,"column":59}},"2":{"start":{"line":5,"column":15},"end":{"line":5,"column":31}},"3":{"start":{"line":7,"column":24},"end":{"line":7,"column":80}},"4":{"start":{"line":8,"column":26},"end":{"line":8,"column":84}},"5":{"start":{"line":10,"column":32},"end":{"line":10,"column":73}},"6":{"start":{"line":14,"column":0},"end":{"line":14,"column":71}},"7":{"start":{"line":16,"column":0},"end":{"line":16,"column":94}},"8":{"start":{"line":20,"column":0},"end":{"line":20,"column":98}},"9":{"start":{"line":21,"column":0},"end":{"line":26,"column":4}},"10":{"start":{"line":30,"column":0},"end":{"line":30,"column":76}},"11":{"start":{"line":31,"column":0},"end":{"line":31,"column":75}},"12":{"start":{"line":32,"column":0},"end":{"line":32,"column":81}},"13":{"start":{"line":34,"column":0},"end":{"line":34,"column":75}},"14":{"start":{"line":35,"column":0},"end":{"line":35,"column":71}},"15":{"start":{"line":36,"column":0},"end":{"line":36,"column":77}},"16":{"start":{"line":37,"column":0},"end":{"line":37,"column":75}},"17":{"start":{"line":38,"column":0},"end":{"line":40,"column":56}},"18":{"start":{"line":41,"column":0},"end":{"line":41,"column":95}},"19":{"start":{"line":42,"column":0},"end":{"line":44,"column":60}},"20":{"start":{"line":45,"column":0},"end":{"line":52,"column":4}},"21":{"start":{"line":53,"column":0},"end":{"line":53,"column":99}},"22":{"start":{"line":54,"column":0},"end":{"line":54,"column":24}}},"fnMap":{},"branchMap":{},"s":{"0":26,"1":26,"2":26,"3":26,"4":26,"5":26,"6":26,"7":26,"8":26,"9":26,"10":26,"11":26,"12":26,"13":26,"14":26,"15":26,"16":26,"17":26,"18":26,"19":26,"20":26,"21":26,"22":26},"f":{},"b":{},"_coverageSchema":"1a1c01bbd47fc00a2c39e90264f33305004495a9","hash":"a4d68d6fabdf7855597cb28a1e12f9d935294564"}
,"/Users/muneeb/Desktop/SQE_Project/backend/src/routes/coreRoutes/coreAuth.js": {"path":"/Users/muneeb/Desktop/SQE_Project/backend/src/routes/coreRoutes/coreAuth.js","statementMap":{"0":{"start":{"line":1,"column":16},"end":{"line":1,"column":34}},"1":{"start":{"line":3,"column":15},"end":{"line":3,"column":31}},"2":{"start":{"line":5,"column":24},"end":{"line":5,"column":59}},"3":{"start":{"line":6,"column":18},"end":{"line":6,"column":68}},"4":{"start":{"line":8,"column":0},"end":{"line":8,"column":58}},"5":{"start":{"line":10,"column":0},"end":{"line":10,"column":76}},"6":{"start":{"line":11,"column":0},"end":{"line":11,"column":74}},"7":{"start":{"line":13,"column":0},"end":{"line":13,"column":88}},"8":{"start":{"line":15,"column":0},"end":{"line":15,"column":24}}},"fnMap":{},"branchMap":{},"s":{"0":26,"1":26,"2":26,"3":26,"4":26,"5":26,"6":26,"7":26,"8":26},"f":{},"b":{},"_coverageSchema":"1a1c01bbd47fc00a2c39e90264f33305004495a9","hash":"846b6038323d260e5afa7e1fe2f7e0fe9187f529"}
,"/Users/muneeb/Desktop/SQE_Project/backend/src/routes/coreRoutes/coreDownloadRouter.js": {"path":"/Users/muneeb/Desktop/SQE_Project/backend/src/routes/coreRoutes/coreDownloadRouter.js","statementMap":{"0":{"start":{"line":1,"column":20},"end":{"line":1,"column":69}},"1":{"start":{"line":2,"column":16},"end":{"line":2,"column":34}},"2":{"start":{"line":4,"column":15},"end":{"line":4,"column":31}},"3":{"start":{"line":6,"column":0},"end":{"line":19,"column":3}},"4":{"start":{"line":7,"column":2},"end":{"line":18,"column":3}},"5":{"start":{"line":8,"column":32},"end":{"line":8,"column":42}},"6":{"start":{"line":9,"column":15},"end":{"line":9,"column":60}},"7":{"start":{"line":10,"column":4},"end":{"line":10,"column":45}},"8":{"start":{"line":12,"column":4},"end":{"line":17,"column":7}},"9":{"start":{"line":21,"column":0},"end":{"line":21,"column":24}}},"fnMap":{"0":{"name":"(anonymous_0)","decl":{"start":{"line":6,"column":38},"end":{"line":6,"column":39}},"loc":{"start":{"line":6,"column":58},"end":{"line":19,"column":1}},"line":6}},"branchMap":{},"s":{"0":26,"1":26,"2":26,"3":26,"4":0,"5":0,"6":0,"7":0,"8":0,"9":26},"f":{"0":0},"b":{},"_coverageSchema":"1a1c01bbd47fc00a2c39e90264f33305004495a9","hash":"dd16dfc4efa84fac2071e7b45786525353497dab"}
,"/Users/muneeb/Desktop/SQE_Project/backend/src/routes/coreRoutes/corePublicRouter.js": {"path":"/Users/muneeb/Desktop/SQE_Project/backend/src/routes/coreRoutes/corePublicRouter.js","statementMap":{"0":{"start":{"line":1,"column":16},"end":{"line":1,"column":34}},"1":{"start":{"line":2,"column":15},"end":{"line":2,"column":31}},"2":{"start":{"line":4,"column":13},"end":{"line":4,"column":28}},"3":{"start":{"line":5,"column":25},"end":{"line":5,"column":62}},"4":{"start":{"line":7,"column":0},"end":{"line":48,"column":3}},"5":{"start":{"line":8,"column":2},"end":{"line":47,"column":3}},"6":{"start":{"line":9,"column":41},"end":{"line":9,"column":51}},"7":{"start":{"line":12,"column":27},"end":{"line":12,"column":54}},"8":{"start":{"line":13,"column":29},"end":{"line":13,"column":58}},"9":{"start":{"line":14,"column":24},"end":{"line":14,"column":48}},"10":{"start":{"line":17,"column":20},"end":{"line":17,"column":56}},"11":{"start":{"line":20,"column":25},"end":{"line":20,"column":81}},"12":{"start":{"line":21,"column":25},"end":{"line":21,"column":57}},"13":{"start":{"line":24,"column":4},"end":{"line":29,"column":5}},"14":{"start":{"line":25,"column":6},"end":{"line":28,"column":9}},"15":{"start":{"line":31,"column":4},"end":{"line":39,"column":7}},"16":{"start":{"line":32,"column":6},"end":{"line":38,"column":7}},"17":{"start":{"line":33,"column":8},"end":{"line":37,"column":11}},"18":{"start":{"line":41,"column":4},"end":{"line":46,"column":7}},"19":{"start":{"line":50,"column":0},"end":{"line":50,"column":24}}},"fnMap":{"0":{"name":"(anonymous_0)","decl":{"start":{"line":7,"column":47},"end":{"line":7,"column":48}},"loc":{"start":{"line":7,"column":67},"end":{"line":48,"column":1}},"line":7},"1":{"name":"(anonymous_1)","decl":{"start":{"line":31,"column":38},"end":{"line":31,"column":39}},"loc":{"start":{"line":31,"column":49},"end":{"line":39,"column":5}},"line":31}},"branchMap":{"0":{"loc":{"start":{"line":24,"column":4},"end":{"line":29,"column":5}},"type":"if","locations":[{"start":{"line":24,"column":4},"end":{"line":29,"column":5}},{"start":{},"end":{}}],"line":24},"1":{"loc":{"start":{"line":32,"column":6},"end":{"line":38,"column":7}},"type":"if","locations":[{"start":{"line":32,"column":6},"end":{"line":38,"column":7}},{"start":{},"end":{}}],"line":32}},"s":{"0":26,"1":26,"2":26,"3":26,"4":26,"5":0,"6":0,"7":0,"8":0,"9":0,"10":0,"11":0,"12":0,"13":0,"14":0,"15":0,"16":0,"17":0,"18":0,"19":26},"f":{"0":0,"1":0},"b":{"0":[0,0],"1":[0,0]},"_coverageSchema":"1a1c01bbd47fc00a2c39e90264f33305004495a9","hash":"9c1a4929ec0557a66044470c5a78792123e91aab"}
,"/Users/muneeb/Desktop/SQE_Project/backend/src/settings/index.js": {"path":"/Users/muneeb/Desktop/SQE_Project/backend/src/settings/index.js","statementMap":{"0":{"start":{"line":1,"column":16},"end":{"line":1,"column":36}},"1":{"start":{"line":2,"column":17},"end":{"line":2,"column":38}},"2":{"start":{"line":3,"column":23},"end":{"line":3,"column":50}},"3":{"start":{"line":5,"column":0},"end":{"line":9,"column":2}}},"fnMap":{},"branchMap":{},"s":{"0":26,"1":26,"2":26,"3":26},"f":{},"b":{},"_coverageSchema":"1a1c01bbd47fc00a2c39e90264f33305004495a9","hash":"8cffbfc36bc01450314debd0fc9f55d03a4209eb"}
,"/Users/muneeb/Desktop/SQE_Project/backend/src/settings/useAppSettings.js": {"path":"/Users/muneeb/Desktop/SQE_Project/backend/src/settings/useAppSettings.js","statementMap":{"0":{"start":{"line":1,"column":23},"end":{"line":6,"column":1}},"1":{"start":{"line":2,"column":17},"end":{"line":2,"column":19}},"2":{"start":{"line":3,"column":2},"end":{"line":3,"column":57}},"3":{"start":{"line":4,"column":2},"end":{"line":4,"column":62}},"4":{"start":{"line":5,"column":2},"end":{"line":5,"column":18}},"5":{"start":{"line":8,"column":0},"end":{"line":8,"column":32}}},"fnMap":{"0":{"name":"(anonymous_0)","decl":{"start":{"line":1,"column":23},"end":{"line":1,"column":24}},"loc":{"start":{"line":1,"column":29},"end":{"line":6,"column":1}},"line":1}},"branchMap":{},"s":{"0":26,"1":1,"2":1,"3":1,"4":1,"5":26},"f":{"0":1},"b":{},"_coverageSchema":"1a1c01bbd47fc00a2c39e90264f33305004495a9","hash":"f6856b6878f27b8a02d37a7306a6dfbbb1b4b9bf"}
,"/Users/muneeb/Desktop/SQE_Project/backend/src/settings/useDate.js": {"path":"/Users/muneeb/Desktop/SQE_Project/backend/src/settings/useDate.js","statementMap":{"0":{"start":{"line":1,"column":16},"end":{"line":9,"column":1}},"1":{"start":{"line":2,"column":37},"end":{"line":2,"column":45}},"2":{"start":{"line":4,"column":21},"end":{"line":4,"column":43}},"3":{"start":{"line":6,"column":2},"end":{"line":8,"column":4}},"4":{"start":{"line":11,"column":0},"end":{"line":11,"column":25}}},"fnMap":{"0":{"name":"(anonymous_0)","decl":{"start":{"line":1,"column":16},"end":{"line":1,"column":17}},"loc":{"start":{"line":1,"column":34},"end":{"line":9,"column":1}},"line":1}},"branchMap":{},"s":{"0":26,"1":0,"2":0,"3":0,"4":26},"f":{"0":0},"b":{},"_coverageSchema":"1a1c01bbd47fc00a2c39e90264f33305004495a9","hash":"c4a1942d3d05496447fb7abe717f64df22bf975c"}
,"/Users/muneeb/Desktop/SQE_Project/backend/src/settings/useMoney.js": {"path":"/Users/muneeb/Desktop/SQE_Project/backend/src/settings/useMoney.js","statementMap":{"0":{"start":{"line":1,"column":17},"end":{"line":1,"column":39}},"1":{"start":{"line":3,"column":17},"end":{"line":50,"column":1}},"2":{"start":{"line":11,"column":6},"end":{"line":11,"column":14}},"3":{"start":{"line":14,"column":4},"end":{"line":27,"column":22}},"4":{"start":{"line":31,"column":4},"end":{"line":33,"column":55}},"5":{"start":{"line":37,"column":4},"end":{"line":37,"column":34}},"6":{"start":{"line":40,"column":2},"end":{"line":49,"column":4}},"7":{"start":{"line":52,"column":0},"end":{"line":52,"column":26}}},"fnMap":{"0":{"name":"(anonymous_0)","decl":{"start":{"line":3,"column":17},"end":{"line":3,"column":18}},"loc":{"start":{"line":3,"column":35},"end":{"line":50,"column":1}},"line":3},"1":{"name":"currencyFormat","decl":{"start":{"line":13,"column":11},"end":{"line":13,"column":25}},"loc":{"start":{"line":13,"column":34},"end":{"line":28,"column":3}},"line":13},"2":{"name":"moneyFormatter","decl":{"start":{"line":30,"column":11},"end":{"line":30,"column":25}},"loc":{"start":{"line":30,"column":42},"end":{"line":34,"column":3}},"line":30},"3":{"name":"amountFormatter","decl":{"start":{"line":36,"column":11},"end":{"line":36,"column":26}},"loc":{"start":{"line":36,"column":43},"end":{"line":38,"column":3}},"line":36}},"branchMap":{"0":{"loc":{"start":{"line":14,"column":11},"end":{"line":27,"column":21}},"type":"cond-expr","locations":[{"start":{"line":15,"column":8},"end":{"line":20,"column":19}},{"start":{"line":21,"column":8},"end":{"line":27,"column":21}}],"line":14},"1":{"loc":{"start":{"line":14,"column":11},"end":{"line":14,"column":57}},"type":"binary-expr","locations":[{"start":{"line":14,"column":11},"end":{"line":14,"column":41}},{"start":{"line":14,"column":45},"end":{"line":14,"column":57}}],"line":14},"2":{"loc":{"start":{"line":30,"column":28},"end":{"line":30,"column":38}},"type":"default-arg","locations":[{"start":{"line":30,"column":37},"end":{"line":30,"column":38}}],"line":30},"3":{"loc":{"start":{"line":31,"column":11},"end":{"line":33,"column":54}},"type":"cond-expr","locations":[{"start":{"line":32,"column":8},"end":{"line":32,"column":54}},{"start":{"line":33,"column":8},"end":{"line":33,"column":54}}],"line":31},"4":{"loc":{"start":{"line":36,"column":29},"end":{"line":36,"column":39}},"type":"default-arg","locations":[{"start":{"line":36,"column":38},"end":{"line":36,"column":39}}],"line":36}},"s":{"0":26,"1":26,"2":0,"3":0,"4":0,"5":0,"6":0,"7":26},"f":{"0":0,"1":0,"2":0,"3":0},"b":{"0":[0,0],"1":[0,0],"2":[0],"3":[0,0],"4":[0]},"_coverageSchema":"1a1c01bbd47fc00a2c39e90264f33305004495a9","hash":"48422878ba930eb22f4c6ffaca0eb4b6f20617c7"}
,"/Users/muneeb/Desktop/SQE_Project/backend/src/utils/is-path-inside.js": {"path":"/Users/muneeb/Desktop/SQE_Project/backend/src/utils/is-path-inside.js","statementMap":{"0":{"start":{"line":1,"column":13},"end":{"line":1,"column":28}},"1":{"start":{"line":5,"column":0},"end":{"line":14,"column":2}},"2":{"start":{"line":6,"column":19},"end":{"line":6,"column":55}},"3":{"start":{"line":8,"column":2},"end":{"line":13,"column":4}}},"fnMap":{"0":{"name":"(anonymous_0)","decl":{"start":{"line":5,"column":23},"end":{"line":5,"column":24}},"loc":{"start":{"line":5,"column":50},"end":{"line":14,"column":1}},"line":5}},"branchMap":{"0":{"loc":{"start":{"line":9,"column":4},"end":{"line":12,"column":42}},"type":"binary-expr","locations":[{"start":{"line":9,"column":4},"end":{"line":9,"column":12}},{"start":{"line":10,"column":6},"end":{"line":10,"column":23}},{"start":{"line":11,"column":6},"end":{"line":11,"column":43}},{"start":{"line":12,"column":6},"end":{"line":12,"column":42}}],"line":9}},"s":{"0":26,"1":26,"2":0,"3":0},"f":{"0":0},"b":{"0":[0,0,0,0]},"_coverageSchema":"1a1c01bbd47fc00a2c39e90264f33305004495a9","hash":"039d11e783d58870c64548d41379498ea4678c62"}
}
