{"/Users/muneeb/Desktop/SQE_Project/backend/src/helpers.js": {"path":"/Users/muneeb/Desktop/SQE_Project/backend/src/helpers.js","statementMap":{"0":{"start":{"line":6,"column":11},"end":{"line":6,"column":24}},"1":{"start":{"line":8,"column":17},"end":{"line":8,"column":39}},"2":{"start":{"line":11,"column":0},"end":{"line":11,"column":35}},"3":{"start":{"line":16,"column":0},"end":{"line":22,"column":2}},"4":{"start":{"line":17,"column":2},"end":{"line":21,"column":3}},"5":{"start":{"line":18,"column":4},"end":{"line":18,"column":64}},"6":{"start":{"line":20,"column":4},"end":{"line":20,"column":16}},"7":{"start":{"line":24,"column":0},"end":{"line":24,"column":80}},"8":{"start":{"line":24,"column":26},"end":{"line":24,"column":79}},"9":{"start":{"line":27,"column":0},"end":{"line":27,"column":53}},"10":{"start":{"line":29,"column":0},"end":{"line":45,"column":2}},"11":{"start":{"line":30,"column":2},"end":{"line":32,"column":3}},"12":{"start":{"line":31,"column":4},"end":{"line":31,"column":21}},"13":{"start":{"line":34,"column":2},"end":{"line":36,"column":3}},"14":{"start":{"line":35,"column":4},"end":{"line":35,"column":18}},"15":{"start":{"line":37,"column":2},"end":{"line":37,"column":42}},"16":{"start":{"line":39,"column":16},"end":{"line":39,"column":18}},"17":{"start":{"line":40,"column":2},"end":{"line":43,"column":3}},"18":{"start":{"line":41,"column":4},"end":{"line":41,"column":45}},"19":{"start":{"line":42,"column":4},"end":{"line":42,"column":51}},"20":{"start":{"line":44,"column":2},"end":{"line":44,"column":15}},"21":{"start":{"line":47,"column":0},"end":{"line":60,"column":2}},"22":{"start":{"line":49,"column":4},"end":{"line":49,"column":55}},"23":{"start":{"line":52,"column":4},"end":{"line":52,"column":60}},"24":{"start":{"line":55,"column":4},"end":{"line":55,"column":60}},"25":{"start":{"line":58,"column":4},"end":{"line":58,"column":58}}},"fnMap":{"0":{"name":"(anonymous_0)","decl":{"start":{"line":16,"column":15},"end":{"line":16,"column":16}},"loc":{"start":{"line":16,"column":25},"end":{"line":22,"column":1}},"line":16},"1":{"name":"(anonymous_1)","decl":{"start":{"line":24,"column":16},"end":{"line":24,"column":17}},"loc":{"start":{"line":24,"column":26},"end":{"line":24,"column":79}},"line":24},"2":{"name":"(anonymous_2)","decl":{"start":{"line":29,"column":20},"end":{"line":29,"column":21}},"loc":{"start":{"line":29,"column":54},"end":{"line":45,"column":1}},"line":29},"3":{"name":"(anonymous_3)","decl":{"start":{"line":48,"column":7},"end":{"line":48,"column":8}},"loc":{"start":{"line":48,"column":36},"end":{"line":50,"column":3}},"line":48},"4":{"name":"(anonymous_4)","decl":{"start":{"line":51,"column":7},"end":{"line":51,"column":8}},"loc":{"start":{"line":51,"column":36},"end":{"line":53,"column":3}},"line":51},"5":{"name":"(anonymous_5)","decl":{"start":{"line":54,"column":12},"end":{"line":54,"column":13}},"loc":{"start":{"line":54,"column":41},"end":{"line":56,"column":3}},"line":54},"6":{"name":"(anonymous_6)","decl":{"start":{"line":57,"column":10},"end":{"line":57,"column":11}},"loc":{"start":{"line":57,"column":39},"end":{"line":59,"column":3}},"line":57}},"branchMap":{"0":{"loc":{"start":{"line":30,"column":2},"end":{"line":32,"column":3}},"type":"if","locations":[{"start":{"line":30,"column":2},"end":{"line":32,"column":3}},{"start":{},"end":{}}],"line":30},"1":{"loc":{"start":{"line":34,"column":2},"end":{"line":36,"column":3}},"type":"if","locations":[{"start":{"line":34,"column":2},"end":{"line":36,"column":3}},{"start":{},"end":{}}],"line":34},"2":{"loc":{"start":{"line":37,"column":13},"end":{"line":37,"column":41}},"type":"cond-expr","locations":[{"start":{"line":37,"column":28},"end":{"line":37,"column":36}},{"start":{"line":37,"column":39},"end":{"line":37,"column":41}}],"line":37}},"s":{"0":17,"1":17,"2":17,"3":17,"4":2,"5":2,"6":2,"7":17,"8":1,"9":17,"10":17,"11":0,"12":0,"13":0,"14":0,"15":0,"16":0,"17":0,"18":0,"19":0,"20":0,"21":17,"22":91,"23":34,"24":91,"25":3},"f":{"0":2,"1":1,"2":0,"3":91,"4":34,"5":91,"6":3},"b":{"0":[0,0],"1":[0,0],"2":[0,0]},"_coverageSchema":"1a1c01bbd47fc00a2c39e90264f33305004495a9","hash":"cbdb341f63281adf74e7bc26ab3f16be4a376fbd"}
,"/Users/muneeb/Desktop/SQE_Project/backend/src/controllers/appControllers/clientController/summary.js": {"path":"/Users/muneeb/Desktop/SQE_Project/backend/src/controllers/appControllers/clientController/summary.js","statementMap":{"0":{"start":{"line":1,"column":17},"end":{"line":1,"column":36}},"1":{"start":{"line":2,"column":15},"end":{"line":2,"column":32}},"2":{"start":{"line":4,"column":21},"end":{"line":4,"column":46}},"3":{"start":{"line":6,"column":16},"end":{"line":95,"column":1}},"4":{"start":{"line":7,"column":20},"end":{"line":7,"column":27}},"5":{"start":{"line":8,"column":19},"end":{"line":8,"column":28}},"6":{"start":{"line":10,"column":2},"end":{"line":18,"column":3}},"7":{"start":{"line":11,"column":4},"end":{"line":11,"column":23}},"8":{"start":{"line":12,"column":9},"end":{"line":18,"column":3}},"9":{"start":{"line":13,"column":4},"end":{"line":17,"column":7}},"10":{"start":{"line":20,"column":22},"end":{"line":20,"column":30}},"11":{"start":{"line":21,"column":18},"end":{"line":21,"column":58}},"12":{"start":{"line":22,"column":16},"end":{"line":22,"column":54}},"13":{"start":{"line":24,"column":19},"end":{"line":75,"column":3}},"14":{"start":{"line":77,"column":28},"end":{"line":77,"column":59}},"15":{"start":{"line":79,"column":17},"end":{"line":79,"column":37}},"16":{"start":{"line":80,"column":23},"end":{"line":80,"column":80}},"17":{"start":{"line":81,"column":26},"end":{"line":81,"column":79}},"18":{"start":{"line":82,"column":24},"end":{"line":82,"column":83}},"19":{"start":{"line":84,"column":39},"end":{"line":84,"column":98}},"20":{"start":{"line":85,"column":36},"end":{"line":85,"column":97}},"21":{"start":{"line":87,"column":2},"end":{"line":94,"column":5}},"22":{"start":{"line":97,"column":0},"end":{"line":97,"column":25}}},"fnMap":{"0":{"name":"(anonymous_0)","decl":{"start":{"line":6,"column":16},"end":{"line":6,"column":17}},"loc":{"start":{"line":6,"column":43},"end":{"line":95,"column":1}},"line":6}},"branchMap":{"0":{"loc":{"start":{"line":10,"column":2},"end":{"line":18,"column":3}},"type":"if","locations":[{"start":{"line":10,"column":2},"end":{"line":18,"column":3}},{"start":{"line":12,"column":9},"end":{"line":18,"column":3}}],"line":10},"1":{"loc":{"start":{"line":10,"column":6},"end":{"line":10,"column":54}},"type":"binary-expr","locations":[{"start":{"line":10,"column":6},"end":{"line":10,"column":10}},{"start":{"line":10,"column":14},"end":{"line":10,"column":54}}],"line":10},"2":{"loc":{"start":{"line":12,"column":9},"end":{"line":18,"column":3}},"type":"if","locations":[{"start":{"line":12,"column":9},"end":{"line":18,"column":3}},{"start":{},"end":{}}],"line":12},"3":{"loc":{"start":{"line":80,"column":23},"end":{"line":80,"column":80}},"type":"cond-expr","locations":[{"start":{"line":80,"column":48},"end":{"line":80,"column":76}},{"start":{"line":80,"column":79},"end":{"line":80,"column":80}}],"line":80},"4":{"loc":{"start":{"line":81,"column":26},"end":{"line":81,"column":79}},"type":"cond-expr","locations":[{"start":{"line":81,"column":49},"end":{"line":81,"column":75}},{"start":{"line":81,"column":78},"end":{"line":81,"column":79}}],"line":81},"5":{"loc":{"start":{"line":82,"column":24},"end":{"line":82,"column":83}},"type":"cond-expr","locations":[{"start":{"line":82,"column":50},"end":{"line":82,"column":79}},{"start":{"line":82,"column":82},"end":{"line":82,"column":83}}],"line":82},"6":{"loc":{"start":{"line":84,"column":39},"end":{"line":84,"column":98}},"type":"cond-expr","locations":[{"start":{"line":84,"column":58},"end":{"line":84,"column":94}},{"start":{"line":84,"column":97},"end":{"line":84,"column":98}}],"line":84},"7":{"loc":{"start":{"line":85,"column":36},"end":{"line":85,"column":97}},"type":"cond-expr","locations":[{"start":{"line":85,"column":55},"end":{"line":85,"column":93}},{"start":{"line":85,"column":96},"end":{"line":85,"column":97}}],"line":85}},"s":{"0":1,"1":1,"2":1,"3":1,"4":2,"5":2,"6":2,"7":1,"8":1,"9":0,"10":2,"11":2,"12":2,"13":2,"14":2,"15":2,"16":2,"17":2,"18":2,"19":2,"20":2,"21":2,"22":1},"f":{"0":2},"b":{"0":[1,1],"1":[2,1],"2":[0,1],"3":[2,0],"4":[2,0],"5":[1,1],"6":[2,0],"7":[2,0]},"_coverageSchema":"1a1c01bbd47fc00a2c39e90264f33305004495a9","hash":"abfcd90b0268f74dff867a5836849043286b7d48"}
,"/Users/muneeb/Desktop/SQE_Project/backend/src/controllers/appControllers/invoiceController/create.js": {"path":"/Users/muneeb/Desktop/SQE_Project/backend/src/controllers/appControllers/invoiceController/create.js","statementMap":{"0":{"start":{"line":1,"column":17},"end":{"line":1,"column":36}},"1":{"start":{"line":3,"column":14},"end":{"line":3,"column":39}},"2":{"start":{"line":5,"column":22},"end":{"line":5,"column":42}},"3":{"start":{"line":6,"column":33},"end":{"line":6,"column":66}},"4":{"start":{"line":7,"column":15},"end":{"line":7,"column":42}},"5":{"start":{"line":9,"column":15},"end":{"line":72,"column":1}},"6":{"start":{"line":10,"column":13},"end":{"line":10,"column":21}},"7":{"start":{"line":12,"column":27},"end":{"line":12,"column":48}},"8":{"start":{"line":13,"column":2},"end":{"line":20,"column":3}},"9":{"start":{"line":14,"column":24},"end":{"line":14,"column":29}},"10":{"start":{"line":15,"column":4},"end":{"line":19,"column":7}},"11":{"start":{"line":22,"column":52},"end":{"line":22,"column":57}},"12":{"start":{"line":25,"column":17},"end":{"line":25,"column":18}},"13":{"start":{"line":26,"column":17},"end":{"line":26,"column":18}},"14":{"start":{"line":27,"column":14},"end":{"line":27,"column":15}},"15":{"start":{"line":30,"column":2},"end":{"line":36,"column":5}},"16":{"start":{"line":31,"column":16},"end":{"line":31,"column":67}},"17":{"start":{"line":33,"column":4},"end":{"line":33,"column":46}},"18":{"start":{"line":35,"column":4},"end":{"line":35,"column":26}},"19":{"start":{"line":37,"column":2},"end":{"line":37,"column":57}},"20":{"start":{"line":38,"column":2},"end":{"line":38,"column":44}},"21":{"start":{"line":40,"column":2},"end":{"line":40,"column":30}},"22":{"start":{"line":41,"column":2},"end":{"line":41,"column":30}},"23":{"start":{"line":42,"column":2},"end":{"line":42,"column":24}},"24":{"start":{"line":43,"column":2},"end":{"line":43,"column":24}},"25":{"start":{"line":45,"column":22},"end":{"line":45,"column":78}},"26":{"start":{"line":47,"column":2},"end":{"line":47,"column":40}},"27":{"start":{"line":48,"column":2},"end":{"line":48,"column":36}},"28":{"start":{"line":51,"column":17},"end":{"line":51,"column":45}},"29":{"start":{"line":52,"column":17},"end":{"line":52,"column":49}},"30":{"start":{"line":53,"column":23},"end":{"line":59,"column":10}},"31":{"start":{"line":62,"column":2},"end":{"line":64,"column":5}},"32":{"start":{"line":67,"column":2},"end":{"line":71,"column":5}},"33":{"start":{"line":74,"column":0},"end":{"line":74,"column":24}}},"fnMap":{"0":{"name":"(anonymous_0)","decl":{"start":{"line":9,"column":15},"end":{"line":9,"column":16}},"loc":{"start":{"line":9,"column":35},"end":{"line":72,"column":1}},"line":9},"1":{"name":"(anonymous_1)","decl":{"start":{"line":30,"column":12},"end":{"line":30,"column":13}},"loc":{"start":{"line":30,"column":22},"end":{"line":36,"column":3}},"line":30}},"branchMap":{"0":{"loc":{"start":{"line":13,"column":2},"end":{"line":20,"column":3}},"type":"if","locations":[{"start":{"line":13,"column":2},"end":{"line":20,"column":3}},{"start":{},"end":{}}],"line":13},"1":{"loc":{"start":{"line":22,"column":10},"end":{"line":22,"column":20}},"type":"default-arg","locations":[{"start":{"line":22,"column":18},"end":{"line":22,"column":20}}],"line":22},"2":{"loc":{"start":{"line":22,"column":22},"end":{"line":22,"column":33}},"type":"default-arg","locations":[{"start":{"line":22,"column":32},"end":{"line":22,"column":33}}],"line":22},"3":{"loc":{"start":{"line":22,"column":35},"end":{"line":22,"column":47}},"type":"default-arg","locations":[{"start":{"line":22,"column":46},"end":{"line":22,"column":47}}],"line":22},"4":{"loc":{"start":{"line":45,"column":22},"end":{"line":45,"column":78}},"type":"cond-expr","locations":[{"start":{"line":45,"column":61},"end":{"line":45,"column":67}},{"start":{"line":45,"column":70},"end":{"line":45,"column":78}}],"line":45}},"s":{"0":6,"1":6,"2":6,"3":6,"4":6,"5":6,"6":23,"7":23,"8":23,"9":4,"10":4,"11":19,"12":19,"13":19,"14":19,"15":19,"16":28,"17":28,"18":28,"19":19,"20":19,"21":19,"22":19,"23":19,"24":19,"25":19,"26":19,"27":19,"28":19,"29":19,"30":19,"31":19,"32":19,"33":6},"f":{"0":23,"1":28},"b":{"0":[4,19],"1":[0],"2":[0],"3":[0],"4":[6,13]},"_coverageSchema":"1a1c01bbd47fc00a2c39e90264f33305004495a9","hash":"25252a9916c80ccf68e3ac6741e591463974aa09"}
,"/Users/muneeb/Desktop/SQE_Project/backend/src/controllers/appControllers/invoiceController/paginatedList.js": {"path":"/Users/muneeb/Desktop/SQE_Project/backend/src/controllers/appControllers/invoiceController/paginatedList.js","statementMap":{"0":{"start":{"line":1,"column":17},"end":{"line":1,"column":36}},"1":{"start":{"line":3,"column":14},"end":{"line":3,"column":39}},"2":{"start":{"line":5,"column":22},"end":{"line":65,"column":1}},"3":{"start":{"line":6,"column":15},"end":{"line":6,"column":34}},"4":{"start":{"line":7,"column":16},"end":{"line":7,"column":47}},"5":{"start":{"line":8,"column":15},"end":{"line":8,"column":35}},"6":{"start":{"line":10,"column":64},"end":{"line":10,"column":73}},"7":{"start":{"line":12,"column":22},"end":{"line":12,"column":73}},"8":{"start":{"line":16,"column":2},"end":{"line":16,"column":55}},"9":{"start":{"line":18,"column":2},"end":{"line":20,"column":3}},"10":{"start":{"line":19,"column":4},"end":{"line":19,"column":75}},"11":{"start":{"line":23,"column":25},"end":{"line":33,"column":11}},"12":{"start":{"line":36,"column":23},"end":{"line":41,"column":4}},"13":{"start":{"line":44,"column":26},"end":{"line":44,"column":75}},"14":{"start":{"line":46,"column":16},"end":{"line":46,"column":40}},"15":{"start":{"line":49,"column":21},"end":{"line":49,"column":43}},"16":{"start":{"line":50,"column":2},"end":{"line":64,"column":3}},"17":{"start":{"line":51,"column":4},"end":{"line":56,"column":7}},"18":{"start":{"line":58,"column":4},"end":{"line":63,"column":7}},"19":{"start":{"line":67,"column":0},"end":{"line":67,"column":31}}},"fnMap":{"0":{"name":"(anonymous_0)","decl":{"start":{"line":5,"column":22},"end":{"line":5,"column":23}},"loc":{"start":{"line":5,"column":42},"end":{"line":65,"column":1}},"line":5}},"branchMap":{"0":{"loc":{"start":{"line":6,"column":15},"end":{"line":6,"column":34}},"type":"binary-expr","locations":[{"start":{"line":6,"column":15},"end":{"line":6,"column":29}},{"start":{"line":6,"column":33},"end":{"line":6,"column":34}}],"line":6},"1":{"loc":{"start":{"line":7,"column":16},"end":{"line":7,"column":47}},"type":"binary-expr","locations":[{"start":{"line":7,"column":16},"end":{"line":7,"column":41}},{"start":{"line":7,"column":45},"end":{"line":7,"column":47}}],"line":7},"2":{"loc":{"start":{"line":10,"column":10},"end":{"line":10,"column":28}},"type":"default-arg","locations":[{"start":{"line":10,"column":19},"end":{"line":10,"column":28}}],"line":10},"3":{"loc":{"start":{"line":10,"column":30},"end":{"line":10,"column":44}},"type":"default-arg","locations":[{"start":{"line":10,"column":42},"end":{"line":10,"column":44}}],"line":10},"4":{"loc":{"start":{"line":12,"column":22},"end":{"line":12,"column":73}},"type":"cond-expr","locations":[{"start":{"line":12,"column":41},"end":{"line":12,"column":68}},{"start":{"line":12,"column":71},"end":{"line":12,"column":73}}],"line":12},"5":{"loc":{"start":{"line":16,"column":11},"end":{"line":16,"column":54}},"type":"cond-expr","locations":[{"start":{"line":16,"column":38},"end":{"line":16,"column":40}},{"start":{"line":16,"column":43},"end":{"line":16,"column":54}}],"line":16},"6":{"loc":{"start":{"line":50,"column":2},"end":{"line":64,"column":3}},"type":"if","locations":[{"start":{"line":50,"column":2},"end":{"line":64,"column":3}},{"start":{"line":57,"column":9},"end":{"line":64,"column":3}}],"line":50}},"s":{"0":3,"1":3,"2":3,"3":8,"4":8,"5":8,"6":8,"7":8,"8":8,"9":8,"10":2,"11":8,"12":8,"13":8,"14":8,"15":8,"16":8,"17":6,"18":2,"19":3},"f":{"0":8},"b":{"0":[8,1],"1":[8,1],"2":[8],"3":[8],"4":[1,7],"5":[7,1],"6":[6,2]},"_coverageSchema":"1a1c01bbd47fc00a2c39e90264f33305004495a9","hash":"d23d9258c59107e7f0c42099c88fea6d6cbd9c42"}
,"/Users/muneeb/Desktop/SQE_Project/backend/src/controllers/appControllers/invoiceController/read.js": {"path":"/Users/muneeb/Desktop/SQE_Project/backend/src/controllers/appControllers/invoiceController/read.js","statementMap":{"0":{"start":{"line":1,"column":17},"end":{"line":1,"column":36}},"1":{"start":{"line":3,"column":14},"end":{"line":3,"column":39}},"2":{"start":{"line":5,"column":13},"end":{"line":28,"column":1}},"3":{"start":{"line":7,"column":17},"end":{"line":12,"column":11}},"4":{"start":{"line":14,"column":2},"end":{"line":27,"column":3}},"5":{"start":{"line":15,"column":4},"end":{"line":19,"column":7}},"6":{"start":{"line":22,"column":4},"end":{"line":26,"column":7}},"7":{"start":{"line":30,"column":0},"end":{"line":30,"column":22}}},"fnMap":{"0":{"name":"(anonymous_0)","decl":{"start":{"line":5,"column":13},"end":{"line":5,"column":14}},"loc":{"start":{"line":5,"column":33},"end":{"line":28,"column":1}},"line":5}},"branchMap":{"0":{"loc":{"start":{"line":14,"column":2},"end":{"line":27,"column":3}},"type":"if","locations":[{"start":{"line":14,"column":2},"end":{"line":27,"column":3}},{"start":{"line":20,"column":9},"end":{"line":27,"column":3}}],"line":14}},"s":{"0":2,"1":2,"2":2,"3":3,"4":3,"5":2,"6":1,"7":2},"f":{"0":3},"b":{"0":[2,1]},"_coverageSchema":"1a1c01bbd47fc00a2c39e90264f33305004495a9","hash":"d0a25688770e6b854b1921b2025fba2a104a4433"}
,"/Users/muneeb/Desktop/SQE_Project/backend/src/controllers/appControllers/invoiceController/schemaValidate.js": {"path":"/Users/muneeb/Desktop/SQE_Project/backend/src/controllers/appControllers/invoiceController/schemaValidate.js","statementMap":{"0":{"start":{"line":1,"column":12},"end":{"line":1,"column":26}},"1":{"start":{"line":2,"column":15},"end":{"line":26,"column":2}},"2":{"start":{"line":28,"column":0},"end":{"line":28,"column":24}}},"fnMap":{},"branchMap":{},"s":{"0":11,"1":11,"2":11},"f":{},"b":{},"_coverageSchema":"1a1c01bbd47fc00a2c39e90264f33305004495a9","hash":"38823b8cf86a4e79838993565ef9b83201f89c9c"}
,"/Users/muneeb/Desktop/SQE_Project/backend/src/controllers/appControllers/invoiceController/summary.js": {"path":"/Users/muneeb/Desktop/SQE_Project/backend/src/controllers/appControllers/invoiceController/summary.js","statementMap":{"0":{"start":{"line":1,"column":17},"end":{"line":1,"column":36}},"1":{"start":{"line":2,"column":15},"end":{"line":2,"column":32}},"2":{"start":{"line":4,"column":14},"end":{"line":4,"column":39}},"3":{"start":{"line":6,"column":25},"end":{"line":6,"column":58}},"4":{"start":{"line":8,"column":16},"end":{"line":209,"column":1}},"5":{"start":{"line":9,"column":20},"end":{"line":9,"column":27}},"6":{"start":{"line":11,"column":19},"end":{"line":11,"column":28}},"7":{"start":{"line":13,"column":19},"end":{"line":13,"column":39}},"8":{"start":{"line":15,"column":2},"end":{"line":25,"column":3}},"9":{"start":{"line":16,"column":4},"end":{"line":24,"column":5}},"10":{"start":{"line":17,"column":6},"end":{"line":17,"column":25}},"11":{"start":{"line":19,"column":6},"end":{"line":23,"column":9}},"12":{"start":{"line":27,"column":22},"end":{"line":27,"column":30}},"13":{"start":{"line":28,"column":18},"end":{"line":28,"column":58}},"14":{"start":{"line":29,"column":16},"end":{"line":29,"column":54}},"15":{"start":{"line":31,"column":19},"end":{"line":31,"column":81}},"16":{"start":{"line":33,"column":19},"end":{"line":125,"column":4}},"17":{"start":{"line":127,"column":15},"end":{"line":127,"column":17}},"18":{"start":{"line":129,"column":24},"end":{"line":129,"column":82}},"19":{"start":{"line":130,"column":23},"end":{"line":130,"column":53}},"20":{"start":{"line":131,"column":30},"end":{"line":131,"column":67}},"21":{"start":{"line":132,"column":24},"end":{"line":132,"column":55}},"22":{"start":{"line":134,"column":26},"end":{"line":139,"column":4}},"23":{"start":{"line":135,"column":4},"end":{"line":138,"column":6}},"24":{"start":{"line":141,"column":33},"end":{"line":146,"column":4}},"25":{"start":{"line":142,"column":4},"end":{"line":145,"column":6}},"26":{"start":{"line":148,"column":27},"end":{"line":154,"column":4}},"27":{"start":{"line":149,"column":4},"end":{"line":153,"column":6}},"28":{"start":{"line":156,"column":2},"end":{"line":163,"column":5}},"29":{"start":{"line":157,"column":18},"end":{"line":159,"column":5}},"30":{"start":{"line":158,"column":16},"end":{"line":158,"column":38}},"31":{"start":{"line":160,"column":4},"end":{"line":162,"column":5}},"32":{"start":{"line":161,"column":6},"end":{"line":161,"column":25}},"33":{"start":{"line":165,"column":17},"end":{"line":195,"column":4}},"34":{"start":{"line":197,"column":22},"end":{"line":202,"column":3}},"35":{"start":{"line":204,"column":2},"end":{"line":208,"column":5}},"36":{"start":{"line":211,"column":0},"end":{"line":211,"column":25}}},"fnMap":{"0":{"name":"(anonymous_0)","decl":{"start":{"line":8,"column":16},"end":{"line":8,"column":17}},"loc":{"start":{"line":8,"column":36},"end":{"line":209,"column":1}},"line":8},"1":{"name":"(anonymous_1)","decl":{"start":{"line":134,"column":43},"end":{"line":134,"column":44}},"loc":{"start":{"line":134,"column":53},"end":{"line":139,"column":3}},"line":134},"2":{"name":"(anonymous_2)","decl":{"start":{"line":141,"column":57},"end":{"line":141,"column":58}},"loc":{"start":{"line":141,"column":67},"end":{"line":146,"column":3}},"line":141},"3":{"name":"(anonymous_3)","decl":{"start":{"line":148,"column":45},"end":{"line":148,"column":46}},"loc":{"start":{"line":148,"column":55},"end":{"line":154,"column":3}},"line":148},"4":{"name":"(anonymous_4)","decl":{"start":{"line":156,"column":19},"end":{"line":156,"column":20}},"loc":{"start":{"line":156,"column":31},"end":{"line":163,"column":3}},"line":156},"5":{"name":"(anonymous_5)","decl":{"start":{"line":158,"column":6},"end":{"line":158,"column":7}},"loc":{"start":{"line":158,"column":16},"end":{"line":158,"column":38}},"line":158}},"branchMap":{"0":{"loc":{"start":{"line":15,"column":2},"end":{"line":25,"column":3}},"type":"if","locations":[{"start":{"line":15,"column":2},"end":{"line":25,"column":3}},{"start":{},"end":{}}],"line":15},"1":{"loc":{"start":{"line":16,"column":4},"end":{"line":24,"column":5}},"type":"if","locations":[{"start":{"line":16,"column":4},"end":{"line":24,"column":5}},{"start":{"line":18,"column":11},"end":{"line":24,"column":5}}],"line":16},"2":{"loc":{"start":{"line":129,"column":24},"end":{"line":129,"column":82}},"type":"cond-expr","locations":[{"start":{"line":129,"column":51},"end":{"line":129,"column":78}},{"start":{"line":129,"column":81},"end":{"line":129,"column":82}}],"line":129},"3":{"loc":{"start":{"line":130,"column":23},"end":{"line":130,"column":53}},"type":"binary-expr","locations":[{"start":{"line":130,"column":23},"end":{"line":130,"column":47}},{"start":{"line":130,"column":51},"end":{"line":130,"column":53}}],"line":130},"4":{"loc":{"start":{"line":131,"column":30},"end":{"line":131,"column":67}},"type":"binary-expr","locations":[{"start":{"line":131,"column":30},"end":{"line":131,"column":61}},{"start":{"line":131,"column":65},"end":{"line":131,"column":67}}],"line":131},"5":{"loc":{"start":{"line":132,"column":24},"end":{"line":132,"column":55}},"type":"binary-expr","locations":[{"start":{"line":132,"column":24},"end":{"line":132,"column":49}},{"start":{"line":132,"column":53},"end":{"line":132,"column":55}}],"line":132},"6":{"loc":{"start":{"line":160,"column":4},"end":{"line":162,"column":5}},"type":"if","locations":[{"start":{"line":160,"column":4},"end":{"line":162,"column":5}},{"start":{},"end":{}}],"line":160},"7":{"loc":{"start":{"line":199,"column":17},"end":{"line":199,"column":63}},"type":"cond-expr","locations":[{"start":{"line":199,"column":37},"end":{"line":199,"column":59}},{"start":{"line":199,"column":62},"end":{"line":199,"column":63}}],"line":199}},"s":{"0":3,"1":3,"2":3,"3":3,"4":3,"5":10,"6":10,"7":10,"8":10,"9":2,"10":1,"11":1,"12":9,"13":9,"14":9,"15":9,"16":9,"17":9,"18":9,"19":9,"20":9,"21":9,"22":9,"23":10,"24":9,"25":8,"26":9,"27":0,"28":9,"29":54,"30":95,"31":54,"32":15,"33":9,"34":9,"35":9,"36":3},"f":{"0":10,"1":10,"2":8,"3":0,"4":54,"5":95},"b":{"0":[2,8],"1":[1,1],"2":[9,0],"3":[9,0],"4":[9,0],"5":[9,0],"6":[15,39],"7":[6,3]},"_coverageSchema":"1a1c01bbd47fc00a2c39e90264f33305004495a9","hash":"001f4d07236524a123025b534dc2230aa38c29d7"}
,"/Users/muneeb/Desktop/SQE_Project/backend/src/controllers/appControllers/invoiceController/update.js": {"path":"/Users/muneeb/Desktop/SQE_Project/backend/src/controllers/appControllers/invoiceController/update.js","statementMap":{"0":{"start":{"line":1,"column":17},"end":{"line":1,"column":36}},"1":{"start":{"line":3,"column":14},"end":{"line":3,"column":39}},"2":{"start":{"line":5,"column":15},"end":{"line":5,"column":53}},"3":{"start":{"line":7,"column":22},"end":{"line":7,"column":42}},"4":{"start":{"line":8,"column":15},"end":{"line":8,"column":42}},"5":{"start":{"line":10,"column":15},"end":{"line":89,"column":1}},"6":{"start":{"line":11,"column":13},"end":{"line":11,"column":21}},"7":{"start":{"line":13,"column":27},"end":{"line":13,"column":48}},"8":{"start":{"line":14,"column":2},"end":{"line":21,"column":3}},"9":{"start":{"line":15,"column":24},"end":{"line":15,"column":29}},"10":{"start":{"line":16,"column":4},"end":{"line":20,"column":7}},"11":{"start":{"line":23,"column":26},"end":{"line":26,"column":4}},"12":{"start":{"line":28,"column":2},"end":{"line":34,"column":3}},"13":{"start":{"line":29,"column":4},"end":{"line":33,"column":7}},"14":{"start":{"line":36,"column":21},"end":{"line":36,"column":36}},"15":{"start":{"line":38,"column":52},"end":{"line":38,"column":60}},"16":{"start":{"line":40,"column":2},"end":{"line":46,"column":3}},"17":{"start":{"line":41,"column":4},"end":{"line":45,"column":7}},"18":{"start":{"line":49,"column":17},"end":{"line":49,"column":18}},"19":{"start":{"line":50,"column":17},"end":{"line":50,"column":18}},"20":{"start":{"line":51,"column":14},"end":{"line":51,"column":15}},"21":{"start":{"line":54,"column":2},"end":{"line":60,"column":5}},"22":{"start":{"line":55,"column":16},"end":{"line":55,"column":67}},"23":{"start":{"line":57,"column":4},"end":{"line":57,"column":46}},"24":{"start":{"line":59,"column":4},"end":{"line":59,"column":26}},"25":{"start":{"line":61,"column":2},"end":{"line":61,"column":57}},"26":{"start":{"line":62,"column":2},"end":{"line":62,"column":44}},"27":{"start":{"line":64,"column":2},"end":{"line":64,"column":30}},"28":{"start":{"line":65,"column":2},"end":{"line":65,"column":30}},"29":{"start":{"line":66,"column":2},"end":{"line":66,"column":24}},"30":{"start":{"line":67,"column":2},"end":{"line":67,"column":24}},"31":{"start":{"line":68,"column":2},"end":{"line":68,"column":52}},"32":{"start":{"line":69,"column":2},"end":{"line":71,"column":3}},"33":{"start":{"line":70,"column":4},"end":{"line":70,"column":25}},"34":{"start":{"line":75,"column":4},"end":{"line":75,"column":92}},"35":{"start":{"line":76,"column":2},"end":{"line":76,"column":40}},"36":{"start":{"line":78,"column":17},"end":{"line":80,"column":11}},"37":{"start":{"line":84,"column":2},"end":{"line":88,"column":5}},"38":{"start":{"line":91,"column":0},"end":{"line":91,"column":24}}},"fnMap":{"0":{"name":"(anonymous_0)","decl":{"start":{"line":10,"column":15},"end":{"line":10,"column":16}},"loc":{"start":{"line":10,"column":35},"end":{"line":89,"column":1}},"line":10},"1":{"name":"(anonymous_1)","decl":{"start":{"line":54,"column":12},"end":{"line":54,"column":13}},"loc":{"start":{"line":54,"column":22},"end":{"line":60,"column":3}},"line":54}},"branchMap":{"0":{"loc":{"start":{"line":14,"column":2},"end":{"line":21,"column":3}},"type":"if","locations":[{"start":{"line":14,"column":2},"end":{"line":21,"column":3}},{"start":{},"end":{}}],"line":14},"1":{"loc":{"start":{"line":28,"column":2},"end":{"line":34,"column":3}},"type":"if","locations":[{"start":{"line":28,"column":2},"end":{"line":34,"column":3}},{"start":{},"end":{}}],"line":28},"2":{"loc":{"start":{"line":38,"column":10},"end":{"line":38,"column":20}},"type":"default-arg","locations":[{"start":{"line":38,"column":18},"end":{"line":38,"column":20}}],"line":38},"3":{"loc":{"start":{"line":38,"column":22},"end":{"line":38,"column":33}},"type":"default-arg","locations":[{"start":{"line":38,"column":32},"end":{"line":38,"column":33}}],"line":38},"4":{"loc":{"start":{"line":38,"column":35},"end":{"line":38,"column":47}},"type":"default-arg","locations":[{"start":{"line":38,"column":46},"end":{"line":38,"column":47}}],"line":38},"5":{"loc":{"start":{"line":40,"column":2},"end":{"line":46,"column":3}},"type":"if","locations":[{"start":{"line":40,"column":2},"end":{"line":46,"column":3}},{"start":{},"end":{}}],"line":40},"6":{"loc":{"start":{"line":69,"column":2},"end":{"line":71,"column":3}},"type":"if","locations":[{"start":{"line":69,"column":2},"end":{"line":71,"column":3}},{"start":{},"end":{}}],"line":69},"7":{"loc":{"start":{"line":75,"column":4},"end":{"line":75,"column":92}},"type":"cond-expr","locations":[{"start":{"line":75,"column":48},"end":{"line":75,"column":54}},{"start":{"line":75,"column":57},"end":{"line":75,"column":92}}],"line":75},"8":{"loc":{"start":{"line":75,"column":57},"end":{"line":75,"column":92}},"type":"cond-expr","locations":[{"start":{"line":75,"column":70},"end":{"line":75,"column":81}},{"start":{"line":75,"column":84},"end":{"line":75,"column":92}}],"line":75}},"s":{"0":5,"1":5,"2":5,"3":5,"4":5,"5":5,"6":18,"7":18,"8":18,"9":7,"10":7,"11":11,"12":11,"13":0,"14":11,"15":11,"16":11,"17":0,"18":11,"19":11,"20":11,"21":11,"22":13,"23":13,"24":13,"25":11,"26":11,"27":11,"28":11,"29":11,"30":11,"31":11,"32":11,"33":2,"34":11,"35":11,"36":11,"37":11,"38":5},"f":{"0":18,"1":13},"b":{"0":[7,11],"1":[0,11],"2":[0],"3":[0],"4":[0],"5":[0,11],"6":[2,9],"7":[2,9],"8":[2,7]},"_coverageSchema":"1a1c01bbd47fc00a2c39e90264f33305004495a9","hash":"ba1798787837f9401afe6e5cf1288b464ba03f06"}
,"/Users/muneeb/Desktop/SQE_Project/backend/src/controllers/appControllers/quoteController/create.js": {"path":"/Users/muneeb/Desktop/SQE_Project/backend/src/controllers/appControllers/quoteController/create.js","statementMap":{"0":{"start":{"line":1,"column":17},"end":{"line":1,"column":36}},"1":{"start":{"line":3,"column":14},"end":{"line":3,"column":37}},"2":{"start":{"line":5,"column":15},"end":{"line":5,"column":53}},"3":{"start":{"line":6,"column":33},"end":{"line":6,"column":66}},"4":{"start":{"line":7,"column":22},"end":{"line":7,"column":42}},"5":{"start":{"line":9,"column":15},"end":{"line":59,"column":1}},"6":{"start":{"line":10,"column":52},"end":{"line":10,"column":60}},"7":{"start":{"line":13,"column":17},"end":{"line":13,"column":18}},"8":{"start":{"line":14,"column":17},"end":{"line":14,"column":18}},"9":{"start":{"line":15,"column":14},"end":{"line":15,"column":15}},"10":{"start":{"line":19,"column":2},"end":{"line":25,"column":5}},"11":{"start":{"line":20,"column":16},"end":{"line":20,"column":67}},"12":{"start":{"line":22,"column":4},"end":{"line":22,"column":46}},"13":{"start":{"line":24,"column":4},"end":{"line":24,"column":26}},"14":{"start":{"line":26,"column":2},"end":{"line":26,"column":57}},"15":{"start":{"line":27,"column":2},"end":{"line":27,"column":44}},"16":{"start":{"line":29,"column":13},"end":{"line":29,"column":21}},"17":{"start":{"line":31,"column":2},"end":{"line":31,"column":30}},"18":{"start":{"line":32,"column":2},"end":{"line":32,"column":30}},"19":{"start":{"line":33,"column":2},"end":{"line":33,"column":24}},"20":{"start":{"line":34,"column":2},"end":{"line":34,"column":24}},"21":{"start":{"line":35,"column":2},"end":{"line":35,"column":36}},"22":{"start":{"line":38,"column":17},"end":{"line":38,"column":45}},"23":{"start":{"line":39,"column":17},"end":{"line":39,"column":47}},"24":{"start":{"line":40,"column":23},"end":{"line":46,"column":10}},"25":{"start":{"line":49,"column":2},"end":{"line":51,"column":5}},"26":{"start":{"line":54,"column":2},"end":{"line":58,"column":5}},"27":{"start":{"line":60,"column":0},"end":{"line":60,"column":24}}},"fnMap":{"0":{"name":"(anonymous_0)","decl":{"start":{"line":9,"column":15},"end":{"line":9,"column":16}},"loc":{"start":{"line":9,"column":35},"end":{"line":59,"column":1}},"line":9},"1":{"name":"(anonymous_1)","decl":{"start":{"line":19,"column":12},"end":{"line":19,"column":13}},"loc":{"start":{"line":19,"column":22},"end":{"line":25,"column":3}},"line":19}},"branchMap":{"0":{"loc":{"start":{"line":10,"column":10},"end":{"line":10,"column":20}},"type":"default-arg","locations":[{"start":{"line":10,"column":18},"end":{"line":10,"column":20}}],"line":10},"1":{"loc":{"start":{"line":10,"column":22},"end":{"line":10,"column":33}},"type":"default-arg","locations":[{"start":{"line":10,"column":32},"end":{"line":10,"column":33}}],"line":10},"2":{"loc":{"start":{"line":10,"column":35},"end":{"line":10,"column":47}},"type":"default-arg","locations":[{"start":{"line":10,"column":46},"end":{"line":10,"column":47}}],"line":10}},"s":{"0":2,"1":2,"2":2,"3":2,"4":2,"5":2,"6":3,"7":3,"8":3,"9":3,"10":3,"11":3,"12":3,"13":3,"14":3,"15":3,"16":3,"17":3,"18":3,"19":3,"20":3,"21":3,"22":3,"23":3,"24":3,"25":3,"26":3,"27":2},"f":{"0":3,"1":3},"b":{"0":[0],"1":[1],"2":[3]},"_coverageSchema":"1a1c01bbd47fc00a2c39e90264f33305004495a9","hash":"226cf26e1145db74653a9bd218e278fdab557cc3"}
,"/Users/muneeb/Desktop/SQE_Project/backend/src/controllers/appControllers/quoteController/paginatedList.js": {"path":"/Users/muneeb/Desktop/SQE_Project/backend/src/controllers/appControllers/quoteController/paginatedList.js","statementMap":{"0":{"start":{"line":1,"column":17},"end":{"line":1,"column":36}},"1":{"start":{"line":3,"column":14},"end":{"line":3,"column":37}},"2":{"start":{"line":5,"column":22},"end":{"line":66,"column":1}},"3":{"start":{"line":6,"column":15},"end":{"line":6,"column":34}},"4":{"start":{"line":7,"column":16},"end":{"line":7,"column":47}},"5":{"start":{"line":8,"column":15},"end":{"line":8,"column":35}},"6":{"start":{"line":11,"column":64},"end":{"line":11,"column":73}},"7":{"start":{"line":13,"column":22},"end":{"line":13,"column":73}},"8":{"start":{"line":17,"column":2},"end":{"line":17,"column":55}},"9":{"start":{"line":19,"column":2},"end":{"line":21,"column":3}},"10":{"start":{"line":20,"column":4},"end":{"line":20,"column":75}},"11":{"start":{"line":24,"column":25},"end":{"line":34,"column":11}},"12":{"start":{"line":37,"column":23},"end":{"line":42,"column":4}},"13":{"start":{"line":45,"column":26},"end":{"line":45,"column":75}},"14":{"start":{"line":47,"column":16},"end":{"line":47,"column":40}},"15":{"start":{"line":50,"column":21},"end":{"line":50,"column":43}},"16":{"start":{"line":51,"column":2},"end":{"line":65,"column":3}},"17":{"start":{"line":52,"column":4},"end":{"line":57,"column":7}},"18":{"start":{"line":59,"column":4},"end":{"line":64,"column":7}},"19":{"start":{"line":68,"column":0},"end":{"line":68,"column":31}}},"fnMap":{"0":{"name":"(anonymous_0)","decl":{"start":{"line":5,"column":22},"end":{"line":5,"column":23}},"loc":{"start":{"line":5,"column":42},"end":{"line":66,"column":1}},"line":5}},"branchMap":{"0":{"loc":{"start":{"line":6,"column":15},"end":{"line":6,"column":34}},"type":"binary-expr","locations":[{"start":{"line":6,"column":15},"end":{"line":6,"column":29}},{"start":{"line":6,"column":33},"end":{"line":6,"column":34}}],"line":6},"1":{"loc":{"start":{"line":7,"column":16},"end":{"line":7,"column":47}},"type":"binary-expr","locations":[{"start":{"line":7,"column":16},"end":{"line":7,"column":41}},{"start":{"line":7,"column":45},"end":{"line":7,"column":47}}],"line":7},"2":{"loc":{"start":{"line":11,"column":10},"end":{"line":11,"column":28}},"type":"default-arg","locations":[{"start":{"line":11,"column":19},"end":{"line":11,"column":28}}],"line":11},"3":{"loc":{"start":{"line":11,"column":30},"end":{"line":11,"column":44}},"type":"default-arg","locations":[{"start":{"line":11,"column":42},"end":{"line":11,"column":44}}],"line":11},"4":{"loc":{"start":{"line":13,"column":22},"end":{"line":13,"column":73}},"type":"cond-expr","locations":[{"start":{"line":13,"column":41},"end":{"line":13,"column":68}},{"start":{"line":13,"column":71},"end":{"line":13,"column":73}}],"line":13},"5":{"loc":{"start":{"line":17,"column":11},"end":{"line":17,"column":54}},"type":"cond-expr","locations":[{"start":{"line":17,"column":38},"end":{"line":17,"column":40}},{"start":{"line":17,"column":43},"end":{"line":17,"column":54}}],"line":17},"6":{"loc":{"start":{"line":51,"column":2},"end":{"line":65,"column":3}},"type":"if","locations":[{"start":{"line":51,"column":2},"end":{"line":65,"column":3}},{"start":{"line":58,"column":9},"end":{"line":65,"column":3}}],"line":51}},"s":{"0":2,"1":2,"2":2,"3":6,"4":6,"5":6,"6":6,"7":6,"8":6,"9":6,"10":0,"11":6,"12":6,"13":6,"14":6,"15":6,"16":6,"17":4,"18":2,"19":2},"f":{"0":6},"b":{"0":[6,1],"1":[6,1],"2":[6],"3":[6],"4":[0,6],"5":[6,0],"6":[4,2]},"_coverageSchema":"1a1c01bbd47fc00a2c39e90264f33305004495a9","hash":"e9ab14ddb0f72c1a30d1b828d809cb4b89d93f0d"}
,"/Users/muneeb/Desktop/SQE_Project/backend/src/controllers/appControllers/quoteController/read.js": {"path":"/Users/muneeb/Desktop/SQE_Project/backend/src/controllers/appControllers/quoteController/read.js","statementMap":{"0":{"start":{"line":1,"column":17},"end":{"line":1,"column":36}},"1":{"start":{"line":3,"column":14},"end":{"line":3,"column":37}},"2":{"start":{"line":5,"column":13},"end":{"line":28,"column":1}},"3":{"start":{"line":7,"column":17},"end":{"line":12,"column":11}},"4":{"start":{"line":14,"column":2},"end":{"line":27,"column":3}},"5":{"start":{"line":15,"column":4},"end":{"line":19,"column":7}},"6":{"start":{"line":22,"column":4},"end":{"line":26,"column":7}},"7":{"start":{"line":30,"column":0},"end":{"line":30,"column":22}}},"fnMap":{"0":{"name":"(anonymous_0)","decl":{"start":{"line":5,"column":13},"end":{"line":5,"column":14}},"loc":{"start":{"line":5,"column":33},"end":{"line":28,"column":1}},"line":5}},"branchMap":{"0":{"loc":{"start":{"line":14,"column":2},"end":{"line":27,"column":3}},"type":"if","locations":[{"start":{"line":14,"column":2},"end":{"line":27,"column":3}},{"start":{"line":20,"column":9},"end":{"line":27,"column":3}}],"line":14}},"s":{"0":2,"1":2,"2":2,"3":3,"4":3,"5":2,"6":1,"7":2},"f":{"0":3},"b":{"0":[2,1]},"_coverageSchema":"1a1c01bbd47fc00a2c39e90264f33305004495a9","hash":"bd879d795341bb5e4caf4fc1295ea72fb5043006"}
,"/Users/muneeb/Desktop/SQE_Project/backend/src/controllers/appControllers/quoteController/update.js": {"path":"/Users/muneeb/Desktop/SQE_Project/backend/src/controllers/appControllers/quoteController/update.js","statementMap":{"0":{"start":{"line":1,"column":17},"end":{"line":1,"column":36}},"1":{"start":{"line":3,"column":14},"end":{"line":3,"column":37}},"2":{"start":{"line":5,"column":15},"end":{"line":5,"column":53}},"3":{"start":{"line":7,"column":22},"end":{"line":7,"column":42}},"4":{"start":{"line":9,"column":15},"end":{"line":60,"column":1}},"5":{"start":{"line":10,"column":52},"end":{"line":10,"column":60}},"6":{"start":{"line":12,"column":2},"end":{"line":18,"column":3}},"7":{"start":{"line":13,"column":4},"end":{"line":17,"column":7}},"8":{"start":{"line":20,"column":17},"end":{"line":20,"column":18}},"9":{"start":{"line":21,"column":17},"end":{"line":21,"column":18}},"10":{"start":{"line":22,"column":14},"end":{"line":22,"column":15}},"11":{"start":{"line":26,"column":2},"end":{"line":32,"column":5}},"12":{"start":{"line":27,"column":16},"end":{"line":27,"column":67}},"13":{"start":{"line":29,"column":4},"end":{"line":29,"column":46}},"14":{"start":{"line":31,"column":4},"end":{"line":31,"column":26}},"15":{"start":{"line":33,"column":2},"end":{"line":33,"column":57}},"16":{"start":{"line":34,"column":2},"end":{"line":34,"column":44}},"17":{"start":{"line":36,"column":13},"end":{"line":36,"column":21}},"18":{"start":{"line":38,"column":2},"end":{"line":38,"column":30}},"19":{"start":{"line":39,"column":2},"end":{"line":39,"column":30}},"20":{"start":{"line":40,"column":2},"end":{"line":40,"column":24}},"21":{"start":{"line":41,"column":2},"end":{"line":41,"column":24}},"22":{"start":{"line":42,"column":2},"end":{"line":42,"column":50}},"23":{"start":{"line":44,"column":2},"end":{"line":46,"column":3}},"24":{"start":{"line":45,"column":4},"end":{"line":45,"column":25}},"25":{"start":{"line":49,"column":17},"end":{"line":51,"column":11}},"26":{"start":{"line":55,"column":2},"end":{"line":59,"column":5}},"27":{"start":{"line":61,"column":0},"end":{"line":61,"column":24}}},"fnMap":{"0":{"name":"(anonymous_0)","decl":{"start":{"line":9,"column":15},"end":{"line":9,"column":16}},"loc":{"start":{"line":9,"column":35},"end":{"line":60,"column":1}},"line":9},"1":{"name":"(anonymous_1)","decl":{"start":{"line":26,"column":12},"end":{"line":26,"column":13}},"loc":{"start":{"line":26,"column":22},"end":{"line":32,"column":3}},"line":26}},"branchMap":{"0":{"loc":{"start":{"line":10,"column":10},"end":{"line":10,"column":20}},"type":"default-arg","locations":[{"start":{"line":10,"column":18},"end":{"line":10,"column":20}}],"line":10},"1":{"loc":{"start":{"line":10,"column":22},"end":{"line":10,"column":33}},"type":"default-arg","locations":[{"start":{"line":10,"column":32},"end":{"line":10,"column":33}}],"line":10},"2":{"loc":{"start":{"line":10,"column":35},"end":{"line":10,"column":47}},"type":"default-arg","locations":[{"start":{"line":10,"column":46},"end":{"line":10,"column":47}}],"line":10},"3":{"loc":{"start":{"line":12,"column":2},"end":{"line":18,"column":3}},"type":"if","locations":[{"start":{"line":12,"column":2},"end":{"line":18,"column":3}},{"start":{},"end":{}}],"line":12},"4":{"loc":{"start":{"line":44,"column":2},"end":{"line":46,"column":3}},"type":"if","locations":[{"start":{"line":44,"column":2},"end":{"line":46,"column":3}},{"start":{},"end":{}}],"line":44}},"s":{"0":2,"1":2,"2":2,"3":2,"4":2,"5":4,"6":4,"7":1,"8":3,"9":3,"10":3,"11":3,"12":3,"13":3,"14":3,"15":3,"16":3,"17":3,"18":3,"19":3,"20":3,"21":3,"22":3,"23":3,"24":1,"25":3,"26":3,"27":2},"f":{"0":4,"1":3},"b":{"0":[0],"1":[0],"2":[2],"3":[1,3],"4":[1,2]},"_coverageSchema":"1a1c01bbd47fc00a2c39e90264f33305004495a9","hash":"ff12fdcb6235b801b00d5a240f71ae0ae71de126"}
,"/Users/muneeb/Desktop/SQE_Project/backend/src/controllers/middlewaresControllers/createAuthMiddleware/isValidAuthToken.js": {"path":"/Users/muneeb/Desktop/SQE_Project/backend/src/controllers/middlewaresControllers/createAuthMiddleware/isValidAuthToken.js","statementMap":{"0":{"start":{"line":1,"column":12},"end":{"line":1,"column":35}},"1":{"start":{"line":3,"column":17},"end":{"line":3,"column":36}},"2":{"start":{"line":5,"column":25},"end":{"line":80,"column":1}},"3":{"start":{"line":6,"column":2},"end":{"line":79,"column":3}},"4":{"start":{"line":7,"column":25},"end":{"line":7,"column":63}},"5":{"start":{"line":8,"column":17},"end":{"line":8,"column":42}},"6":{"start":{"line":11,"column":23},"end":{"line":11,"column":51}},"7":{"start":{"line":12,"column":18},"end":{"line":12,"column":56}},"8":{"start":{"line":14,"column":4},"end":{"line":20,"column":9}},"9":{"start":{"line":15,"column":6},"end":{"line":20,"column":9}},"10":{"start":{"line":22,"column":19},"end":{"line":22,"column":95}},"11":{"start":{"line":24,"column":4},"end":{"line":33,"column":5}},"12":{"start":{"line":25,"column":6},"end":{"line":25,"column":43}},"13":{"start":{"line":27,"column":6},"end":{"line":32,"column":9}},"14":{"start":{"line":35,"column":4},"end":{"line":41,"column":9}},"15":{"start":{"line":36,"column":6},"end":{"line":41,"column":9}},"16":{"start":{"line":43,"column":32},"end":{"line":43,"column":91}},"17":{"start":{"line":44,"column":24},"end":{"line":44,"column":74}},"18":{"start":{"line":46,"column":33},"end":{"line":46,"column":86}},"19":{"start":{"line":48,"column":4},"end":{"line":54,"column":9}},"20":{"start":{"line":49,"column":6},"end":{"line":54,"column":9}},"21":{"start":{"line":56,"column":31},"end":{"line":56,"column":43}},"22":{"start":{"line":58,"column":4},"end":{"line":69,"column":5}},"23":{"start":{"line":59,"column":6},"end":{"line":64,"column":9}},"24":{"start":{"line":66,"column":26},"end":{"line":66,"column":49}},"25":{"start":{"line":67,"column":6},"end":{"line":67,"column":30}},"26":{"start":{"line":68,"column":6},"end":{"line":68,"column":13}},"27":{"start":{"line":71,"column":4},"end":{"line":78,"column":7}},"28":{"start":{"line":82,"column":0},"end":{"line":82,"column":34}}},"fnMap":{"0":{"name":"(anonymous_0)","decl":{"start":{"line":5,"column":25},"end":{"line":5,"column":26}},"loc":{"start":{"line":5,"column":92},"end":{"line":80,"column":1}},"line":5}},"branchMap":{"0":{"loc":{"start":{"line":5,"column":61},"end":{"line":5,"column":85}},"type":"default-arg","locations":[{"start":{"line":5,"column":73},"end":{"line":5,"column":85}}],"line":5},"1":{"loc":{"start":{"line":12,"column":18},"end":{"line":12,"column":56}},"type":"binary-expr","locations":[{"start":{"line":12,"column":18},"end":{"line":12,"column":28}},{"start":{"line":12,"column":32},"end":{"line":12,"column":56}}],"line":12},"2":{"loc":{"start":{"line":14,"column":4},"end":{"line":20,"column":9}},"type":"if","locations":[{"start":{"line":14,"column":4},"end":{"line":20,"column":9}},{"start":{},"end":{}}],"line":14},"3":{"loc":{"start":{"line":22,"column":19},"end":{"line":22,"column":95}},"type":"cond-expr","locations":[{"start":{"line":22,"column":48},"end":{"line":22,"column":70}},{"start":{"line":22,"column":73},"end":{"line":22,"column":95}}],"line":22},"4":{"loc":{"start":{"line":35,"column":4},"end":{"line":41,"column":9}},"type":"if","locations":[{"start":{"line":35,"column":4},"end":{"line":41,"column":9}},{"start":{},"end":{}}],"line":35},"5":{"loc":{"start":{"line":48,"column":4},"end":{"line":54,"column":9}},"type":"if","locations":[{"start":{"line":48,"column":4},"end":{"line":54,"column":9}},{"start":{},"end":{}}],"line":48},"6":{"loc":{"start":{"line":58,"column":4},"end":{"line":69,"column":5}},"type":"if","locations":[{"start":{"line":58,"column":4},"end":{"line":69,"column":5}},{"start":{"line":65,"column":9},"end":{"line":69,"column":5}}],"line":58}},"s":{"0":1,"1":1,"2":1,"3":5,"4":5,"5":5,"6":5,"7":5,"8":5,"9":1,"10":4,"11":4,"12":4,"13":1,"14":3,"15":0,"16":3,"17":3,"18":3,"19":3,"20":1,"21":2,"22":2,"23":1,"24":1,"25":1,"26":1,"27":0,"28":1},"f":{"0":5},"b":{"0":[0],"1":[5,4],"2":[1,4],"3":[4,0],"4":[0,3],"5":[1,2],"6":[1,1]},"_coverageSchema":"1a1c01bbd47fc00a2c39e90264f33305004495a9","hash":"bfe44103f4c3f65f2843bcac83805ecc1abb73cc"}
,"/Users/muneeb/Desktop/SQE_Project/backend/src/controllers/middlewaresControllers/createCRUDController/create.js": {"path":"/Users/muneeb/Desktop/SQE_Project/backend/src/controllers/middlewaresControllers/createCRUDController/create.js","statementMap":{"0":{"start":{"line":1,"column":15},"end":{"line":14,"column":1}},"1":{"start":{"line":3,"column":2},"end":{"line":3,"column":27}},"2":{"start":{"line":4,"column":17},"end":{"line":6,"column":11}},"3":{"start":{"line":9,"column":2},"end":{"line":13,"column":5}},"4":{"start":{"line":16,"column":0},"end":{"line":16,"column":24}}},"fnMap":{"0":{"name":"(anonymous_0)","decl":{"start":{"line":1,"column":15},"end":{"line":1,"column":16}},"loc":{"start":{"line":1,"column":42},"end":{"line":14,"column":1}},"line":1}},"branchMap":{},"s":{"0":3,"1":1,"2":1,"3":1,"4":3},"f":{"0":1},"b":{},"_coverageSchema":"1a1c01bbd47fc00a2c39e90264f33305004495a9","hash":"76bcfe053dff3ac54f0a199caaece031f2979e6b"}
,"/Users/muneeb/Desktop/SQE_Project/backend/src/controllers/middlewaresControllers/createCRUDController/filter.js": {"path":"/Users/muneeb/Desktop/SQE_Project/backend/src/controllers/middlewaresControllers/createCRUDController/filter.js","statementMap":{"0":{"start":{"line":1,"column":15},"end":{"line":29,"column":1}},"1":{"start":{"line":2,"column":2},"end":{"line":8,"column":3}},"2":{"start":{"line":3,"column":4},"end":{"line":7,"column":7}},"3":{"start":{"line":9,"column":17},"end":{"line":14,"column":11}},"4":{"start":{"line":15,"column":2},"end":{"line":28,"column":3}},"5":{"start":{"line":16,"column":4},"end":{"line":20,"column":7}},"6":{"start":{"line":23,"column":4},"end":{"line":27,"column":7}},"7":{"start":{"line":31,"column":0},"end":{"line":31,"column":24}}},"fnMap":{"0":{"name":"(anonymous_0)","decl":{"start":{"line":1,"column":15},"end":{"line":1,"column":16}},"loc":{"start":{"line":1,"column":42},"end":{"line":29,"column":1}},"line":1}},"branchMap":{"0":{"loc":{"start":{"line":2,"column":2},"end":{"line":8,"column":3}},"type":"if","locations":[{"start":{"line":2,"column":2},"end":{"line":8,"column":3}},{"start":{},"end":{}}],"line":2},"1":{"loc":{"start":{"line":2,"column":6},"end":{"line":2,"column":69}},"type":"binary-expr","locations":[{"start":{"line":2,"column":6},"end":{"line":2,"column":36}},{"start":{"line":2,"column":40},"end":{"line":2,"column":69}}],"line":2},"2":{"loc":{"start":{"line":15,"column":2},"end":{"line":28,"column":3}},"type":"if","locations":[{"start":{"line":15,"column":2},"end":{"line":28,"column":3}},{"start":{"line":21,"column":9},"end":{"line":28,"column":3}}],"line":15}},"s":{"0":6,"1":6,"2":3,"3":3,"4":3,"5":0,"6":3,"7":6},"f":{"0":6},"b":{"0":[3,3],"1":[6,4],"2":[0,3]},"_coverageSchema":"1a1c01bbd47fc00a2c39e90264f33305004495a9","hash":"f8adf554828b6e546c2f5966d9c645dfda933241"}
,"/Users/muneeb/Desktop/SQE_Project/backend/src/controllers/middlewaresControllers/createCRUDController/index.js": {"path":"/Users/muneeb/Desktop/SQE_Project/backend/src/controllers/middlewaresControllers/createCRUDController/index.js","statementMap":{"0":{"start":{"line":1,"column":24},"end":{"line":1,"column":49}},"1":{"start":{"line":3,"column":17},"end":{"line":3,"column":36}},"2":{"start":{"line":5,"column":15},"end":{"line":5,"column":34}},"3":{"start":{"line":6,"column":13},"end":{"line":6,"column":30}},"4":{"start":{"line":7,"column":15},"end":{"line":7,"column":34}},"5":{"start":{"line":8,"column":15},"end":{"line":8,"column":34}},"6":{"start":{"line":9,"column":15},"end":{"line":9,"column":34}},"7":{"start":{"line":10,"column":15},"end":{"line":10,"column":34}},"8":{"start":{"line":11,"column":16},"end":{"line":11,"column":36}},"9":{"start":{"line":12,"column":16},"end":{"line":12,"column":36}},"10":{"start":{"line":13,"column":22},"end":{"line":13,"column":48}},"11":{"start":{"line":15,"column":29},"end":{"line":33,"column":1}},"12":{"start":{"line":16,"column":2},"end":{"line":18,"column":3}},"13":{"start":{"line":17,"column":4},"end":{"line":17,"column":57}},"14":{"start":{"line":20,"column":16},"end":{"line":20,"column":41}},"15":{"start":{"line":21,"column":20},"end":{"line":31,"column":3}},"16":{"start":{"line":22,"column":26},"end":{"line":22,"column":49}},"17":{"start":{"line":23,"column":24},"end":{"line":23,"column":45}},"18":{"start":{"line":24,"column":26},"end":{"line":24,"column":49}},"19":{"start":{"line":25,"column":26},"end":{"line":25,"column":49}},"20":{"start":{"line":26,"column":24},"end":{"line":26,"column":54}},"21":{"start":{"line":27,"column":27},"end":{"line":27,"column":51}},"22":{"start":{"line":28,"column":26},"end":{"line":28,"column":49}},"23":{"start":{"line":29,"column":26},"end":{"line":29,"column":49}},"24":{"start":{"line":30,"column":27},"end":{"line":30,"column":51}},"25":{"start":{"line":32,"column":2},"end":{"line":32,"column":21}},"26":{"start":{"line":35,"column":0},"end":{"line":35,"column":38}}},"fnMap":{"0":{"name":"(anonymous_0)","decl":{"start":{"line":15,"column":29},"end":{"line":15,"column":30}},"loc":{"start":{"line":15,"column":44},"end":{"line":33,"column":1}},"line":15},"1":{"name":"(anonymous_1)","decl":{"start":{"line":22,"column":12},"end":{"line":22,"column":13}},"loc":{"start":{"line":22,"column":26},"end":{"line":22,"column":49}},"line":22},"2":{"name":"(anonymous_2)","decl":{"start":{"line":23,"column":10},"end":{"line":23,"column":11}},"loc":{"start":{"line":23,"column":24},"end":{"line":23,"column":45}},"line":23},"3":{"name":"(anonymous_3)","decl":{"start":{"line":24,"column":12},"end":{"line":24,"column":13}},"loc":{"start":{"line":24,"column":26},"end":{"line":24,"column":49}},"line":24},"4":{"name":"(anonymous_4)","decl":{"start":{"line":25,"column":12},"end":{"line":25,"column":13}},"loc":{"start":{"line":25,"column":26},"end":{"line":25,"column":49}},"line":25},"5":{"name":"(anonymous_5)","decl":{"start":{"line":26,"column":10},"end":{"line":26,"column":11}},"loc":{"start":{"line":26,"column":24},"end":{"line":26,"column":54}},"line":26},"6":{"name":"(anonymous_6)","decl":{"start":{"line":27,"column":13},"end":{"line":27,"column":14}},"loc":{"start":{"line":27,"column":27},"end":{"line":27,"column":51}},"line":27},"7":{"name":"(anonymous_7)","decl":{"start":{"line":28,"column":12},"end":{"line":28,"column":13}},"loc":{"start":{"line":28,"column":26},"end":{"line":28,"column":49}},"line":28},"8":{"name":"(anonymous_8)","decl":{"start":{"line":29,"column":12},"end":{"line":29,"column":13}},"loc":{"start":{"line":29,"column":26},"end":{"line":29,"column":49}},"line":29},"9":{"name":"(anonymous_9)","decl":{"start":{"line":30,"column":13},"end":{"line":30,"column":14}},"loc":{"start":{"line":30,"column":27},"end":{"line":30,"column":51}},"line":30}},"branchMap":{"0":{"loc":{"start":{"line":16,"column":2},"end":{"line":18,"column":3}},"type":"if","locations":[{"start":{"line":16,"column":2},"end":{"line":18,"column":3}},{"start":{},"end":{}}],"line":16}},"s":{"0":3,"1":3,"2":3,"3":3,"4":3,"5":3,"6":3,"7":3,"8":3,"9":3,"10":3,"11":3,"12":11,"13":2,"14":9,"15":9,"16":0,"17":0,"18":0,"19":0,"20":1,"21":1,"22":1,"23":1,"24":1,"25":9,"26":3},"f":{"0":11,"1":0,"2":0,"3":0,"4":0,"5":1,"6":1,"7":1,"8":1,"9":1},"b":{"0":[2,9]},"_coverageSchema":"1a1c01bbd47fc00a2c39e90264f33305004495a9","hash":"ddf97408fdf1593c51dd542cc4434869ea71d904"}
,"/Users/muneeb/Desktop/SQE_Project/backend/src/controllers/middlewaresControllers/createCRUDController/listAll.js": {"path":"/Users/muneeb/Desktop/SQE_Project/backend/src/controllers/middlewaresControllers/createCRUDController/listAll.js","statementMap":{"0":{"start":{"line":1,"column":16},"end":{"line":38,"column":1}},"1":{"start":{"line":2,"column":15},"end":{"line":2,"column":39}},"2":{"start":{"line":3,"column":18},"end":{"line":3,"column":48}},"3":{"start":{"line":8,"column":2},"end":{"line":23,"column":3}},"4":{"start":{"line":9,"column":4},"end":{"line":14,"column":14}},"5":{"start":{"line":16,"column":4},"end":{"line":22,"column":14}},"6":{"start":{"line":25,"column":2},"end":{"line":37,"column":3}},"7":{"start":{"line":26,"column":4},"end":{"line":30,"column":7}},"8":{"start":{"line":32,"column":4},"end":{"line":36,"column":7}},"9":{"start":{"line":40,"column":0},"end":{"line":40,"column":25}}},"fnMap":{"0":{"name":"(anonymous_0)","decl":{"start":{"line":1,"column":16},"end":{"line":1,"column":17}},"loc":{"start":{"line":1,"column":43},"end":{"line":38,"column":1}},"line":1}},"branchMap":{"0":{"loc":{"start":{"line":2,"column":15},"end":{"line":2,"column":39}},"type":"binary-expr","locations":[{"start":{"line":2,"column":15},"end":{"line":2,"column":29}},{"start":{"line":2,"column":33},"end":{"line":2,"column":39}}],"line":2},"1":{"loc":{"start":{"line":3,"column":18},"end":{"line":3,"column":48}},"type":"binary-expr","locations":[{"start":{"line":3,"column":18},"end":{"line":3,"column":35}},{"start":{"line":3,"column":39},"end":{"line":3,"column":48}}],"line":3},"2":{"loc":{"start":{"line":8,"column":2},"end":{"line":23,"column":3}},"type":"if","locations":[{"start":{"line":8,"column":2},"end":{"line":23,"column":3}},{"start":{"line":15,"column":9},"end":{"line":23,"column":3}}],"line":8},"3":{"loc":{"start":{"line":25,"column":2},"end":{"line":37,"column":3}},"type":"if","locations":[{"start":{"line":25,"column":2},"end":{"line":37,"column":3}},{"start":{"line":31,"column":9},"end":{"line":37,"column":3}}],"line":25}},"s":{"0":5,"1":6,"2":6,"3":6,"4":4,"5":2,"6":6,"7":4,"8":2,"9":5},"f":{"0":6},"b":{"0":[6,5],"1":[6,4],"2":[4,2],"3":[4,2]},"_coverageSchema":"1a1c01bbd47fc00a2c39e90264f33305004495a9","hash":"e2ceb8526717aa491c283e30fc9101876c3ef2b9"}
,"/Users/muneeb/Desktop/SQE_Project/backend/src/controllers/middlewaresControllers/createCRUDController/paginatedList.js": {"path":"/Users/muneeb/Desktop/SQE_Project/backend/src/controllers/middlewaresControllers/createCRUDController/paginatedList.js","statementMap":{"0":{"start":{"line":1,"column":22},"end":{"line":61,"column":1}},"1":{"start":{"line":2,"column":15},"end":{"line":2,"column":34}},"2":{"start":{"line":3,"column":16},"end":{"line":3,"column":47}},"3":{"start":{"line":4,"column":15},"end":{"line":4,"column":35}},"4":{"start":{"line":6,"column":64},"end":{"line":6,"column":73}},"5":{"start":{"line":8,"column":22},"end":{"line":8,"column":73}},"6":{"start":{"line":12,"column":2},"end":{"line":12,"column":55}},"7":{"start":{"line":14,"column":2},"end":{"line":16,"column":3}},"8":{"start":{"line":15,"column":4},"end":{"line":15,"column":75}},"9":{"start":{"line":19,"column":25},"end":{"line":29,"column":11}},"10":{"start":{"line":32,"column":23},"end":{"line":37,"column":4}},"11":{"start":{"line":39,"column":26},"end":{"line":39,"column":75}},"12":{"start":{"line":42,"column":16},"end":{"line":42,"column":40}},"13":{"start":{"line":45,"column":21},"end":{"line":45,"column":43}},"14":{"start":{"line":46,"column":2},"end":{"line":60,"column":3}},"15":{"start":{"line":47,"column":4},"end":{"line":52,"column":7}},"16":{"start":{"line":54,"column":4},"end":{"line":59,"column":7}},"17":{"start":{"line":63,"column":0},"end":{"line":63,"column":31}}},"fnMap":{"0":{"name":"(anonymous_0)","decl":{"start":{"line":1,"column":22},"end":{"line":1,"column":23}},"loc":{"start":{"line":1,"column":49},"end":{"line":61,"column":1}},"line":1}},"branchMap":{"0":{"loc":{"start":{"line":2,"column":15},"end":{"line":2,"column":34}},"type":"binary-expr","locations":[{"start":{"line":2,"column":15},"end":{"line":2,"column":29}},{"start":{"line":2,"column":33},"end":{"line":2,"column":34}}],"line":2},"1":{"loc":{"start":{"line":3,"column":16},"end":{"line":3,"column":47}},"type":"binary-expr","locations":[{"start":{"line":3,"column":16},"end":{"line":3,"column":41}},{"start":{"line":3,"column":45},"end":{"line":3,"column":47}}],"line":3},"2":{"loc":{"start":{"line":6,"column":10},"end":{"line":6,"column":28}},"type":"default-arg","locations":[{"start":{"line":6,"column":19},"end":{"line":6,"column":28}}],"line":6},"3":{"loc":{"start":{"line":6,"column":30},"end":{"line":6,"column":44}},"type":"default-arg","locations":[{"start":{"line":6,"column":42},"end":{"line":6,"column":44}}],"line":6},"4":{"loc":{"start":{"line":8,"column":22},"end":{"line":8,"column":73}},"type":"cond-expr","locations":[{"start":{"line":8,"column":41},"end":{"line":8,"column":68}},{"start":{"line":8,"column":71},"end":{"line":8,"column":73}}],"line":8},"5":{"loc":{"start":{"line":12,"column":11},"end":{"line":12,"column":54}},"type":"cond-expr","locations":[{"start":{"line":12,"column":38},"end":{"line":12,"column":40}},{"start":{"line":12,"column":43},"end":{"line":12,"column":54}}],"line":12},"6":{"loc":{"start":{"line":46,"column":2},"end":{"line":60,"column":3}},"type":"if","locations":[{"start":{"line":46,"column":2},"end":{"line":60,"column":3}},{"start":{"line":53,"column":9},"end":{"line":60,"column":3}}],"line":46}},"s":{"0":4,"1":7,"2":7,"3":7,"4":7,"5":7,"6":7,"7":7,"8":2,"9":7,"10":7,"11":7,"12":7,"13":7,"14":7,"15":5,"16":2,"17":4},"f":{"0":7},"b":{"0":[7,0],"1":[7,0],"2":[6],"3":[6],"4":[1,6],"5":[6,1],"6":[5,2]},"_coverageSchema":"1a1c01bbd47fc00a2c39e90264f33305004495a9","hash":"5bf4026948281b908a9a1e89fdd9f8e6e091a2fb"}
,"/Users/muneeb/Desktop/SQE_Project/backend/src/controllers/middlewaresControllers/createCRUDController/read.js": {"path":"/Users/muneeb/Desktop/SQE_Project/backend/src/controllers/middlewaresControllers/createCRUDController/read.js","statementMap":{"0":{"start":{"line":1,"column":13},"end":{"line":22,"column":1}},"1":{"start":{"line":3,"column":17},"end":{"line":6,"column":11}},"2":{"start":{"line":8,"column":2},"end":{"line":21,"column":3}},"3":{"start":{"line":9,"column":4},"end":{"line":13,"column":7}},"4":{"start":{"line":16,"column":4},"end":{"line":20,"column":7}},"5":{"start":{"line":24,"column":0},"end":{"line":24,"column":22}}},"fnMap":{"0":{"name":"(anonymous_0)","decl":{"start":{"line":1,"column":13},"end":{"line":1,"column":14}},"loc":{"start":{"line":1,"column":40},"end":{"line":22,"column":1}},"line":1}},"branchMap":{"0":{"loc":{"start":{"line":8,"column":2},"end":{"line":21,"column":3}},"type":"if","locations":[{"start":{"line":8,"column":2},"end":{"line":21,"column":3}},{"start":{"line":14,"column":9},"end":{"line":21,"column":3}}],"line":8}},"s":{"0":3,"1":2,"2":2,"3":1,"4":1,"5":3},"f":{"0":2},"b":{"0":[1,1]},"_coverageSchema":"1a1c01bbd47fc00a2c39e90264f33305004495a9","hash":"477bdbac681b513ba8ed4990020b9a96603ce8ce"}
,"/Users/muneeb/Desktop/SQE_Project/backend/src/controllers/middlewaresControllers/createCRUDController/remove.js": {"path":"/Users/muneeb/Desktop/SQE_Project/backend/src/controllers/middlewaresControllers/createCRUDController/remove.js","statementMap":{"0":{"start":{"line":1,"column":15},"end":{"line":45,"column":1}},"1":{"start":{"line":3,"column":22},"end":{"line":6,"column":4}},"2":{"start":{"line":8,"column":2},"end":{"line":14,"column":3}},"3":{"start":{"line":9,"column":4},"end":{"line":13,"column":7}},"4":{"start":{"line":17,"column":16},"end":{"line":19,"column":3}},"5":{"start":{"line":21,"column":17},"end":{"line":30,"column":10}},"6":{"start":{"line":32,"column":2},"end":{"line":44,"column":3}},"7":{"start":{"line":33,"column":4},"end":{"line":37,"column":7}},"8":{"start":{"line":39,"column":4},"end":{"line":43,"column":7}},"9":{"start":{"line":47,"column":0},"end":{"line":47,"column":24}}},"fnMap":{"0":{"name":"(anonymous_0)","decl":{"start":{"line":1,"column":15},"end":{"line":1,"column":16}},"loc":{"start":{"line":1,"column":42},"end":{"line":45,"column":1}},"line":1}},"branchMap":{"0":{"loc":{"start":{"line":8,"column":2},"end":{"line":14,"column":3}},"type":"if","locations":[{"start":{"line":8,"column":2},"end":{"line":14,"column":3}},{"start":{},"end":{}}],"line":8},"1":{"loc":{"start":{"line":32,"column":2},"end":{"line":44,"column":3}},"type":"if","locations":[{"start":{"line":32,"column":2},"end":{"line":44,"column":3}},{"start":{"line":38,"column":9},"end":{"line":44,"column":3}}],"line":32}},"s":{"0":4,"1":2,"2":2,"3":1,"4":1,"5":1,"6":1,"7":0,"8":1,"9":4},"f":{"0":2},"b":{"0":[1,1],"1":[0,1]},"_coverageSchema":"1a1c01bbd47fc00a2c39e90264f33305004495a9","hash":"2da34d4f67cc1ff07ef620ddb2a35b727c8fd2a8"}
,"/Users/muneeb/Desktop/SQE_Project/backend/src/controllers/middlewaresControllers/createCRUDController/search.js": {"path":"/Users/muneeb/Desktop/SQE_Project/backend/src/controllers/middlewaresControllers/createCRUDController/search.js","statementMap":{"0":{"start":{"line":1,"column":15},"end":{"line":57,"column":1}},"1":{"start":{"line":14,"column":24},"end":{"line":14,"column":88}},"2":{"start":{"line":15,"column":22},"end":{"line":15,"column":84}},"3":{"start":{"line":18,"column":2},"end":{"line":24,"column":3}},"4":{"start":{"line":19,"column":4},"end":{"line":23,"column":7}},"5":{"start":{"line":26,"column":17},"end":{"line":26,"column":28}},"6":{"start":{"line":28,"column":2},"end":{"line":30,"column":3}},"7":{"start":{"line":29,"column":4},"end":{"line":29,"column":75}},"8":{"start":{"line":33,"column":16},"end":{"line":39,"column":11}},"9":{"start":{"line":41,"column":2},"end":{"line":56,"column":3}},"10":{"start":{"line":42,"column":4},"end":{"line":46,"column":7}},"11":{"start":{"line":48,"column":4},"end":{"line":55,"column":13}},"12":{"start":{"line":59,"column":0},"end":{"line":59,"column":24}}},"fnMap":{"0":{"name":"(anonymous_0)","decl":{"start":{"line":1,"column":15},"end":{"line":1,"column":16}},"loc":{"start":{"line":1,"column":42},"end":{"line":57,"column":1}},"line":1}},"branchMap":{"0":{"loc":{"start":{"line":15,"column":22},"end":{"line":15,"column":84}},"type":"cond-expr","locations":[{"start":{"line":15,"column":41},"end":{"line":15,"column":68}},{"start":{"line":15,"column":71},"end":{"line":15,"column":84}}],"line":15},"1":{"loc":{"start":{"line":18,"column":2},"end":{"line":24,"column":3}},"type":"if","locations":[{"start":{"line":18,"column":2},"end":{"line":24,"column":3}},{"start":{},"end":{}}],"line":18},"2":{"loc":{"start":{"line":18,"column":6},"end":{"line":18,"column":47}},"type":"binary-expr","locations":[{"start":{"line":18,"column":6},"end":{"line":18,"column":18}},{"start":{"line":18,"column":22},"end":{"line":18,"column":47}}],"line":18},"3":{"loc":{"start":{"line":41,"column":2},"end":{"line":56,"column":3}},"type":"if","locations":[{"start":{"line":41,"column":2},"end":{"line":56,"column":3}},{"start":{"line":47,"column":9},"end":{"line":56,"column":3}}],"line":41}},"s":{"0":4,"1":7,"2":7,"3":7,"4":0,"5":7,"6":7,"7":33,"8":7,"9":7,"10":4,"11":3,"12":4},"f":{"0":7},"b":{"0":[2,5],"1":[0,7],"2":[7,7],"3":[4,3]},"_coverageSchema":"1a1c01bbd47fc00a2c39e90264f33305004495a9","hash":"461d59fcb4ce9eb3335eebf5e182bc04230723c9"}
,"/Users/muneeb/Desktop/SQE_Project/backend/src/controllers/middlewaresControllers/createCRUDController/summary.js": {"path":"/Users/muneeb/Desktop/SQE_Project/backend/src/controllers/middlewaresControllers/createCRUDController/summary.js","statementMap":{"0":{"start":{"line":1,"column":16},"end":{"line":36,"column":1}},"1":{"start":{"line":3,"column":23},"end":{"line":5,"column":4}},"2":{"start":{"line":8,"column":2},"end":{"line":19,"column":3}},"3":{"start":{"line":9,"column":4},"end":{"line":14,"column":14}},"4":{"start":{"line":16,"column":4},"end":{"line":18,"column":14}},"5":{"start":{"line":21,"column":38},"end":{"line":21,"column":87}},"6":{"start":{"line":23,"column":2},"end":{"line":35,"column":3}},"7":{"start":{"line":24,"column":4},"end":{"line":28,"column":7}},"8":{"start":{"line":30,"column":4},"end":{"line":34,"column":7}},"9":{"start":{"line":38,"column":0},"end":{"line":38,"column":25}}},"fnMap":{"0":{"name":"(anonymous_0)","decl":{"start":{"line":1,"column":16},"end":{"line":1,"column":17}},"loc":{"start":{"line":1,"column":43},"end":{"line":36,"column":1}},"line":1}},"branchMap":{"0":{"loc":{"start":{"line":8,"column":2},"end":{"line":19,"column":3}},"type":"if","locations":[{"start":{"line":8,"column":2},"end":{"line":19,"column":3}},{"start":{"line":15,"column":9},"end":{"line":19,"column":3}}],"line":8},"1":{"loc":{"start":{"line":8,"column":6},"end":{"line":8,"column":41}},"type":"binary-expr","locations":[{"start":{"line":8,"column":6},"end":{"line":8,"column":22}},{"start":{"line":8,"column":26},"end":{"line":8,"column":41}}],"line":8},"2":{"loc":{"start":{"line":23,"column":2},"end":{"line":35,"column":3}},"type":"if","locations":[{"start":{"line":23,"column":2},"end":{"line":35,"column":3}},{"start":{"line":29,"column":9},"end":{"line":35,"column":3}}],"line":23}},"s":{"0":5,"1":4,"2":4,"3":4,"4":0,"5":4,"6":4,"7":1,"8":3,"9":5},"f":{"0":4},"b":{"0":[4,0],"1":[4,4],"2":[1,3]},"_coverageSchema":"1a1c01bbd47fc00a2c39e90264f33305004495a9","hash":"f3acb703ff7fb26bea5d401046a241c4bfa0859d"}
,"/Users/muneeb/Desktop/SQE_Project/backend/src/controllers/middlewaresControllers/createCRUDController/update.js": {"path":"/Users/muneeb/Desktop/SQE_Project/backend/src/controllers/middlewaresControllers/createCRUDController/update.js","statementMap":{"0":{"start":{"line":1,"column":15},"end":{"line":46,"column":1}},"1":{"start":{"line":3,"column":22},"end":{"line":6,"column":4}},"2":{"start":{"line":8,"column":2},"end":{"line":14,"column":3}},"3":{"start":{"line":9,"column":4},"end":{"line":13,"column":7}},"4":{"start":{"line":18,"column":37},"end":{"line":18,"column":45}},"5":{"start":{"line":19,"column":2},"end":{"line":19,"column":29}},"6":{"start":{"line":21,"column":17},"end":{"line":31,"column":10}},"7":{"start":{"line":33,"column":2},"end":{"line":45,"column":3}},"8":{"start":{"line":34,"column":4},"end":{"line":38,"column":7}},"9":{"start":{"line":40,"column":4},"end":{"line":44,"column":7}},"10":{"start":{"line":48,"column":0},"end":{"line":48,"column":24}}},"fnMap":{"0":{"name":"(anonymous_0)","decl":{"start":{"line":1,"column":15},"end":{"line":1,"column":16}},"loc":{"start":{"line":1,"column":42},"end":{"line":46,"column":1}},"line":1}},"branchMap":{"0":{"loc":{"start":{"line":8,"column":2},"end":{"line":14,"column":3}},"type":"if","locations":[{"start":{"line":8,"column":2},"end":{"line":14,"column":3}},{"start":{},"end":{}}],"line":8},"1":{"loc":{"start":{"line":33,"column":2},"end":{"line":45,"column":3}},"type":"if","locations":[{"start":{"line":33,"column":2},"end":{"line":45,"column":3}},{"start":{"line":39,"column":9},"end":{"line":45,"column":3}}],"line":33}},"s":{"0":4,"1":3,"2":3,"3":2,"4":1,"5":1,"6":1,"7":1,"8":0,"9":1,"10":4},"f":{"0":3},"b":{"0":[2,1],"1":[0,1]},"_coverageSchema":"1a1c01bbd47fc00a2c39e90264f33305004495a9","hash":"62a96076cf8b628d3cd77594ab950dd55f2ef9de"}
,"/Users/muneeb/Desktop/SQE_Project/backend/src/controllers/pdfController/index.js": {"path":"/Users/muneeb/Desktop/SQE_Project/backend/src/controllers/pdfController/index.js","statementMap":{"0":{"start":{"line":1,"column":12},"end":{"line":1,"column":26}},"1":{"start":{"line":2,"column":11},"end":{"line":2,"column":24}},"2":{"start":{"line":3,"column":15},"end":{"line":3,"column":32}},"3":{"start":{"line":4,"column":10},"end":{"line":4,"column":29}},"4":{"start":{"line":5,"column":42},"end":{"line":5,"column":75}},"5":{"start":{"line":6,"column":20},"end":{"line":6,"column":55}},"6":{"start":{"line":7,"column":20},"end":{"line":7,"column":51}},"7":{"start":{"line":8,"column":30},"end":{"line":8,"column":51}},"8":{"start":{"line":10,"column":17},"end":{"line":10,"column":57}},"9":{"start":{"line":12,"column":0},"end":{"line":12,"column":43}},"10":{"start":{"line":13,"column":0},"end":{"line":13,"column":49}},"11":{"start":{"line":15,"column":0},"end":{"line":84,"column":2}},"12":{"start":{"line":21,"column":2},"end":{"line":83,"column":3}},"13":{"start":{"line":22,"column":31},"end":{"line":22,"column":35}},"14":{"start":{"line":25,"column":4},"end":{"line":27,"column":5}},"15":{"start":{"line":26,"column":6},"end":{"line":26,"column":36}},"16":{"start":{"line":31,"column":4},"end":{"line":80,"column":5}},"17":{"start":{"line":34,"column":23},"end":{"line":34,"column":43}},"18":{"start":{"line":35,"column":27},"end":{"line":35,"column":58}},"19":{"start":{"line":36,"column":24},"end":{"line":36,"column":53}},"20":{"start":{"line":45,"column":10},"end":{"line":45,"column":18}},"21":{"start":{"line":47,"column":33},"end":{"line":56,"column":8}},"22":{"start":{"line":57,"column":29},"end":{"line":57,"column":50}},"23":{"start":{"line":59,"column":6},"end":{"line":59,"column":67}},"24":{"start":{"line":61,"column":26},"end":{"line":68,"column":8}},"25":{"start":{"line":70,"column":6},"end":{"line":79,"column":11}},"26":{"start":{"line":77,"column":10},"end":{"line":77,"column":44}},"27":{"start":{"line":77,"column":21},"end":{"line":77,"column":44}},"28":{"start":{"line":78,"column":10},"end":{"line":78,"column":35}},"29":{"start":{"line":78,"column":24},"end":{"line":78,"column":35}},"30":{"start":{"line":82,"column":4},"end":{"line":82,"column":27}}},"fnMap":{"0":{"name":"(anonymous_0)","decl":{"start":{"line":15,"column":22},"end":{"line":15,"column":23}},"loc":{"start":{"line":20,"column":5},"end":{"line":84,"column":1}},"line":20},"1":{"name":"(anonymous_1)","decl":{"start":{"line":76,"column":32},"end":{"line":76,"column":33}},"loc":{"start":{"line":76,"column":49},"end":{"line":79,"column":9}},"line":76}},"branchMap":{"0":{"loc":{"start":{"line":17,"column":2},"end":{"line":17,"column":67}},"type":"default-arg","locations":[{"start":{"line":17,"column":9},"end":{"line":17,"column":67}}],"line":17},"1":{"loc":{"start":{"line":25,"column":4},"end":{"line":27,"column":5}},"type":"if","locations":[{"start":{"line":25,"column":4},"end":{"line":27,"column":5}},{"start":{},"end":{}}],"line":25},"2":{"loc":{"start":{"line":31,"column":4},"end":{"line":80,"column":5}},"type":"if","locations":[{"start":{"line":31,"column":4},"end":{"line":80,"column":5}},{"start":{},"end":{}}],"line":31},"3":{"loc":{"start":{"line":77,"column":10},"end":{"line":77,"column":44}},"type":"if","locations":[{"start":{"line":77,"column":10},"end":{"line":77,"column":44}},{"start":{},"end":{}}],"line":77},"4":{"loc":{"start":{"line":78,"column":10},"end":{"line":78,"column":35}},"type":"if","locations":[{"start":{"line":78,"column":10},"end":{"line":78,"column":35}},{"start":{},"end":{}}],"line":78}},"s":{"0":9,"1":9,"2":9,"3":9,"4":9,"5":9,"6":9,"7":9,"8":9,"9":9,"10":9,"11":9,"12":0,"13":0,"14":0,"15":0,"16":0,"17":0,"18":0,"19":0,"20":0,"21":0,"22":0,"23":0,"24":0,"25":0,"26":0,"27":0,"28":0,"29":0,"30":0},"f":{"0":0,"1":0},"b":{"0":[0],"1":[0,0],"2":[0,0],"3":[0,0],"4":[0,0]},"_coverageSchema":"1a1c01bbd47fc00a2c39e90264f33305004495a9","hash":"e42f932d6d1410481f1a0ddc8f634df75420d3ea"}
,"/Users/muneeb/Desktop/SQE_Project/backend/src/handlers/errorHandlers.js": {"path":"/Users/muneeb/Desktop/SQE_Project/backend/src/handlers/errorHandlers.js","statementMap":{"0":{"start":{"line":9,"column":0},"end":{"line":32,"column":2}},"1":{"start":{"line":10,"column":2},"end":{"line":31,"column":4}},"2":{"start":{"line":11,"column":4},"end":{"line":30,"column":7}},"3":{"start":{"line":12,"column":6},"end":{"line":29,"column":7}},"4":{"start":{"line":13,"column":8},"end":{"line":19,"column":11}},"5":{"start":{"line":22,"column":8},"end":{"line":28,"column":11}},"6":{"start":{"line":39,"column":0},"end":{"line":44,"column":2}},"7":{"start":{"line":40,"column":2},"end":{"line":43,"column":5}},"8":{"start":{"line":51,"column":0},"end":{"line":64,"column":2}},"9":{"start":{"line":52,"column":2},"end":{"line":52,"column":34}},"10":{"start":{"line":53,"column":23},"end":{"line":57,"column":3}},"11":{"start":{"line":59,"column":2},"end":{"line":63,"column":5}},"12":{"start":{"line":71,"column":0},"end":{"line":77,"column":2}},"13":{"start":{"line":72,"column":2},"end":{"line":76,"column":5}}},"fnMap":{"0":{"name":"(anonymous_0)","decl":{"start":{"line":9,"column":22},"end":{"line":9,"column":23}},"loc":{"start":{"line":9,"column":30},"end":{"line":32,"column":1}},"line":9},"1":{"name":"(anonymous_1)","decl":{"start":{"line":10,"column":9},"end":{"line":10,"column":10}},"loc":{"start":{"line":10,"column":35},"end":{"line":31,"column":3}},"line":10},"2":{"name":"(anonymous_2)","decl":{"start":{"line":11,"column":36},"end":{"line":11,"column":37}},"loc":{"start":{"line":11,"column":47},"end":{"line":30,"column":5}},"line":11},"3":{"name":"(anonymous_3)","decl":{"start":{"line":39,"column":19},"end":{"line":39,"column":20}},"loc":{"start":{"line":39,"column":39},"end":{"line":44,"column":1}},"line":39},"4":{"name":"(anonymous_4)","decl":{"start":{"line":51,"column":28},"end":{"line":51,"column":29}},"loc":{"start":{"line":51,"column":55},"end":{"line":64,"column":1}},"line":51},"5":{"name":"(anonymous_5)","decl":{"start":{"line":71,"column":27},"end":{"line":71,"column":28}},"loc":{"start":{"line":71,"column":54},"end":{"line":77,"column":1}},"line":71}},"branchMap":{"0":{"loc":{"start":{"line":12,"column":6},"end":{"line":29,"column":7}},"type":"if","locations":[{"start":{"line":12,"column":6},"end":{"line":29,"column":7}},{"start":{"line":20,"column":13},"end":{"line":29,"column":7}}],"line":12},"1":{"loc":{"start":{"line":52,"column":16},"end":{"line":52,"column":33}},"type":"binary-expr","locations":[{"start":{"line":52,"column":16},"end":{"line":52,"column":27}},{"start":{"line":52,"column":31},"end":{"line":52,"column":33}}],"line":52}},"s":{"0":2,"1":3,"2":3,"3":2,"4":1,"5":1,"6":2,"7":1,"8":2,"9":3,"10":3,"11":3,"12":2,"13":1},"f":{"0":3,"1":3,"2":2,"3":1,"4":3,"5":1},"b":{"0":[1,1],"1":[3,1]},"_coverageSchema":"1a1c01bbd47fc00a2c39e90264f33305004495a9","hash":"670e41050af06706a5e5beed808d26d6564ec842"}
,"/Users/muneeb/Desktop/SQE_Project/backend/src/locale/useLanguage.js": {"path":"/Users/muneeb/Desktop/SQE_Project/backend/src/locale/useLanguage.js","statementMap":{"0":{"start":{"line":1,"column":29},"end":{"line":1,"column":62}},"1":{"start":{"line":3,"column":17},"end":{"line":25,"column":1}},"2":{"start":{"line":4,"column":2},"end":{"line":24,"column":3}},"3":{"start":{"line":5,"column":25},"end":{"line":8,"column":25}},"4":{"start":{"line":10,"column":4},"end":{"line":21,"column":5}},"5":{"start":{"line":10,"column":28},"end":{"line":10,"column":54}},"6":{"start":{"line":12,"column":40},"end":{"line":12,"column":82}},"7":{"start":{"line":14,"column":54},"end":{"line":16,"column":7}},"8":{"start":{"line":15,"column":18},"end":{"line":15,"column":59}},"9":{"start":{"line":18,"column":20},"end":{"line":18,"column":69}},"10":{"start":{"line":20,"column":6},"end":{"line":20,"column":19}},"11":{"start":{"line":23,"column":4},"end":{"line":23,"column":32}},"12":{"start":{"line":27,"column":20},"end":{"line":32,"column":1}},"13":{"start":{"line":28,"column":26},"end":{"line":28,"column":47}},"14":{"start":{"line":30,"column":19},"end":{"line":30,"column":43}},"15":{"start":{"line":31,"column":2},"end":{"line":31,"column":18}},"16":{"start":{"line":34,"column":20},"end":{"line":41,"column":1}},"17":{"start":{"line":35,"column":15},"end":{"line":35,"column":28}},"18":{"start":{"line":36,"column":20},"end":{"line":39,"column":3}},"19":{"start":{"line":37,"column":17},"end":{"line":37,"column":38}},"20":{"start":{"line":38,"column":4},"end":{"line":38,"column":16}},"21":{"start":{"line":40,"column":2},"end":{"line":40,"column":19}},"22":{"start":{"line":43,"column":0},"end":{"line":43,"column":29}}},"fnMap":{"0":{"name":"(anonymous_0)","decl":{"start":{"line":3,"column":17},"end":{"line":3,"column":18}},"loc":{"start":{"line":3,"column":32},"end":{"line":25,"column":1}},"line":3},"1":{"name":"(anonymous_1)","decl":{"start":{"line":15,"column":8},"end":{"line":15,"column":9}},"loc":{"start":{"line":15,"column":18},"end":{"line":15,"column":59}},"line":15},"2":{"name":"(anonymous_2)","decl":{"start":{"line":27,"column":20},"end":{"line":27,"column":21}},"loc":{"start":{"line":27,"column":26},"end":{"line":32,"column":1}},"line":27},"3":{"name":"(anonymous_3)","decl":{"start":{"line":34,"column":20},"end":{"line":34,"column":21}},"loc":{"start":{"line":34,"column":42},"end":{"line":41,"column":1}},"line":34},"4":{"name":"(anonymous_4)","decl":{"start":{"line":36,"column":20},"end":{"line":36,"column":21}},"loc":{"start":{"line":36,"column":31},"end":{"line":39,"column":3}},"line":36}},"branchMap":{"0":{"loc":{"start":{"line":10,"column":4},"end":{"line":21,"column":5}},"type":"if","locations":[{"start":{"line":10,"column":4},"end":{"line":21,"column":5}},{"start":{"line":11,"column":9},"end":{"line":21,"column":5}}],"line":10}},"s":{"0":9,"1":9,"2":0,"3":0,"4":0,"5":0,"6":0,"7":0,"8":0,"9":0,"10":0,"11":0,"12":9,"13":0,"14":0,"15":0,"16":9,"17":0,"18":0,"19":0,"20":0,"21":0,"22":9},"f":{"0":0,"1":0,"2":0,"3":0,"4":0},"b":{"0":[0,0]},"_coverageSchema":"1a1c01bbd47fc00a2c39e90264f33305004495a9","hash":"55a72b54e7c989ee8313fc9090a3488d6b50b0de"}
,"/Users/muneeb/Desktop/SQE_Project/backend/src/middlewares/serverData.js": {"path":"/Users/muneeb/Desktop/SQE_Project/backend/src/middlewares/serverData.js","statementMap":{"0":{"start":{"line":1,"column":17},"end":{"line":1,"column":36}},"1":{"start":{"line":2,"column":0},"end":{"line":6,"column":2}},"2":{"start":{"line":3,"column":16},"end":{"line":3,"column":37}},"3":{"start":{"line":4,"column":17},"end":{"line":4,"column":62}},"4":{"start":{"line":5,"column":2},"end":{"line":5,"column":16}},"5":{"start":{"line":8,"column":0},"end":{"line":12,"column":2}},"6":{"start":{"line":9,"column":16},"end":{"line":9,"column":37}},"7":{"start":{"line":10,"column":17},"end":{"line":10,"column":59}},"8":{"start":{"line":11,"column":2},"end":{"line":11,"column":16}}},"fnMap":{"0":{"name":"(anonymous_0)","decl":{"start":{"line":2,"column":18},"end":{"line":2,"column":19}},"loc":{"start":{"line":2,"column":33},"end":{"line":6,"column":1}},"line":2},"1":{"name":"(anonymous_1)","decl":{"start":{"line":8,"column":17},"end":{"line":8,"column":18}},"loc":{"start":{"line":8,"column":36},"end":{"line":12,"column":1}},"line":8}},"branchMap":{},"s":{"0":9,"1":9,"2":0,"3":0,"4":0,"5":9,"6":0,"7":0,"8":0},"f":{"0":0,"1":0},"b":{},"_coverageSchema":"1a1c01bbd47fc00a2c39e90264f33305004495a9","hash":"068f1bdd820068d82a4c2e35baf20421400156b4"}
,"/Users/muneeb/Desktop/SQE_Project/backend/src/middlewares/settings/increaseBySettingKey.js": {"path":"/Users/muneeb/Desktop/SQE_Project/backend/src/middlewares/settings/increaseBySettingKey.js","statementMap":{"0":{"start":{"line":1,"column":17},"end":{"line":1,"column":36}},"1":{"start":{"line":3,"column":14},"end":{"line":3,"column":39}},"2":{"start":{"line":5,"column":29},"end":{"line":32,"column":1}},"3":{"start":{"line":6,"column":2},"end":{"line":31,"column":3}},"4":{"start":{"line":7,"column":4},"end":{"line":9,"column":5}},"5":{"start":{"line":8,"column":6},"end":{"line":8,"column":18}},"6":{"start":{"line":11,"column":19},"end":{"line":20,"column":12}},"7":{"start":{"line":23,"column":4},"end":{"line":28,"column":5}},"8":{"start":{"line":24,"column":6},"end":{"line":24,"column":18}},"9":{"start":{"line":27,"column":6},"end":{"line":27,"column":20}},"10":{"start":{"line":30,"column":4},"end":{"line":30,"column":16}},"11":{"start":{"line":34,"column":0},"end":{"line":34,"column":38}}},"fnMap":{"0":{"name":"(anonymous_0)","decl":{"start":{"line":5,"column":29},"end":{"line":5,"column":30}},"loc":{"start":{"line":5,"column":55},"end":{"line":32,"column":1}},"line":5}},"branchMap":{"0":{"loc":{"start":{"line":7,"column":4},"end":{"line":9,"column":5}},"type":"if","locations":[{"start":{"line":7,"column":4},"end":{"line":9,"column":5}},{"start":{},"end":{}}],"line":7},"1":{"loc":{"start":{"line":23,"column":4},"end":{"line":28,"column":5}},"type":"if","locations":[{"start":{"line":23,"column":4},"end":{"line":28,"column":5}},{"start":{"line":25,"column":11},"end":{"line":28,"column":5}}],"line":23}},"s":{"0":19,"1":19,"2":19,"3":27,"4":27,"5":2,"6":25,"7":24,"8":23,"9":1,"10":1,"11":19},"f":{"0":27},"b":{"0":[2,25],"1":[23,1]},"_coverageSchema":"1a1c01bbd47fc00a2c39e90264f33305004495a9","hash":"b96da41af35a4fae9175ef13bb4eecd32ce93231"}
,"/Users/muneeb/Desktop/SQE_Project/backend/src/middlewares/settings/index.js": {"path":"/Users/muneeb/Desktop/SQE_Project/backend/src/middlewares/settings/index.js","statementMap":{"0":{"start":{"line":1,"column":25},"end":{"line":1,"column":54}},"1":{"start":{"line":2,"column":25},"end":{"line":2,"column":54}},"2":{"start":{"line":3,"column":24},"end":{"line":3,"column":52}},"3":{"start":{"line":4,"column":27},"end":{"line":4,"column":58}},"4":{"start":{"line":5,"column":29},"end":{"line":5,"column":62}},"5":{"start":{"line":6,"column":21},"end":{"line":6,"column":46}},"6":{"start":{"line":8,"column":0},"end":{"line":15,"column":2}}},"fnMap":{},"branchMap":{},"s":{"0":18,"1":18,"2":18,"3":18,"4":18,"5":18,"6":18},"f":{},"b":{},"_coverageSchema":"1a1c01bbd47fc00a2c39e90264f33305004495a9","hash":"b7d0213b60e1cf077cbcfd74a2e5c603d651303e"}
,"/Users/muneeb/Desktop/SQE_Project/backend/src/middlewares/settings/listAllSettings.js": {"path":"/Users/muneeb/Desktop/SQE_Project/backend/src/middlewares/settings/listAllSettings.js","statementMap":{"0":{"start":{"line":1,"column":17},"end":{"line":1,"column":36}},"1":{"start":{"line":3,"column":14},"end":{"line":3,"column":39}},"2":{"start":{"line":5,"column":24},"end":{"line":20,"column":1}},"3":{"start":{"line":6,"column":2},"end":{"line":19,"column":3}},"4":{"start":{"line":8,"column":19},"end":{"line":10,"column":13}},"5":{"start":{"line":12,"column":4},"end":{"line":16,"column":5}},"6":{"start":{"line":13,"column":6},"end":{"line":13,"column":20}},"7":{"start":{"line":15,"column":6},"end":{"line":15,"column":16}},"8":{"start":{"line":18,"column":4},"end":{"line":18,"column":14}},"9":{"start":{"line":22,"column":0},"end":{"line":22,"column":33}}},"fnMap":{"0":{"name":"(anonymous_0)","decl":{"start":{"line":5,"column":24},"end":{"line":5,"column":25}},"loc":{"start":{"line":5,"column":36},"end":{"line":20,"column":1}},"line":5}},"branchMap":{"0":{"loc":{"start":{"line":12,"column":4},"end":{"line":16,"column":5}},"type":"if","locations":[{"start":{"line":12,"column":4},"end":{"line":16,"column":5}},{"start":{"line":14,"column":11},"end":{"line":16,"column":5}}],"line":12}},"s":{"0":20,"1":20,"2":20,"3":17,"4":17,"5":16,"6":4,"7":12,"8":1,"9":20},"f":{"0":17},"b":{"0":[4,12]},"_coverageSchema":"1a1c01bbd47fc00a2c39e90264f33305004495a9","hash":"720d9651973680bc2cbee6a377c638da8f49544b"}
,"/Users/muneeb/Desktop/SQE_Project/backend/src/middlewares/settings/listBySettingKey.js": {"path":"/Users/muneeb/Desktop/SQE_Project/backend/src/middlewares/settings/listBySettingKey.js","statementMap":{"0":{"start":{"line":1,"column":17},"end":{"line":1,"column":36}},"1":{"start":{"line":3,"column":14},"end":{"line":3,"column":39}},"2":{"start":{"line":5,"column":25},"end":{"line":29,"column":1}},"3":{"start":{"line":6,"column":2},"end":{"line":28,"column":3}},"4":{"start":{"line":9,"column":27},"end":{"line":9,"column":38}},"5":{"start":{"line":11,"column":4},"end":{"line":13,"column":5}},"6":{"start":{"line":12,"column":6},"end":{"line":12,"column":16}},"7":{"start":{"line":15,"column":4},"end":{"line":17,"column":5}},"8":{"start":{"line":16,"column":6},"end":{"line":16,"column":46}},"9":{"start":{"line":18,"column":18},"end":{"line":18,"column":81}},"10":{"start":{"line":21,"column":4},"end":{"line":25,"column":5}},"11":{"start":{"line":22,"column":6},"end":{"line":22,"column":21}},"12":{"start":{"line":24,"column":6},"end":{"line":24,"column":16}},"13":{"start":{"line":27,"column":4},"end":{"line":27,"column":14}},"14":{"start":{"line":31,"column":0},"end":{"line":31,"column":34}}},"fnMap":{"0":{"name":"(anonymous_0)","decl":{"start":{"line":5,"column":25},"end":{"line":5,"column":26}},"loc":{"start":{"line":5,"column":61},"end":{"line":29,"column":1}},"line":5}},"branchMap":{"0":{"loc":{"start":{"line":5,"column":34},"end":{"line":5,"column":54}},"type":"default-arg","locations":[{"start":{"line":5,"column":52},"end":{"line":5,"column":54}}],"line":5},"1":{"loc":{"start":{"line":11,"column":4},"end":{"line":13,"column":5}},"type":"if","locations":[{"start":{"line":11,"column":4},"end":{"line":13,"column":5}},{"start":{},"end":{}}],"line":11},"2":{"loc":{"start":{"line":21,"column":4},"end":{"line":25,"column":5}},"type":"if","locations":[{"start":{"line":21,"column":4},"end":{"line":25,"column":5}},{"start":{"line":23,"column":11},"end":{"line":25,"column":5}}],"line":21}},"s":{"0":20,"1":20,"2":20,"3":5,"4":5,"5":5,"6":2,"7":3,"8":5,"9":3,"10":3,"11":1,"12":2,"13":0,"14":20},"f":{"0":5},"b":{"0":[1],"1":[2,3],"2":[1,2]},"_coverageSchema":"1a1c01bbd47fc00a2c39e90264f33305004495a9","hash":"73bb9c976ab6653a5578a776a64fb04ba1dd2cea"}
,"/Users/muneeb/Desktop/SQE_Project/backend/src/middlewares/settings/loadSettings.js": {"path":"/Users/muneeb/Desktop/SQE_Project/backend/src/middlewares/settings/loadSettings.js","statementMap":{"0":{"start":{"line":1,"column":24},"end":{"line":1,"column":52}},"1":{"start":{"line":3,"column":21},"end":{"line":10,"column":1}},"2":{"start":{"line":4,"column":22},"end":{"line":4,"column":24}},"3":{"start":{"line":5,"column":16},"end":{"line":5,"column":39}},"4":{"start":{"line":6,"column":2},"end":{"line":8,"column":5}},"5":{"start":{"line":7,"column":4},"end":{"line":7,"column":43}},"6":{"start":{"line":9,"column":2},"end":{"line":9,"column":21}},"7":{"start":{"line":12,"column":0},"end":{"line":12,"column":30}}},"fnMap":{"0":{"name":"(anonymous_0)","decl":{"start":{"line":3,"column":21},"end":{"line":3,"column":22}},"loc":{"start":{"line":3,"column":33},"end":{"line":10,"column":1}},"line":3},"1":{"name":"(anonymous_1)","decl":{"start":{"line":6,"column":16},"end":{"line":6,"column":17}},"loc":{"start":{"line":6,"column":50},"end":{"line":8,"column":3}},"line":6}},"branchMap":{},"s":{"0":19,"1":19,"2":13,"3":13,"4":13,"5":3,"6":13,"7":19},"f":{"0":13,"1":3},"b":{},"_coverageSchema":"1a1c01bbd47fc00a2c39e90264f33305004495a9","hash":"613557d04b6febfce231a20df0664caf8a42a890"}
,"/Users/muneeb/Desktop/SQE_Project/backend/src/middlewares/settings/readBySettingKey.js": {"path":"/Users/muneeb/Desktop/SQE_Project/backend/src/middlewares/settings/readBySettingKey.js","statementMap":{"0":{"start":{"line":1,"column":17},"end":{"line":1,"column":36}},"1":{"start":{"line":3,"column":14},"end":{"line":3,"column":39}},"2":{"start":{"line":5,"column":25},"end":{"line":24,"column":1}},"3":{"start":{"line":6,"column":2},"end":{"line":23,"column":3}},"4":{"start":{"line":9,"column":4},"end":{"line":11,"column":5}},"5":{"start":{"line":10,"column":6},"end":{"line":10,"column":18}},"6":{"start":{"line":13,"column":19},"end":{"line":13,"column":54}},"7":{"start":{"line":15,"column":4},"end":{"line":20,"column":5}},"8":{"start":{"line":16,"column":6},"end":{"line":16,"column":18}},"9":{"start":{"line":19,"column":6},"end":{"line":19,"column":20}},"10":{"start":{"line":22,"column":4},"end":{"line":22,"column":16}},"11":{"start":{"line":26,"column":0},"end":{"line":26,"column":34}}},"fnMap":{"0":{"name":"(anonymous_0)","decl":{"start":{"line":5,"column":25},"end":{"line":5,"column":26}},"loc":{"start":{"line":5,"column":51},"end":{"line":24,"column":1}},"line":5}},"branchMap":{"0":{"loc":{"start":{"line":9,"column":4},"end":{"line":11,"column":5}},"type":"if","locations":[{"start":{"line":9,"column":4},"end":{"line":11,"column":5}},{"start":{},"end":{}}],"line":9},"1":{"loc":{"start":{"line":15,"column":4},"end":{"line":20,"column":5}},"type":"if","locations":[{"start":{"line":15,"column":4},"end":{"line":20,"column":5}},{"start":{"line":17,"column":11},"end":{"line":20,"column":5}}],"line":15}},"s":{"0":19,"1":19,"2":19,"3":5,"4":5,"5":2,"6":3,"7":2,"8":1,"9":1,"10":1,"11":19},"f":{"0":5},"b":{"0":[2,3],"1":[1,1]},"_coverageSchema":"1a1c01bbd47fc00a2c39e90264f33305004495a9","hash":"fc8f6e5269a7e7dbd17eceea88de275cf087bf6c"}
,"/Users/muneeb/Desktop/SQE_Project/backend/src/middlewares/settings/updateBySettingKey.js": {"path":"/Users/muneeb/Desktop/SQE_Project/backend/src/middlewares/settings/updateBySettingKey.js","statementMap":{"0":{"start":{"line":1,"column":17},"end":{"line":1,"column":36}},"1":{"start":{"line":3,"column":14},"end":{"line":3,"column":39}},"2":{"start":{"line":5,"column":27},"end":{"line":31,"column":1}},"3":{"start":{"line":6,"column":2},"end":{"line":30,"column":3}},"4":{"start":{"line":7,"column":4},"end":{"line":9,"column":5}},"5":{"start":{"line":8,"column":6},"end":{"line":8,"column":18}},"6":{"start":{"line":11,"column":19},"end":{"line":20,"column":12}},"7":{"start":{"line":22,"column":4},"end":{"line":27,"column":5}},"8":{"start":{"line":23,"column":6},"end":{"line":23,"column":18}},"9":{"start":{"line":26,"column":6},"end":{"line":26,"column":20}},"10":{"start":{"line":29,"column":4},"end":{"line":29,"column":16}},"11":{"start":{"line":33,"column":0},"end":{"line":33,"column":36}}},"fnMap":{"0":{"name":"(anonymous_0)","decl":{"start":{"line":5,"column":27},"end":{"line":5,"column":28}},"loc":{"start":{"line":5,"column":67},"end":{"line":31,"column":1}},"line":5}},"branchMap":{"0":{"loc":{"start":{"line":7,"column":4},"end":{"line":9,"column":5}},"type":"if","locations":[{"start":{"line":7,"column":4},"end":{"line":9,"column":5}},{"start":{},"end":{}}],"line":7},"1":{"loc":{"start":{"line":7,"column":8},"end":{"line":7,"column":36}},"type":"binary-expr","locations":[{"start":{"line":7,"column":8},"end":{"line":7,"column":19}},{"start":{"line":7,"column":23},"end":{"line":7,"column":36}}],"line":7},"2":{"loc":{"start":{"line":22,"column":4},"end":{"line":27,"column":5}},"type":"if","locations":[{"start":{"line":22,"column":4},"end":{"line":27,"column":5}},{"start":{"line":24,"column":11},"end":{"line":27,"column":5}}],"line":22}},"s":{"0":19,"1":19,"2":19,"3":5,"4":5,"5":2,"6":3,"7":2,"8":1,"9":1,"10":1,"11":19},"f":{"0":5},"b":{"0":[2,3],"1":[5,4],"2":[1,1]},"_coverageSchema":"1a1c01bbd47fc00a2c39e90264f33305004495a9","hash":"79af6bd28738c42cb5d71019f82262a72b3e6e64"}
,"/Users/muneeb/Desktop/SQE_Project/backend/src/settings/index.js": {"path":"/Users/muneeb/Desktop/SQE_Project/backend/src/settings/index.js","statementMap":{"0":{"start":{"line":1,"column":16},"end":{"line":1,"column":36}},"1":{"start":{"line":2,"column":17},"end":{"line":2,"column":38}},"2":{"start":{"line":3,"column":23},"end":{"line":3,"column":50}},"3":{"start":{"line":5,"column":0},"end":{"line":9,"column":2}}},"fnMap":{},"branchMap":{},"s":{"0":9,"1":9,"2":9,"3":9},"f":{},"b":{},"_coverageSchema":"1a1c01bbd47fc00a2c39e90264f33305004495a9","hash":"8cffbfc36bc01450314debd0fc9f55d03a4209eb"}
,"/Users/muneeb/Desktop/SQE_Project/backend/src/settings/useAppSettings.js": {"path":"/Users/muneeb/Desktop/SQE_Project/backend/src/settings/useAppSettings.js","statementMap":{"0":{"start":{"line":1,"column":23},"end":{"line":6,"column":1}},"1":{"start":{"line":2,"column":17},"end":{"line":2,"column":19}},"2":{"start":{"line":3,"column":2},"end":{"line":3,"column":57}},"3":{"start":{"line":4,"column":2},"end":{"line":4,"column":62}},"4":{"start":{"line":5,"column":2},"end":{"line":5,"column":18}},"5":{"start":{"line":8,"column":0},"end":{"line":8,"column":32}}},"fnMap":{"0":{"name":"(anonymous_0)","decl":{"start":{"line":1,"column":23},"end":{"line":1,"column":24}},"loc":{"start":{"line":1,"column":29},"end":{"line":6,"column":1}},"line":1}},"branchMap":{},"s":{"0":10,"1":1,"2":1,"3":1,"4":1,"5":10},"f":{"0":1},"b":{},"_coverageSchema":"1a1c01bbd47fc00a2c39e90264f33305004495a9","hash":"f6856b6878f27b8a02d37a7306a6dfbbb1b4b9bf"}
,"/Users/muneeb/Desktop/SQE_Project/backend/src/settings/useDate.js": {"path":"/Users/muneeb/Desktop/SQE_Project/backend/src/settings/useDate.js","statementMap":{"0":{"start":{"line":1,"column":16},"end":{"line":9,"column":1}},"1":{"start":{"line":2,"column":37},"end":{"line":2,"column":45}},"2":{"start":{"line":4,"column":21},"end":{"line":4,"column":43}},"3":{"start":{"line":6,"column":2},"end":{"line":8,"column":4}},"4":{"start":{"line":11,"column":0},"end":{"line":11,"column":25}}},"fnMap":{"0":{"name":"(anonymous_0)","decl":{"start":{"line":1,"column":16},"end":{"line":1,"column":17}},"loc":{"start":{"line":1,"column":34},"end":{"line":9,"column":1}},"line":1}},"branchMap":{},"s":{"0":10,"1":2,"2":2,"3":2,"4":10},"f":{"0":2},"b":{},"_coverageSchema":"1a1c01bbd47fc00a2c39e90264f33305004495a9","hash":"c4a1942d3d05496447fb7abe717f64df22bf975c"}
,"/Users/muneeb/Desktop/SQE_Project/backend/src/settings/useMoney.js": {"path":"/Users/muneeb/Desktop/SQE_Project/backend/src/settings/useMoney.js","statementMap":{"0":{"start":{"line":1,"column":17},"end":{"line":1,"column":39}},"1":{"start":{"line":3,"column":17},"end":{"line":50,"column":1}},"2":{"start":{"line":11,"column":6},"end":{"line":11,"column":14}},"3":{"start":{"line":14,"column":4},"end":{"line":27,"column":22}},"4":{"start":{"line":31,"column":4},"end":{"line":33,"column":55}},"5":{"start":{"line":37,"column":4},"end":{"line":37,"column":34}},"6":{"start":{"line":40,"column":2},"end":{"line":49,"column":4}},"7":{"start":{"line":52,"column":0},"end":{"line":52,"column":26}}},"fnMap":{"0":{"name":"(anonymous_0)","decl":{"start":{"line":3,"column":17},"end":{"line":3,"column":18}},"loc":{"start":{"line":3,"column":35},"end":{"line":50,"column":1}},"line":3},"1":{"name":"currencyFormat","decl":{"start":{"line":13,"column":11},"end":{"line":13,"column":25}},"loc":{"start":{"line":13,"column":34},"end":{"line":28,"column":3}},"line":13},"2":{"name":"moneyFormatter","decl":{"start":{"line":30,"column":11},"end":{"line":30,"column":25}},"loc":{"start":{"line":30,"column":42},"end":{"line":34,"column":3}},"line":30},"3":{"name":"amountFormatter","decl":{"start":{"line":36,"column":11},"end":{"line":36,"column":26}},"loc":{"start":{"line":36,"column":43},"end":{"line":38,"column":3}},"line":36}},"branchMap":{"0":{"loc":{"start":{"line":14,"column":11},"end":{"line":27,"column":21}},"type":"cond-expr","locations":[{"start":{"line":15,"column":8},"end":{"line":20,"column":19}},{"start":{"line":21,"column":8},"end":{"line":27,"column":21}}],"line":14},"1":{"loc":{"start":{"line":14,"column":11},"end":{"line":14,"column":57}},"type":"binary-expr","locations":[{"start":{"line":14,"column":11},"end":{"line":14,"column":41}},{"start":{"line":14,"column":45},"end":{"line":14,"column":57}}],"line":14},"2":{"loc":{"start":{"line":30,"column":28},"end":{"line":30,"column":38}},"type":"default-arg","locations":[{"start":{"line":30,"column":37},"end":{"line":30,"column":38}}],"line":30},"3":{"loc":{"start":{"line":31,"column":11},"end":{"line":33,"column":54}},"type":"cond-expr","locations":[{"start":{"line":32,"column":8},"end":{"line":32,"column":54}},{"start":{"line":33,"column":8},"end":{"line":33,"column":54}}],"line":31},"4":{"loc":{"start":{"line":36,"column":29},"end":{"line":36,"column":39}},"type":"default-arg","locations":[{"start":{"line":36,"column":38},"end":{"line":36,"column":39}}],"line":36}},"s":{"0":11,"1":11,"2":12,"3":11,"4":10,"5":1,"6":12,"7":11},"f":{"0":12,"1":11,"2":10,"3":1},"b":{"0":[8,3],"1":[11,5],"2":[0],"3":[8,2],"4":[0]},"_coverageSchema":"1a1c01bbd47fc00a2c39e90264f33305004495a9","hash":"48422878ba930eb22f4c6ffaca0eb4b6f20617c7"}
}
