TN:
SF:src/app.js
FNF:0
FNH:0
DA:1,26
DA:3,26
DA:4,26
DA:6,26
DA:8,26
DA:9,26
DA:10,26
DA:11,26
DA:12,26
DA:14,26
DA:15,26
DA:17,26
DA:19,26
DA:21,26
DA:28,26
DA:29,26
DA:30,26
DA:32,26
DA:39,26
DA:40,26
DA:41,26
DA:42,26
DA:43,26
DA:46,26
DA:49,26
DA:52,26
LF:26
LH:26
BRF:0
BRH:0
end_of_record
TN:
SF:src/helpers.js
FN:16,(anonymous_0)
FN:24,(anonymous_1)
FN:29,(anonymous_2)
FN:48,(anonymous_3)
FN:51,(anonymous_4)
FN:54,(anonymous_5)
FN:57,(anonymous_6)
FNF:7
FNH:6
FNDA:2,(anonymous_0)
FNDA:1,(anonymous_1)
FNDA:0,(anonymous_2)
FNDA:132,(anonymous_3)
FNDA:66,(anonymous_4)
FNDA:115,(anonymous_5)
FNDA:3,(anonymous_6)
DA:6,43
DA:8,43
DA:11,43
DA:16,43
DA:17,2
DA:18,2
DA:20,2
DA:24,43
DA:27,43
DA:29,43
DA:30,0
DA:31,0
DA:34,0
DA:35,0
DA:37,0
DA:39,0
DA:40,0
DA:41,0
DA:42,0
DA:44,0
DA:47,43
DA:49,132
DA:52,66
DA:55,115
DA:58,3
LF:25
LH:15
BRDA:30,0,0,0
BRDA:30,0,1,0
BRDA:34,1,0,0
BRDA:34,1,1,0
BRDA:37,2,0,0
BRDA:37,2,1,0
BRF:6
BRH:0
end_of_record
TN:
SF:src/controllers/appControllers/index.js
FN:8,(anonymous_0)
FN:12,(anonymous_1)
FN:16,(anonymous_2)
FN:29,(anonymous_3)
FNF:4
FNH:4
FNDA:156,(anonymous_0)
FNDA:26,(anonymous_1)
FNDA:156,(anonymous_2)
FNDA:156,(anonymous_3)
DA:1,26
DA:2,26
DA:4,26
DA:5,26
DA:7,26
DA:8,26
DA:9,156
DA:12,26
DA:13,26
DA:14,26
DA:16,26
DA:17,156
DA:18,156
DA:20,156
DA:21,156
DA:22,156
DA:25,0
DA:29,26
DA:30,156
DA:31,0
DA:35,26
DA:38,26
LF:22
LH:20
BRDA:20,0,0,156
BRDA:20,0,1,0
BRDA:30,1,0,0
BRDA:30,1,1,156
BRF:4
BRH:2
end_of_record
TN:
SF:src/controllers/appControllers/clientController/index.js
FN:6,modelController
FN:10,(anonymous_1)
FNF:2
FNH:2
FNDA:26,modelController
FNDA:3,(anonymous_1)
DA:1,26
DA:2,26
DA:4,26
DA:7,26
DA:8,26
DA:10,26
DA:11,26
DA:14,26
LF:8
LH:8
BRF:0
BRH:0
end_of_record
TN:
SF:src/controllers/appControllers/clientController/summary.js
FN:6,(anonymous_0)
FNF:1
FNH:1
FNDA:5,(anonymous_0)
DA:1,27
DA:2,27
DA:4,27
DA:6,27
DA:7,5
DA:8,5
DA:10,5
DA:11,2
DA:12,3
DA:13,0
DA:20,5
DA:21,5
DA:22,5
DA:24,5
DA:77,5
DA:79,5
DA:80,5
DA:81,5
DA:82,5
DA:84,5
DA:85,5
DA:87,5
DA:97,27
LF:23
LH:22
BRDA:10,0,0,2
BRDA:10,0,1,3
BRDA:10,1,0,5
BRDA:10,1,1,2
BRDA:12,2,0,0
BRDA:12,2,1,3
BRDA:80,3,0,4
BRDA:80,3,1,1
BRDA:81,4,0,4
BRDA:81,4,1,1
BRDA:82,5,0,1
BRDA:82,5,1,4
BRDA:84,6,0,4
BRDA:84,6,1,1
BRDA:85,7,0,4
BRDA:85,7,1,1
BRF:16
BRH:15
end_of_record
TN:
SF:src/controllers/appControllers/invoiceController/create.js
FN:9,(anonymous_0)
FN:30,(anonymous_1)
FNF:2
FNH:2
FNDA:27,(anonymous_0)
FNDA:31,(anonymous_1)
DA:1,32
DA:3,32
DA:5,32
DA:6,32
DA:7,32
DA:9,32
DA:10,27
DA:12,27
DA:13,27
DA:14,6
DA:15,6
DA:22,21
DA:25,21
DA:26,21
DA:27,21
DA:30,21
DA:31,31
DA:33,31
DA:35,31
DA:37,21
DA:38,21
DA:40,21
DA:41,21
DA:42,21
DA:43,21
DA:45,21
DA:47,21
DA:48,21
DA:51,21
DA:52,21
DA:53,21
DA:62,21
DA:67,21
DA:74,32
LF:34
LH:34
BRDA:13,0,0,6
BRDA:13,0,1,21
BRDA:22,1,0,0
BRDA:22,2,0,0
BRDA:22,3,0,0
BRDA:45,4,0,7
BRDA:45,4,1,14
BRF:7
BRH:4
end_of_record
TN:
SF:src/controllers/appControllers/invoiceController/index.js
FNF:0
FNH:0
DA:1,26
DA:2,26
DA:4,26
DA:5,26
DA:6,26
DA:7,26
DA:8,26
DA:9,26
DA:10,26
DA:12,26
DA:13,26
DA:14,26
DA:15,26
DA:16,26
DA:17,26
DA:18,26
DA:20,26
LF:17
LH:17
BRF:0
BRH:0
end_of_record
TN:
SF:src/controllers/appControllers/invoiceController/paginatedList.js
FN:5,(anonymous_0)
FNF:1
FNH:1
FNDA:11,(anonymous_0)
DA:1,29
DA:3,29
DA:5,29
DA:6,11
DA:7,11
DA:8,11
DA:10,11
DA:12,11
DA:16,11
DA:18,11
DA:19,3
DA:23,11
DA:36,11
DA:44,11
DA:46,11
DA:49,11
DA:50,11
DA:51,9
DA:58,2
DA:67,29
LF:20
LH:20
BRDA:6,0,0,11
BRDA:6,0,1,3
BRDA:7,1,0,11
BRDA:7,1,1,3
BRDA:10,2,0,11
BRDA:10,3,0,11
BRDA:12,4,0,2
BRDA:12,4,1,9
BRDA:16,5,0,9
BRDA:16,5,1,2
BRDA:50,6,0,9
BRDA:50,6,1,2
BRF:12
BRH:12
end_of_record
TN:
SF:src/controllers/appControllers/invoiceController/read.js
FN:5,(anonymous_0)
FNF:1
FNH:1
FNDA:5,(anonymous_0)
DA:1,28
DA:3,28
DA:5,28
DA:7,5
DA:14,5
DA:15,3
DA:22,2
DA:30,28
LF:8
LH:8
BRDA:14,0,0,3
BRDA:14,0,1,2
BRF:2
BRH:2
end_of_record
TN:
SF:src/controllers/appControllers/invoiceController/remove.js
FN:6,(anonymous_0)
FNF:1
FNH:1
FNDA:2,(anonymous_0)
DA:1,26
DA:3,26
DA:4,26
DA:6,26
DA:7,2
DA:22,2
DA:23,1
DA:29,1
DA:33,1
DA:40,26
LF:10
LH:10
BRDA:22,0,0,1
BRDA:22,0,1,1
BRF:2
BRH:2
end_of_record
TN:
SF:src/controllers/appControllers/invoiceController/schemaValidate.js
FNF:0
FNH:0
DA:1,37
DA:2,37
DA:28,37
LF:3
LH:3
BRF:0
BRH:0
end_of_record
TN:
SF:src/controllers/appControllers/invoiceController/sendMail.js
FN:5,(anonymous_0)
FNF:1
FNH:0
FNDA:0,(anonymous_0)
DA:1,26
DA:3,26
DA:5,26
DA:6,0
DA:13,26
LF:5
LH:4
BRF:0
BRH:0
end_of_record
TN:
SF:src/controllers/appControllers/invoiceController/summary.js
FN:8,(anonymous_0)
FN:134,(anonymous_1)
FN:141,(anonymous_2)
FN:148,(anonymous_3)
FN:156,(anonymous_4)
FN:158,(anonymous_5)
FNF:6
FNH:5
FNDA:17,(anonymous_0)
FNDA:19,(anonymous_1)
FNDA:13,(anonymous_2)
FNDA:0,(anonymous_3)
FNDA:90,(anonymous_4)
FNDA:168,(anonymous_5)
DA:1,29
DA:2,29
DA:4,29
DA:6,29
DA:8,29
DA:9,17
DA:11,17
DA:13,17
DA:15,17
DA:16,6
DA:17,4
DA:19,2
DA:27,15
DA:28,15
DA:29,15
DA:31,15
DA:33,15
DA:127,15
DA:129,15
DA:130,15
DA:131,15
DA:132,15
DA:134,15
DA:135,19
DA:141,15
DA:142,13
DA:148,15
DA:149,0
DA:156,15
DA:157,90
DA:158,168
DA:160,90
DA:161,24
DA:165,15
DA:197,15
DA:204,15
DA:211,29
LF:37
LH:36
BRDA:15,0,0,6
BRDA:15,0,1,11
BRDA:16,1,0,4
BRDA:16,1,1,2
BRDA:129,2,0,15
BRDA:129,2,1,0
BRDA:130,3,0,15
BRDA:130,3,1,0
BRDA:131,4,0,15
BRDA:131,4,1,0
BRDA:132,5,0,15
BRDA:132,5,1,0
BRDA:160,6,0,24
BRDA:160,6,1,66
BRDA:199,7,0,10
BRDA:199,7,1,5
BRF:16
BRH:12
end_of_record
TN:
SF:src/controllers/appControllers/invoiceController/update.js
FN:10,(anonymous_0)
FN:54,(anonymous_1)
FNF:2
FNH:2
FNDA:25,(anonymous_0)
FNDA:18,(anonymous_1)
DA:1,31
DA:3,31
DA:5,31
DA:7,31
DA:8,31
DA:10,31
DA:11,25
DA:13,25
DA:14,25
DA:15,8
DA:16,8
DA:23,17
DA:28,17
DA:29,1
DA:36,16
DA:38,16
DA:40,16
DA:41,0
DA:49,16
DA:50,16
DA:51,16
DA:54,16
DA:55,18
DA:57,18
DA:59,18
DA:61,16
DA:62,16
DA:64,16
DA:65,16
DA:66,16
DA:67,16
DA:68,16
DA:69,16
DA:70,7
DA:75,16
DA:76,16
DA:78,16
DA:84,16
DA:91,31
LF:39
LH:38
BRDA:14,0,0,8
BRDA:14,0,1,17
BRDA:28,1,0,1
BRDA:28,1,1,16
BRDA:38,2,0,0
BRDA:38,3,0,0
BRDA:38,4,0,0
BRDA:40,5,0,0
BRDA:40,5,1,16
BRDA:69,6,0,7
BRDA:69,6,1,9
BRDA:75,7,0,3
BRDA:75,7,1,13
BRDA:75,8,0,3
BRDA:75,8,1,10
BRF:15
BRH:11
end_of_record
TN:
SF:src/controllers/appControllers/paymentController/create.js
FN:9,(anonymous_0)
FNF:1
FNH:1
FNDA:5,(anonymous_0)
DA:1,26
DA:3,26
DA:4,26
DA:5,26
DA:7,26
DA:9,26
DA:11,5
DA:12,0
DA:19,5
DA:24,5
DA:25,1
DA:33,4
DA:34,2
DA:41,4
DA:43,4
DA:45,4
DA:46,1
DA:52,3
DA:54,3
DA:56,3
DA:57,3
DA:69,3
DA:70,3
DA:73,3
DA:79,3
DA:92,3
DA:99,26
LF:27
LH:26
BRDA:11,0,0,0
BRDA:11,0,1,5
BRDA:24,1,0,1
BRDA:24,1,1,4
BRDA:33,2,0,2
BRDA:33,2,1,2
BRDA:33,3,0,4
BRDA:33,3,1,2
BRDA:45,4,0,1
BRDA:45,4,1,3
BRDA:73,5,0,1
BRDA:73,5,1,2
BRDA:75,6,0,2
BRDA:75,6,1,0
BRF:14
BRH:12
end_of_record
TN:
SF:src/controllers/appControllers/paymentController/index.js
FNF:0
FNH:0
DA:1,26
DA:2,26
DA:4,26
DA:5,26
DA:6,26
DA:7,26
DA:8,26
DA:10,26
DA:11,26
DA:12,26
DA:13,26
DA:14,26
DA:16,26
LF:13
LH:13
BRF:0
BRH:0
end_of_record
TN:
SF:src/controllers/appControllers/paymentController/remove.js
FN:6,(anonymous_0)
FNF:1
FNH:1
FNDA:4,(anonymous_0)
DA:1,26
DA:3,26
DA:4,26
DA:6,26
DA:8,4
DA:13,4
DA:14,0
DA:21,4
DA:22,4
DA:25,4
DA:29,4
DA:39,4
DA:45,4
DA:61,4
DA:67,26
LF:15
LH:14
BRDA:13,0,0,0
BRDA:13,0,1,4
BRDA:39,1,0,1
BRDA:39,1,1,3
BRDA:41,2,0,1
BRDA:41,2,1,2
BRF:6
BRH:5
end_of_record
TN:
SF:src/controllers/appControllers/paymentController/sendMail.js
FN:1,(anonymous_0)
FNF:1
FNH:0
FNDA:0,(anonymous_0)
DA:1,26
DA:2,0
DA:9,26
LF:3
LH:2
BRF:0
BRH:0
end_of_record
TN:
SF:src/controllers/appControllers/paymentController/summary.js
FN:7,(anonymous_0)
FNF:1
FNH:1
FNDA:5,(anonymous_0)
DA:1,26
DA:2,26
DA:4,26
DA:5,26
DA:7,26
DA:8,5
DA:10,5
DA:12,5
DA:14,5
DA:15,4
DA:16,3
DA:18,1
DA:26,4
DA:27,4
DA:28,4
DA:31,4
DA:62,4
DA:69,26
LF:18
LH:18
BRDA:14,0,0,4
BRDA:14,0,1,1
BRDA:15,1,0,3
BRDA:15,1,1,1
BRDA:64,2,0,3
BRDA:64,2,1,1
BRF:6
BRH:6
end_of_record
TN:
SF:src/controllers/appControllers/paymentController/update.js
FN:9,(anonymous_0)
FNF:1
FNH:1
FNDA:7,(anonymous_0)
DA:1,26
DA:3,26
DA:4,26
DA:5,26
DA:7,26
DA:9,26
DA:10,7
DA:11,0
DA:18,7
DA:23,7
DA:24,1
DA:31,6
DA:34,6
DA:35,6
DA:37,6
DA:38,1
DA:45,5
DA:47,5
DA:49,5
DA:50,5
DA:52,5
DA:53,1
DA:62,4
DA:68,4
DA:69,4
DA:79,4
DA:87,4
DA:88,4
DA:101,4
DA:108,26
LF:30
LH:29
BRDA:10,0,0,0
BRDA:10,0,1,7
BRDA:23,1,0,1
BRDA:23,1,1,6
BRDA:34,2,0,6
BRDA:34,2,1,0
BRDA:37,3,0,1
BRDA:37,3,1,5
BRDA:52,4,0,1
BRDA:52,4,1,4
BRDA:62,5,0,1
BRDA:62,5,1,3
BRDA:64,6,0,2
BRDA:64,6,1,1
BRDA:87,7,0,4
BRDA:87,7,1,0
BRF:16
BRH:13
end_of_record
TN:
SF:src/controllers/appControllers/paymentModeController/index.js
FN:8,(anonymous_0)
FN:32,(anonymous_1)
FN:40,(anonymous_2)
FNF:3
FNH:3
FNDA:2,(anonymous_0)
FNDA:1,(anonymous_1)
FNDA:7,(anonymous_2)
DA:1,26
DA:2,26
DA:3,26
DA:4,26
DA:6,26
DA:8,26
DA:9,2
DA:11,2
DA:12,0
DA:15,2
DA:19,2
DA:25,1
DA:32,26
DA:33,1
DA:40,26
DA:41,7
DA:42,7
DA:47,7
DA:48,1
DA:55,6
DA:59,6
DA:60,4
DA:64,6
DA:65,2
DA:68,6
DA:71,6
DA:72,2
DA:79,4
DA:83,4
DA:90,26
LF:30
LH:29
BRDA:11,0,0,0
BRDA:11,0,1,2
BRDA:22,1,0,2
BRDA:22,1,1,0
BRDA:47,2,0,1
BRDA:47,2,1,6
BRDA:55,3,0,0
BRDA:55,4,0,0
BRDA:59,5,0,4
BRDA:59,5,1,2
BRDA:59,6,0,6
BRDA:59,6,1,4
BRDA:59,6,2,2
BRDA:64,7,0,2
BRDA:64,7,1,4
BRDA:64,8,0,6
BRDA:64,8,1,4
BRDA:71,9,0,2
BRDA:71,9,1,4
BRDA:71,10,0,6
BRDA:71,10,1,4
BRDA:71,10,2,4
BRF:22
BRH:18
end_of_record
TN:
SF:src/controllers/appControllers/quoteController/convertQuoteToInvoice.js
FN:1,(anonymous_0)
FNF:1
FNH:1
FNDA:2,(anonymous_0)
DA:1,26
DA:2,2
DA:9,26
LF:3
LH:3
BRF:0
BRH:0
end_of_record
TN:
SF:src/controllers/appControllers/quoteController/create.js
FN:9,(anonymous_0)
FN:19,(anonymous_1)
FNF:2
FNH:2
FNDA:7,(anonymous_0)
FNDA:6,(anonymous_1)
DA:1,28
DA:3,28
DA:5,28
DA:6,28
DA:7,28
DA:9,28
DA:10,7
DA:13,7
DA:14,7
DA:15,7
DA:19,7
DA:20,6
DA:22,6
DA:24,6
DA:26,7
DA:27,7
DA:29,7
DA:31,7
DA:32,7
DA:33,7
DA:34,7
DA:35,7
DA:38,7
DA:39,6
DA:40,6
DA:49,6
DA:54,6
DA:60,28
LF:28
LH:28
BRDA:10,0,0,0
BRDA:10,1,0,3
BRDA:10,2,0,4
BRF:3
BRH:2
end_of_record
TN:
SF:src/controllers/appControllers/quoteController/index.js
FNF:0
FNH:0
DA:1,26
DA:2,26
DA:4,26
DA:5,26
DA:6,26
DA:7,26
DA:8,26
DA:9,26
DA:10,26
DA:12,26
DA:13,26
DA:15,26
DA:16,26
DA:17,26
DA:18,26
DA:19,26
DA:21,26
LF:17
LH:17
BRF:0
BRH:0
end_of_record
TN:
SF:src/controllers/appControllers/quoteController/paginatedList.js
FN:5,(anonymous_0)
FNF:1
FNH:1
FNDA:9,(anonymous_0)
DA:1,28
DA:3,28
DA:5,28
DA:6,9
DA:7,9
DA:8,9
DA:11,9
DA:13,9
DA:17,9
DA:19,9
DA:20,0
DA:24,9
DA:37,9
DA:45,9
DA:47,9
DA:50,9
DA:51,9
DA:52,7
DA:59,2
DA:68,28
LF:20
LH:19
BRDA:6,0,0,9
BRDA:6,0,1,2
BRDA:7,1,0,9
BRDA:7,1,1,2
BRDA:11,2,0,9
BRDA:11,3,0,9
BRDA:13,4,0,0
BRDA:13,4,1,9
BRDA:17,5,0,9
BRDA:17,5,1,0
BRDA:51,6,0,7
BRDA:51,6,1,2
BRF:12
BRH:10
end_of_record
TN:
SF:src/controllers/appControllers/quoteController/read.js
FN:5,(anonymous_0)
FNF:1
FNH:1
FNDA:5,(anonymous_0)
DA:1,28
DA:3,28
DA:5,28
DA:7,5
DA:14,5
DA:15,3
DA:22,2
DA:30,28
LF:8
LH:8
BRDA:14,0,0,3
BRDA:14,0,1,2
BRF:2
BRH:2
end_of_record
TN:
SF:src/controllers/appControllers/quoteController/sendMail.js
FN:1,(anonymous_0)
FNF:1
FNH:0
FNDA:0,(anonymous_0)
DA:1,26
DA:2,0
DA:9,26
LF:3
LH:2
BRF:0
BRH:0
end_of_record
TN:
SF:src/controllers/appControllers/quoteController/summary.js
FN:7,(anonymous_0)
FN:86,(anonymous_1)
FN:87,(anonymous_2)
FN:98,(anonymous_3)
FNF:4
FNH:4
FNDA:4,(anonymous_0)
FNDA:24,(anonymous_1)
FNDA:65,(anonymous_2)
FNDA:24,(anonymous_3)
DA:1,26
DA:2,26
DA:4,26
DA:5,26
DA:7,26
DA:8,4
DA:10,4
DA:12,4
DA:14,4
DA:15,3
DA:16,3
DA:18,0
DA:26,4
DA:27,4
DA:28,4
DA:30,4
DA:32,4
DA:86,4
DA:87,65
DA:88,24
DA:89,19
DA:98,24
DA:100,4
DA:106,4
DA:112,26
LF:25
LH:24
BRDA:14,0,0,3
BRDA:14,0,1,1
BRDA:15,1,0,3
BRDA:15,1,1,0
BRDA:88,2,0,19
BRDA:88,2,1,5
BRF:6
BRH:5
end_of_record
TN:
SF:src/controllers/appControllers/quoteController/update.js
FN:9,(anonymous_0)
FN:26,(anonymous_1)
FNF:2
FNH:2
FNDA:6,(anonymous_0)
FNDA:4,(anonymous_1)
DA:1,28
DA:3,28
DA:5,28
DA:7,28
DA:9,28
DA:10,6
DA:12,6
DA:13,2
DA:20,4
DA:21,4
DA:22,4
DA:26,4
DA:27,4
DA:29,4
DA:31,4
DA:33,4
DA:34,4
DA:36,4
DA:38,4
DA:39,4
DA:40,4
DA:41,4
DA:42,4
DA:44,4
DA:45,2
DA:49,4
DA:55,4
DA:61,28
LF:28
LH:28
BRDA:10,0,0,0
BRDA:10,1,0,1
BRDA:10,2,0,3
BRDA:12,3,0,2
BRDA:12,3,1,4
BRDA:44,4,0,2
BRDA:44,4,1,2
BRF:7
BRH:6
end_of_record
TN:
SF:src/controllers/appControllers/taxesController/index.js
FN:8,(anonymous_0)
FN:32,(anonymous_1)
FN:40,(anonymous_2)
FNF:3
FNH:3
FNDA:2,(anonymous_0)
FNDA:1,(anonymous_1)
FNDA:7,(anonymous_2)
DA:1,26
DA:2,26
DA:3,26
DA:4,26
DA:6,26
DA:8,26
DA:9,2
DA:11,2
DA:12,0
DA:15,2
DA:19,2
DA:25,1
DA:32,26
DA:33,1
DA:40,26
DA:41,7
DA:42,7
DA:47,7
DA:48,1
DA:55,6
DA:59,6
DA:60,4
DA:64,6
DA:65,2
DA:68,6
DA:71,6
DA:72,2
DA:79,4
DA:83,4
DA:90,26
LF:30
LH:29
BRDA:11,0,0,0
BRDA:11,0,1,2
BRDA:22,1,0,2
BRDA:22,1,1,0
BRDA:47,2,0,1
BRDA:47,2,1,6
BRDA:55,3,0,0
BRDA:55,4,0,0
BRDA:59,5,0,4
BRDA:59,5,1,2
BRDA:59,6,0,6
BRDA:59,6,1,4
BRDA:59,6,2,2
BRDA:64,7,0,2
BRDA:64,7,1,4
BRDA:64,8,0,6
BRDA:64,8,1,4
BRDA:71,9,0,2
BRDA:71,9,1,4
BRDA:71,10,0,6
BRDA:71,10,1,4
BRDA:71,10,2,4
BRF:22
BRH:18
end_of_record
TN:
SF:src/controllers/coreControllers/adminAuth/index.js
FNF:0
FNH:0
DA:1,26
DA:2,26
LF:2
LH:2
BRF:0
BRH:0
end_of_record
TN:
SF:src/controllers/coreControllers/adminController/index.js
FNF:0
FNH:0
DA:1,26
DA:2,26
LF:2
LH:2
BRF:0
BRH:0
end_of_record
TN:
SF:src/controllers/coreControllers/settingController/index.js
FNF:0
FNH:0
DA:1,26
DA:2,26
DA:4,26
DA:5,26
DA:6,26
DA:7,26
DA:8,26
DA:10,26
DA:24,26
LF:9
LH:9
BRF:0
BRH:0
end_of_record
TN:
SF:src/controllers/coreControllers/settingController/listAll.js
FN:4,(anonymous_0)
FNF:1
FNH:1
FNDA:1,(anonymous_0)
DA:1,26
DA:2,26
DA:4,26
DA:5,1
DA:8,1
DA:13,1
DA:14,1
DA:20,0
DA:28,26
LF:9
LH:8
BRDA:5,0,0,1
BRDA:5,0,1,1
BRDA:13,1,0,1
BRDA:13,1,1,0
BRF:4
BRH:3
end_of_record
TN:
SF:src/controllers/coreControllers/settingController/listBySettingKey.js
FN:5,(anonymous_0)
FNF:1
FNH:1
FNDA:4,(anonymous_0)
DA:1,26
DA:3,26
DA:5,26
DA:8,4
DA:10,4
DA:12,4
DA:13,1
DA:23,3
DA:24,5
DA:27,3
DA:32,3
DA:33,2
DA:39,1
DA:50,26
LF:14
LH:14
BRDA:8,0,0,3
BRDA:8,0,1,1
BRDA:12,1,0,1
BRDA:12,1,1,3
BRDA:32,2,0,2
BRDA:32,2,1,1
BRF:6
BRH:6
end_of_record
TN:
SF:src/controllers/coreControllers/settingController/readBySettingKey.js
FN:5,(anonymous_0)
FNF:1
FNH:1
FNDA:4,(anonymous_0)
DA:1,26
DA:3,26
DA:5,26
DA:7,4
DA:9,4
DA:10,0
DA:17,4
DA:22,4
DA:23,2
DA:30,2
DA:38,26
LF:11
LH:10
BRDA:7,0,0,4
BRDA:7,0,1,0
BRDA:9,1,0,0
BRDA:9,1,1,4
BRDA:22,2,0,2
BRDA:22,2,1,2
BRF:6
BRH:4
end_of_record
TN:
SF:src/controllers/coreControllers/settingController/updateBySettingKey.js
FN:5,(anonymous_0)
FNF:1
FNH:1
FNDA:5,(anonymous_0)
DA:1,26
DA:3,26
DA:5,26
DA:6,5
DA:8,5
DA:9,1
DA:15,4
DA:17,4
DA:18,0
DA:24,4
DA:34,4
DA:35,2
DA:41,2
DA:49,26
LF:14
LH:13
BRDA:6,0,0,5
BRDA:6,0,1,1
BRDA:8,1,0,1
BRDA:8,1,1,4
BRDA:17,2,0,0
BRDA:17,2,1,4
BRDA:34,3,0,2
BRDA:34,3,1,2
BRF:8
BRH:7
end_of_record
TN:
SF:src/controllers/coreControllers/settingController/updateManySetting.js
FN:5,(anonymous_0)
FNF:1
FNH:0
FNDA:0,(anonymous_0)
DA:1,26
DA:3,26
DA:5,26
DA:7,0
DA:8,0
DA:9,0
DA:11,0
DA:12,0
DA:13,0
DA:14,0
DA:17,0
DA:19,0
DA:27,0
DA:28,0
DA:34,0
DA:35,0
DA:41,0
DA:43,0
DA:44,0
DA:50,0
DA:58,26
LF:21
LH:4
BRDA:12,0,0,0
BRDA:12,0,1,0
BRDA:12,1,0,0
BRDA:12,1,1,0
BRDA:27,2,0,0
BRDA:27,2,1,0
BRDA:34,3,0,0
BRDA:34,3,1,0
BRDA:43,4,0,0
BRDA:43,4,1,0
BRDA:43,5,0,0
BRDA:43,5,1,0
BRF:12
BRH:0
end_of_record
TN:
SF:src/controllers/middlewaresControllers/createAuthMiddleware/authUser.js
FN:4,(anonymous_0)
FNF:1
FNH:1
FNDA:196,(anonymous_0)
DA:1,26
DA:2,26
DA:4,26
DA:5,196
DA:7,196
DA:8,2
DA:14,194
DA:15,194
DA:23,194
DA:40,194
DA:55,0
DA:63,26
LF:12
LH:11
BRDA:7,0,0,2
BRDA:7,0,1,194
BRDA:14,1,0,194
BRDA:14,1,1,0
BRDA:20,2,0,1
BRDA:20,2,1,193
BRDA:50,3,0,1
BRDA:50,3,1,193
BRF:8
BRH:7
end_of_record
TN:
SF:src/controllers/middlewaresControllers/createAuthMiddleware/checkAndCorrectURL.js
FN:1,checkAndCorrectURL
FNF:1
FNH:1
FNDA:1,checkAndCorrectURL
DA:3,1
DA:6,1
DA:9,1
DA:11,1
DA:12,1
DA:15,26
LF:6
LH:6
BRDA:11,0,0,1
BRDA:11,0,1,0
BRF:2
BRH:1
end_of_record
TN:
SF:src/controllers/middlewaresControllers/createAuthMiddleware/forgetPassword.js
FN:12,(anonymous_0)
FNF:1
FNH:1
FNDA:3,(anonymous_0)
DA:1,26
DA:3,26
DA:5,26
DA:6,26
DA:7,26
DA:8,26
DA:10,26
DA:12,26
DA:13,3
DA:14,3
DA:15,3
DA:18,3
DA:24,3
DA:25,3
DA:26,1
DA:35,2
DA:38,2
DA:39,1
DA:45,1
DA:47,1
DA:48,1
DA:56,1
DA:57,1
DA:58,1
DA:60,1
DA:62,1
DA:64,1
DA:65,1
DA:75,1
DA:78,1
DA:85,26
LF:31
LH:31
BRDA:25,0,0,1
BRDA:25,0,1,2
BRDA:38,1,0,1
BRDA:38,1,1,1
BRF:4
BRH:4
end_of_record
TN:
SF:src/controllers/middlewaresControllers/createAuthMiddleware/index.js
FN:7,(anonymous_0)
FN:10,(anonymous_1)
FN:15,(anonymous_2)
FN:20,(anonymous_3)
FN:25,(anonymous_4)
FN:30,(anonymous_5)
FNF:6
FNH:6
FNDA:26,(anonymous_0)
FNDA:321,(anonymous_1)
FNDA:200,(anonymous_2)
FNDA:3,(anonymous_3)
FNDA:10,(anonymous_4)
FNDA:4,(anonymous_5)
DA:1,26
DA:2,26
DA:3,26
DA:4,26
DA:5,26
DA:7,26
DA:8,26
DA:10,26
DA:11,321
DA:15,26
DA:16,200
DA:20,26
DA:21,3
DA:25,26
DA:26,10
DA:30,26
DA:31,4
DA:34,26
DA:37,26
LF:19
LH:19
BRF:0
BRH:0
end_of_record
TN:
SF:src/controllers/middlewaresControllers/createAuthMiddleware/isValidAuthToken.js
FN:5,(anonymous_0)
FNF:1
FNH:1
FNDA:326,(anonymous_0)
DA:1,27
DA:3,27
DA:5,27
DA:6,326
DA:7,326
DA:8,326
DA:11,326
DA:12,326
DA:14,326
DA:15,12
DA:22,314
DA:24,314
DA:25,314
DA:27,3
DA:35,311
DA:36,0
DA:43,311
DA:44,311
DA:46,311
DA:48,311
DA:49,1
DA:56,310
DA:58,310
DA:59,2
DA:66,308
DA:67,308
DA:68,308
DA:71,0
DA:82,27
LF:29
LH:27
BRDA:5,0,0,321
BRDA:12,1,0,326
BRDA:12,1,1,314
BRDA:14,2,0,12
BRDA:14,2,1,314
BRDA:22,3,0,314
BRDA:22,3,1,0
BRDA:35,4,0,0
BRDA:35,4,1,311
BRDA:48,5,0,1
BRDA:48,5,1,310
BRDA:58,6,0,2
BRDA:58,6,1,308
BRF:13
BRH:11
end_of_record
TN:
SF:src/controllers/middlewaresControllers/createAuthMiddleware/login.js
FN:7,(anonymous_0)
FNF:1
FNH:1
FNDA:200,(anonymous_0)
DA:1,26
DA:3,26
DA:5,26
DA:7,26
DA:8,200
DA:9,200
DA:10,200
DA:13,200
DA:20,200
DA:21,200
DA:22,2
DA:31,198
DA:34,198
DA:35,1
DA:41,197
DA:43,197
DA:44,1
DA:51,196
DA:59,26
LF:19
LH:19
BRDA:21,0,0,2
BRDA:21,0,1,198
BRDA:34,1,0,1
BRDA:34,1,1,197
BRDA:43,2,0,1
BRDA:43,2,1,196
BRF:6
BRH:6
end_of_record
TN:
SF:src/controllers/middlewaresControllers/createAuthMiddleware/logout.js
FN:3,(anonymous_0)
FNF:1
FNH:1
FNDA:4,(anonymous_0)
DA:1,26
DA:3,26
DA:4,4
DA:9,4
DA:10,4
DA:13,4
DA:14,0
DA:17,4
DA:18,4
DA:26,0
DA:34,4
DA:41,26
LF:12
LH:10
BRDA:10,0,0,4
BRDA:10,0,1,4
BRDA:13,1,0,0
BRDA:13,1,1,4
BRDA:13,2,0,4
BRDA:13,2,1,0
BRDA:13,2,2,0
BRDA:17,3,0,4
BRDA:17,3,1,0
BRF:9
BRH:5
end_of_record
TN:
SF:src/controllers/middlewaresControllers/createAuthMiddleware/resetPassword.js
FN:8,(anonymous_0)
FNF:1
FNH:1
FNDA:10,(anonymous_0)
DA:1,26
DA:2,26
DA:3,26
DA:4,26
DA:6,26
DA:8,26
DA:9,10
DA:10,10
DA:11,10
DA:13,10
DA:14,10
DA:16,10
DA:17,1
DA:23,8
DA:24,0
DA:30,8
DA:31,8
DA:32,7
DA:39,1
DA:45,1
DA:46,1
DA:47,0
DA:56,1
DA:57,1
DA:58,1
DA:60,1
DA:68,1
DA:83,1
DA:97,1
DA:113,26
LF:30
LH:28
BRDA:16,0,0,1
BRDA:16,0,1,8
BRDA:23,1,0,0
BRDA:23,1,1,8
BRDA:23,2,0,8
BRDA:23,2,1,8
BRDA:31,3,0,7
BRDA:31,3,1,1
BRDA:31,4,0,8
BRDA:31,4,1,2
BRDA:31,4,2,1
BRDA:46,5,0,0
BRDA:46,5,1,1
BRDA:83,6,0,1
BRDA:83,6,1,0
BRDA:84,7,0,1
BRDA:84,7,1,1
BRDA:84,7,2,1
BRDA:107,8,0,0
BRDA:107,8,1,1
BRF:20
BRH:16
end_of_record
TN:
SF:src/controllers/middlewaresControllers/createAuthMiddleware/sendMail.js
FN:5,(anonymous_0)
FNF:1
FNH:1
FNDA:1,(anonymous_0)
DA:1,26
DA:3,26
DA:5,26
DA:14,1
DA:16,0
DA:23,0
DA:26,26
LF:7
LH:5
BRDA:10,0,0,0
BRDA:11,1,0,0
BRF:2
BRH:0
end_of_record
TN:
SF:src/controllers/middlewaresControllers/createCRUDController/create.js
FN:1,(anonymous_0)
FNF:1
FNH:1
FNDA:5,(anonymous_0)
DA:1,29
DA:3,5
DA:4,5
DA:9,3
DA:16,29
LF:5
LH:5
BRF:0
BRH:0
end_of_record
TN:
SF:src/controllers/middlewaresControllers/createCRUDController/filter.js
FN:1,(anonymous_0)
FNF:1
FNH:1
FNDA:12,(anonymous_0)
DA:1,32
DA:2,12
DA:3,6
DA:9,6
DA:15,6
DA:16,0
DA:23,6
DA:31,32
LF:8
LH:7
BRDA:2,0,0,6
BRDA:2,0,1,6
BRDA:2,1,0,12
BRDA:2,1,1,8
BRDA:15,2,0,0
BRDA:15,2,1,6
BRF:6
BRH:5
end_of_record
TN:
SF:src/controllers/middlewaresControllers/createCRUDController/index.js
FN:15,(anonymous_0)
FN:22,(anonymous_1)
FN:23,(anonymous_2)
FN:24,(anonymous_3)
FN:25,(anonymous_4)
FN:26,(anonymous_5)
FN:27,(anonymous_6)
FN:28,(anonymous_7)
FN:29,(anonymous_8)
FN:30,(anonymous_9)
FNF:10
FNH:10
FNDA:193,(anonymous_0)
FNDA:4,(anonymous_1)
FNDA:10,(anonymous_2)
FNDA:6,(anonymous_3)
FNDA:2,(anonymous_4)
FNDA:9,(anonymous_5)
FNDA:5,(anonymous_6)
FNDA:10,(anonymous_7)
FNDA:7,(anonymous_8)
FNDA:4,(anonymous_9)
DA:1,29
DA:3,29
DA:5,29
DA:6,29
DA:7,29
DA:8,29
DA:9,29
DA:10,29
DA:11,29
DA:12,29
DA:13,29
DA:15,29
DA:16,193
DA:17,2
DA:20,191
DA:21,191
DA:22,4
DA:23,10
DA:24,6
DA:25,2
DA:26,9
DA:27,5
DA:28,10
DA:29,7
DA:30,4
DA:32,191
DA:35,29
LF:27
LH:27
BRDA:16,0,0,2
BRDA:16,0,1,191
BRF:2
BRH:2
end_of_record
TN:
SF:src/controllers/middlewaresControllers/createCRUDController/listAll.js
FN:1,(anonymous_0)
FNF:1
FNH:1
FNDA:10,(anonymous_0)
DA:1,31
DA:2,10
DA:3,10
DA:8,10
DA:9,7
DA:16,3
DA:25,10
DA:26,8
DA:32,2
DA:40,31
LF:10
LH:10
BRDA:2,0,0,10
BRDA:2,0,1,9
BRDA:3,1,0,10
BRDA:3,1,1,7
BRDA:8,2,0,7
BRDA:8,2,1,3
BRDA:25,3,0,8
BRDA:25,3,1,2
BRF:8
BRH:8
end_of_record
TN:
SF:src/controllers/middlewaresControllers/createCRUDController/paginatedList.js
FN:1,(anonymous_0)
FNF:1
FNH:1
FNDA:15,(anonymous_0)
DA:1,30
DA:2,15
DA:3,15
DA:4,15
DA:6,15
DA:8,15
DA:12,15
DA:14,15
DA:15,3
DA:19,15
DA:32,15
DA:39,15
DA:42,15
DA:45,15
DA:46,15
DA:47,13
DA:54,2
DA:63,30
LF:18
LH:18
BRDA:2,0,0,15
BRDA:2,0,1,3
BRDA:3,1,0,15
BRDA:3,1,1,3
BRDA:6,2,0,14
BRDA:6,3,0,14
BRDA:8,4,0,2
BRDA:8,4,1,13
BRDA:12,5,0,13
BRDA:12,5,1,2
BRDA:46,6,0,13
BRDA:46,6,1,2
BRF:12
BRH:12
end_of_record
TN:
SF:src/controllers/middlewaresControllers/createCRUDController/read.js
FN:1,(anonymous_0)
FNF:1
FNH:1
FNDA:12,(anonymous_0)
DA:1,29
DA:3,12
DA:8,12
DA:9,6
DA:16,6
DA:24,29
LF:6
LH:6
BRDA:8,0,0,6
BRDA:8,0,1,6
BRF:2
BRH:2
end_of_record
TN:
SF:src/controllers/middlewaresControllers/createCRUDController/remove.js
FN:1,(anonymous_0)
FNF:1
FNH:1
FNDA:4,(anonymous_0)
DA:1,30
DA:3,4
DA:8,4
DA:9,1
DA:17,3
DA:21,3
DA:32,3
DA:33,0
DA:39,3
DA:47,30
LF:10
LH:9
BRDA:8,0,0,1
BRDA:8,0,1,3
BRDA:32,1,0,0
BRDA:32,1,1,3
BRF:4
BRH:3
end_of_record
TN:
SF:src/controllers/middlewaresControllers/createCRUDController/search.js
FN:1,(anonymous_0)
FNF:1
FNH:1
FNDA:16,(anonymous_0)
DA:1,30
DA:14,16
DA:15,16
DA:18,16
DA:19,3
DA:26,13
DA:28,13
DA:29,65
DA:33,13
DA:41,13
DA:42,9
DA:48,4
DA:59,30
LF:13
LH:13
BRDA:15,0,0,3
BRDA:15,0,1,13
BRDA:18,1,0,3
BRDA:18,1,1,13
BRDA:18,2,0,16
BRDA:18,2,1,14
BRDA:41,3,0,9
BRDA:41,3,1,4
BRF:8
BRH:8
end_of_record
TN:
SF:src/controllers/middlewaresControllers/createCRUDController/summary.js
FN:1,(anonymous_0)
FNF:1
FNH:1
FNDA:7,(anonymous_0)
DA:1,31
DA:3,7
DA:8,7
DA:9,5
DA:16,2
DA:21,7
DA:23,7
DA:24,3
DA:30,4
DA:38,31
LF:10
LH:10
BRDA:8,0,0,5
BRDA:8,0,1,2
BRDA:8,1,0,7
BRDA:8,1,1,5
BRDA:23,2,0,3
BRDA:23,2,1,4
BRF:6
BRH:6
end_of_record
TN:
SF:src/controllers/middlewaresControllers/createCRUDController/update.js
FN:1,(anonymous_0)
FNF:1
FNH:1
FNDA:9,(anonymous_0)
DA:1,30
DA:3,9
DA:8,9
DA:9,4
DA:18,5
DA:19,5
DA:21,5
DA:33,5
DA:34,0
DA:40,5
DA:48,30
LF:11
LH:10
BRDA:8,0,0,4
BRDA:8,0,1,5
BRDA:33,1,0,0
BRDA:33,1,1,5
BRF:4
BRH:3
end_of_record
TN:
SF:src/controllers/middlewaresControllers/createUserController/index.js
FN:7,(anonymous_0)
FN:10,(anonymous_1)
FN:11,(anonymous_2)
FN:12,(anonymous_3)
FN:14,(anonymous_4)
FNF:5
FNH:5
FNDA:26,(anonymous_0)
FNDA:5,(anonymous_1)
FNDA:5,(anonymous_2)
FNDA:6,(anonymous_3)
FNDA:2,(anonymous_4)
DA:1,26
DA:2,26
DA:4,26
DA:5,26
DA:7,26
DA:8,26
DA:10,26
DA:11,26
DA:12,26
DA:14,26
DA:16,26
DA:19,26
LF:12
LH:12
BRF:0
BRH:0
end_of_record
TN:
SF:src/controllers/middlewaresControllers/createUserController/read.js
FN:3,(anonymous_0)
FNF:1
FNH:1
FNDA:2,(anonymous_0)
DA:1,26
DA:3,26
DA:4,2
DA:7,2
DA:12,2
DA:13,1
DA:20,1
DA:30,1
DA:38,26
LF:9
LH:9
BRDA:12,0,0,1
BRDA:12,0,1,1
BRF:2
BRH:2
end_of_record
TN:
SF:src/controllers/middlewaresControllers/createUserController/updatePassword.js
FN:5,(anonymous_0)
FNF:1
FNH:1
FNDA:5,(anonymous_0)
DA:1,26
DA:2,26
DA:3,26
DA:5,26
DA:6,5
DA:8,5
DA:9,5
DA:11,5
DA:13,5
DA:14,2
DA:21,3
DA:22,1
DA:30,2
DA:31,0
DA:38,2
DA:40,2
DA:42,2
DA:47,2
DA:57,2
DA:58,1
DA:65,1
DA:72,26
LF:22
LH:21
BRDA:13,0,0,2
BRDA:13,0,1,3
BRDA:21,1,0,1
BRDA:21,1,1,2
BRDA:30,2,0,0
BRDA:30,2,1,2
BRDA:57,3,0,1
BRDA:57,3,1,1
BRF:8
BRH:7
end_of_record
TN:
SF:src/controllers/middlewaresControllers/createUserController/updateProfile.js
FN:3,(anonymous_0)
FNF:1
FNH:1
FNDA:5,(anonymous_0)
DA:1,26
DA:3,26
DA:4,5
DA:6,5
DA:7,5
DA:9,5
DA:10,0
DA:17,5
DA:30,5
DA:38,5
DA:39,0
DA:45,5
DA:60,26
LF:13
LH:11
BRDA:9,0,0,0
BRDA:9,0,1,5
BRDA:17,1,0,2
BRDA:17,1,1,3
BRDA:38,2,0,0
BRDA:38,2,1,5
BRF:6
BRH:4
end_of_record
TN:
SF:src/controllers/middlewaresControllers/createUserController/updateProfilePassword.js
FN:6,(anonymous_0)
FNF:1
FNH:1
FNDA:6,(anonymous_0)
DA:1,26
DA:2,26
DA:4,26
DA:6,26
DA:7,6
DA:9,6
DA:10,6
DA:11,6
DA:13,6
DA:14,2
DA:16,4
DA:17,1
DA:21,3
DA:22,2
DA:26,1
DA:28,1
DA:30,1
DA:35,1
DA:36,0
DA:42,1
DA:50,1
DA:51,0
DA:58,1
DA:65,26
LF:24
LH:22
BRDA:13,0,0,2
BRDA:13,0,1,4
BRDA:13,1,0,6
BRDA:13,1,1,5
BRDA:16,2,0,1
BRDA:16,2,1,3
BRDA:21,3,0,2
BRDA:21,3,1,1
BRDA:35,4,0,0
BRDA:35,4,1,1
BRDA:50,5,0,0
BRDA:50,5,1,1
BRF:12
BRH:10
end_of_record
TN:
SF:src/controllers/pdfController/index.js
FN:15,(anonymous_0)
FN:76,(anonymous_1)
FNF:2
FNH:0
FNDA:0,(anonymous_0)
FNDA:0,(anonymous_1)
DA:1,35
DA:2,35
DA:3,35
DA:4,35
DA:5,35
DA:6,35
DA:7,35
DA:8,35
DA:10,35
DA:12,35
DA:13,35
DA:15,35
DA:21,0
DA:22,0
DA:25,0
DA:26,0
DA:31,0
DA:34,0
DA:35,0
DA:36,0
DA:45,0
DA:47,0
DA:57,0
DA:59,0
DA:61,0
DA:70,0
DA:77,0
DA:78,0
DA:82,0
LF:29
LH:12
BRDA:17,0,0,0
BRDA:25,1,0,0
BRDA:25,1,1,0
BRDA:31,2,0,0
BRDA:31,2,1,0
BRDA:77,3,0,0
BRDA:77,3,1,0
BRDA:78,4,0,0
BRDA:78,4,1,0
BRF:9
BRH:0
end_of_record
TN:
SF:src/emailTemplate/emailVerfication.js
FN:1,(anonymous_0)
FNF:1
FNH:0
FNDA:0,(anonymous_0)
DA:1,26
DA:7,0
LF:2
LH:1
BRDA:2,0,0,0
BRDA:3,1,0,0
BRDA:4,2,0,0
BRDA:5,3,0,0
BRF:4
BRH:0
end_of_record
TN:
SF:src/handlers/errorHandlers.js
FN:9,(anonymous_0)
FN:10,(anonymous_1)
FN:11,(anonymous_2)
FN:39,(anonymous_3)
FN:51,(anonymous_4)
FN:71,(anonymous_5)
FNF:6
FNH:6
FNDA:2057,(anonymous_0)
FNDA:390,(anonymous_1)
FNDA:8,(anonymous_2)
FNDA:2,(anonymous_3)
FNDA:3,(anonymous_4)
FNDA:1,(anonymous_5)
DA:9,28
DA:10,2057
DA:11,390
DA:12,8
DA:13,6
DA:22,2
DA:39,28
DA:40,2
DA:51,28
DA:52,3
DA:53,3
DA:59,3
DA:71,28
DA:72,1
LF:14
LH:14
BRDA:12,0,0,6
BRDA:12,0,1,2
BRDA:52,1,0,3
BRDA:52,1,1,1
BRF:4
BRH:4
end_of_record
TN:
SF:src/handlers/downloadHandler/downloadPdf.js
FN:4,(anonymous_0)
FN:27,(anonymous_1)
FN:28,(anonymous_2)
FNF:3
FNH:0
FNDA:0,(anonymous_0)
FNDA:0,(anonymous_1)
FNDA:0,(anonymous_2)
DA:1,26
DA:2,26
DA:4,26
DA:5,0
DA:6,0
DA:7,0
DA:8,0
DA:9,0
DA:14,0
DA:15,0
DA:20,0
DA:21,0
DA:22,0
DA:23,0
DA:28,0
DA:29,0
DA:30,0
DA:40,0
DA:48,0
DA:49,0
DA:55,0
DA:57,0
DA:65,0
LF:23
LH:3
BRDA:7,0,0,0
BRDA:7,0,1,0
BRDA:14,1,0,0
BRDA:14,1,1,0
BRDA:29,2,0,0
BRDA:29,2,1,0
BRDA:48,3,0,0
BRDA:48,3,1,0
BRDA:55,4,0,0
BRDA:55,4,1,0
BRF:10
BRH:0
end_of_record
TN:
SF:src/locale/useLanguage.js
FN:3,(anonymous_0)
FN:15,(anonymous_1)
FN:27,(anonymous_2)
FN:34,(anonymous_3)
FN:36,(anonymous_4)
FNF:5
FNH:0
FNDA:0,(anonymous_0)
FNDA:0,(anonymous_1)
FNDA:0,(anonymous_2)
FNDA:0,(anonymous_3)
FNDA:0,(anonymous_4)
DA:1,35
DA:3,35
DA:4,0
DA:5,0
DA:10,0
DA:12,0
DA:14,0
DA:15,0
DA:18,0
DA:20,0
DA:23,0
DA:27,35
DA:28,0
DA:30,0
DA:31,0
DA:34,35
DA:35,0
DA:36,0
DA:37,0
DA:38,0
DA:40,0
DA:43,35
LF:22
LH:5
BRDA:10,0,0,0
BRDA:10,0,1,0
BRF:2
BRH:0
end_of_record
TN:
SF:src/middlewares/serverData.js
FN:2,(anonymous_0)
FN:8,(anonymous_1)
FNF:2
FNH:0
FNDA:0,(anonymous_0)
FNDA:0,(anonymous_1)
DA:1,35
DA:2,35
DA:3,0
DA:4,0
DA:5,0
DA:8,35
DA:9,0
DA:10,0
DA:11,0
LF:9
LH:3
BRF:0
BRH:0
end_of_record
TN:
SF:src/middlewares/settings/increaseBySettingKey.js
FN:5,(anonymous_0)
FNF:1
FNH:1
FNDA:32,(anonymous_0)
DA:1,45
DA:3,45
DA:5,45
DA:6,32
DA:7,32
DA:8,2
DA:11,30
DA:23,29
DA:24,28
DA:27,1
DA:30,1
DA:34,45
LF:12
LH:12
BRDA:7,0,0,2
BRDA:7,0,1,30
BRDA:23,1,0,28
BRDA:23,1,1,1
BRF:4
BRH:4
end_of_record
TN:
SF:src/middlewares/settings/index.js
FNF:0
FNH:0
DA:1,44
DA:2,44
DA:3,44
DA:4,44
DA:5,44
DA:6,44
DA:8,44
LF:7
LH:7
BRF:0
BRH:0
end_of_record
TN:
SF:src/middlewares/settings/listAllSettings.js
FN:5,(anonymous_0)
FNF:1
FNH:1
FNDA:33,(anonymous_0)
DA:1,46
DA:3,46
DA:5,46
DA:6,33
DA:8,33
DA:12,32
DA:13,4
DA:15,28
DA:18,1
DA:22,46
LF:10
LH:10
BRDA:12,0,0,4
BRDA:12,0,1,28
BRF:2
BRH:2
end_of_record
TN:
SF:src/middlewares/settings/listBySettingKey.js
FN:5,(anonymous_0)
FNF:1
FNH:1
FNDA:5,(anonymous_0)
DA:1,46
DA:3,46
DA:5,46
DA:6,5
DA:9,5
DA:11,5
DA:12,2
DA:15,3
DA:16,5
DA:18,3
DA:21,3
DA:22,1
DA:24,2
DA:27,0
DA:31,46
LF:15
LH:14
BRDA:5,0,0,1
BRDA:11,1,0,2
BRDA:11,1,1,3
BRDA:21,2,0,1
BRDA:21,2,1,2
BRF:5
BRH:5
end_of_record
TN:
SF:src/middlewares/settings/loadSettings.js
FN:3,(anonymous_0)
FN:6,(anonymous_1)
FNF:2
FNH:2
FNDA:29,(anonymous_0)
FNDA:3,(anonymous_1)
DA:1,45
DA:3,45
DA:4,29
DA:5,29
DA:6,29
DA:7,3
DA:9,29
DA:12,45
LF:8
LH:8
BRF:0
BRH:0
end_of_record
TN:
SF:src/middlewares/settings/readBySettingKey.js
FN:5,(anonymous_0)
FNF:1
FNH:1
FNDA:5,(anonymous_0)
DA:1,45
DA:3,45
DA:5,45
DA:6,5
DA:9,5
DA:10,2
DA:13,3
DA:15,2
DA:16,1
DA:19,1
DA:22,1
DA:26,45
LF:12
LH:12
BRDA:9,0,0,2
BRDA:9,0,1,3
BRDA:15,1,0,1
BRDA:15,1,1,1
BRF:4
BRH:4
end_of_record
TN:
SF:src/middlewares/settings/updateBySettingKey.js
FN:5,(anonymous_0)
FNF:1
FNH:1
FNDA:5,(anonymous_0)
DA:1,45
DA:3,45
DA:5,45
DA:6,5
DA:7,5
DA:8,2
DA:11,3
DA:22,2
DA:23,1
DA:26,1
DA:29,1
DA:33,45
LF:12
LH:12
BRDA:7,0,0,2
BRDA:7,0,1,3
BRDA:7,1,0,5
BRDA:7,1,1,4
BRDA:22,2,0,1
BRDA:22,2,1,1
BRF:6
BRH:6
end_of_record
TN:
SF:src/middlewares/uploadMiddleware/LocalSingleStorage.js
FN:7,(anonymous_0)
FN:14,(anonymous_1)
FN:17,(anonymous_2)
FNF:3
FNH:0
FNDA:0,(anonymous_0)
FNDA:0,(anonymous_1)
FNDA:0,(anonymous_2)
DA:1,26
DA:2,26
DA:3,26
DA:5,26
DA:7,26
DA:13,0
DA:15,0
DA:18,0
DA:20,0
DA:21,0
DA:23,0
DA:24,0
DA:25,0
DA:27,0
DA:30,0
DA:32,0
DA:34,0
DA:43,0
DA:45,0
DA:47,0
DA:52,0
DA:54,0
DA:55,0
DA:58,26
LF:24
LH:6
BRDA:9,0,0,0
BRDA:10,1,0,0
BRDA:11,2,0,0
BRDA:24,3,0,0
BRDA:24,3,1,0
BRF:5
BRH:0
end_of_record
TN:
SF:src/middlewares/uploadMiddleware/index.js
FNF:0
FNH:0
DA:1,26
DA:2,26
DA:4,26
LF:3
LH:3
BRF:0
BRH:0
end_of_record
TN:
SF:src/middlewares/uploadMiddleware/singleStorageUpload.js
FN:7,(anonymous_0)
FN:14,(anonymous_1)
FN:17,(anonymous_2)
FNF:3
FNH:1
FNDA:52,(anonymous_0)
FNDA:0,(anonymous_1)
FNDA:0,(anonymous_2)
DA:1,26
DA:2,26
DA:3,26
DA:5,26
DA:7,26
DA:13,52
DA:15,0
DA:18,0
DA:20,0
DA:21,0
DA:23,0
DA:24,0
DA:25,0
DA:27,0
DA:30,0
DA:32,0
DA:34,0
DA:43,0
DA:45,0
DA:47,0
DA:52,52
DA:54,52
DA:55,52
DA:58,26
LF:24
LH:10
BRDA:9,0,0,0
BRDA:10,1,0,52
BRDA:11,2,0,0
BRDA:24,3,0,0
BRDA:24,3,1,0
BRF:5
BRH:1
end_of_record
TN:
SF:src/middlewares/uploadMiddleware/utils/LocalfileFilter.js
FN:2,(anonymous_0)
FN:3,(anonymous_1)
FNF:2
FNH:1
FNDA:52,(anonymous_0)
FNDA:0,(anonymous_1)
DA:2,26
DA:3,52
DA:5,0
DA:25,0
DA:26,0
DA:28,0
DA:30,0
DA:31,0
DA:32,0
DA:34,0
DA:35,0
DA:36,0
DA:38,0
DA:39,0
DA:40,0
DA:42,0
DA:43,0
DA:44,0
DA:46,0
DA:47,0
DA:55,0
DA:57,0
DA:58,0
DA:64,0
DA:66,0
DA:67,0
DA:72,0
DA:76,0
DA:77,0
DA:79,0
DA:84,26
LF:31
LH:3
BRDA:2,0,0,0
BRDA:25,1,0,0
BRDA:25,1,1,0
BRDA:30,2,0,0
BRDA:30,2,1,0
BRDA:31,3,0,0
BRDA:31,3,1,0
BRDA:34,4,0,0
BRDA:34,4,1,0
BRDA:35,5,0,0
BRDA:35,5,1,0
BRDA:38,6,0,0
BRDA:38,6,1,0
BRDA:39,7,0,0
BRDA:39,7,1,0
BRDA:42,8,0,0
BRDA:42,8,1,0
BRDA:43,9,0,0
BRDA:43,9,1,0
BRDA:46,10,0,0
BRDA:46,10,1,0
BRDA:47,11,0,0
BRDA:47,11,1,0
BRDA:48,12,0,0
BRDA:48,12,1,0
BRDA:48,12,2,0
BRDA:48,12,3,0
BRDA:57,13,0,0
BRDA:57,13,1,0
BRDA:58,14,0,0
BRDA:58,14,1,0
BRDA:59,15,0,0
BRDA:59,15,1,0
BRDA:66,16,0,0
BRDA:66,16,1,0
BRDA:67,17,0,0
BRDA:67,17,1,0
BRDA:68,18,0,0
BRDA:68,18,1,0
BRDA:68,18,2,0
BRDA:76,19,0,0
BRDA:76,19,1,0
BRF:42
BRH:0
end_of_record
TN:
SF:src/routes/appRoutes/appApi.js
FN:8,(anonymous_0)
FN:28,(anonymous_1)
FNF:2
FNH:2
FNDA:156,(anonymous_0)
FNDA:156,(anonymous_1)
DA:1,26
DA:2,26
DA:3,26
DA:5,26
DA:6,26
DA:8,26
DA:9,156
DA:10,156
DA:11,156
DA:12,156
DA:13,156
DA:14,156
DA:15,156
DA:16,156
DA:17,156
DA:19,156
DA:20,78
DA:23,156
DA:24,26
DA:28,26
DA:29,156
DA:30,156
DA:33,26
LF:23
LH:23
BRDA:19,0,0,78
BRDA:19,0,1,78
BRDA:19,1,0,156
BRDA:19,1,1,130
BRDA:19,1,2,104
BRDA:23,2,0,26
BRDA:23,2,1,130
BRF:7
BRH:7
end_of_record
TN:
SF:src/routes/coreRoutes/coreApi.js
FNF:0
FNH:0
DA:1,26
DA:3,26
DA:5,26
DA:7,26
DA:8,26
DA:10,26
DA:14,26
DA:16,26
DA:20,26
DA:21,26
DA:30,26
DA:31,26
DA:32,26
DA:34,26
DA:35,26
DA:36,26
DA:37,26
DA:38,26
DA:41,26
DA:42,26
DA:45,26
DA:53,26
DA:54,26
LF:23
LH:23
BRF:0
BRH:0
end_of_record
TN:
SF:src/routes/coreRoutes/coreAuth.js
FNF:0
FNH:0
DA:1,26
DA:3,26
DA:5,26
DA:6,26
DA:8,26
DA:10,26
DA:11,26
DA:13,26
DA:15,26
LF:9
LH:9
BRF:0
BRH:0
end_of_record
TN:
SF:src/routes/coreRoutes/coreDownloadRouter.js
FN:6,(anonymous_0)
FNF:1
FNH:0
FNDA:0,(anonymous_0)
DA:1,26
DA:2,26
DA:4,26
DA:6,26
DA:7,0
DA:8,0
DA:9,0
DA:10,0
DA:12,0
DA:21,26
LF:10
LH:5
BRF:0
BRH:0
end_of_record
TN:
SF:src/routes/coreRoutes/corePublicRouter.js
FN:7,(anonymous_0)
FN:31,(anonymous_1)
FNF:2
FNH:0
FNDA:0,(anonymous_0)
FNDA:0,(anonymous_1)
DA:1,26
DA:2,26
DA:4,26
DA:5,26
DA:7,26
DA:8,0
DA:9,0
DA:12,0
DA:13,0
DA:14,0
DA:17,0
DA:20,0
DA:21,0
DA:24,0
DA:25,0
DA:31,0
DA:32,0
DA:33,0
DA:41,0
DA:50,26
LF:20
LH:6
BRDA:24,0,0,0
BRDA:24,0,1,0
BRDA:32,1,0,0
BRDA:32,1,1,0
BRF:4
BRH:0
end_of_record
TN:
SF:src/settings/index.js
FNF:0
FNH:0
DA:1,35
DA:2,35
DA:3,35
DA:5,35
LF:4
LH:4
BRF:0
BRH:0
end_of_record
TN:
SF:src/settings/useAppSettings.js
FN:1,(anonymous_0)
FNF:1
FNH:1
FNDA:2,(anonymous_0)
DA:1,36
DA:2,2
DA:3,2
DA:4,2
DA:5,2
DA:8,36
LF:6
LH:6
BRF:0
BRH:0
end_of_record
TN:
SF:src/settings/useDate.js
FN:1,(anonymous_0)
FNF:1
FNH:1
FNDA:2,(anonymous_0)
DA:1,36
DA:2,2
DA:4,2
DA:6,2
DA:11,36
LF:5
LH:5
BRF:0
BRH:0
end_of_record
TN:
SF:src/settings/useMoney.js
FN:3,(anonymous_0)
FN:13,currencyFormat
FN:30,moneyFormatter
FN:36,amountFormatter
FNF:4
FNH:4
FNDA:12,(anonymous_0)
FNDA:11,currencyFormat
FNDA:10,moneyFormatter
FNDA:1,amountFormatter
DA:1,37
DA:3,37
DA:11,12
DA:14,11
DA:31,10
DA:37,1
DA:40,12
DA:52,37
LF:8
LH:8
BRDA:14,0,0,8
BRDA:14,0,1,3
BRDA:14,1,0,11
BRDA:14,1,1,5
BRDA:30,2,0,0
BRDA:31,3,0,8
BRDA:31,3,1,2
BRDA:36,4,0,0
BRF:8
BRH:6
end_of_record
TN:
SF:src/utils/is-path-inside.js
FN:5,(anonymous_0)
FNF:1
FNH:0
FNDA:0,(anonymous_0)
DA:1,26
DA:5,26
DA:6,0
DA:8,0
LF:4
LH:2
BRDA:9,0,0,0
BRDA:9,0,1,0
BRDA:9,0,2,0
BRDA:9,0,3,0
BRF:4
BRH:0
end_of_record
