TN:
SF:src/helpers.js
FN:16,(anonymous_0)
FN:24,(anonymous_1)
FN:29,(anonymous_2)
FN:48,(anonymous_3)
FN:51,(anonymous_4)
FN:54,(anonymous_5)
FN:57,(anonymous_6)
FNF:7
FNH:6
FNDA:2,(anonymous_0)
FNDA:1,(anonymous_1)
FNDA:0,(anonymous_2)
FNDA:91,(anonymous_3)
FNDA:34,(anonymous_4)
FNDA:91,(anonymous_5)
FNDA:3,(anonymous_6)
DA:6,17
DA:8,17
DA:11,17
DA:16,17
DA:17,2
DA:18,2
DA:20,2
DA:24,17
DA:27,17
DA:29,17
DA:30,0
DA:31,0
DA:34,0
DA:35,0
DA:37,0
DA:39,0
DA:40,0
DA:41,0
DA:42,0
DA:44,0
DA:47,17
DA:49,91
DA:52,34
DA:55,91
DA:58,3
LF:25
LH:15
BRDA:30,0,0,0
BRDA:30,0,1,0
BRDA:34,1,0,0
BRDA:34,1,1,0
BRDA:37,2,0,0
BRDA:37,2,1,0
BRF:6
BRH:0
end_of_record
TN:
SF:src/controllers/appControllers/clientController/summary.js
FN:6,(anonymous_0)
FNF:1
FNH:1
FNDA:2,(anonymous_0)
DA:1,1
DA:2,1
DA:4,1
DA:6,1
DA:7,2
DA:8,2
DA:10,2
DA:11,1
DA:12,1
DA:13,0
DA:20,2
DA:21,2
DA:22,2
DA:24,2
DA:77,2
DA:79,2
DA:80,2
DA:81,2
DA:82,2
DA:84,2
DA:85,2
DA:87,2
DA:97,1
LF:23
LH:22
BRDA:10,0,0,1
BRDA:10,0,1,1
BRDA:10,1,0,2
BRDA:10,1,1,1
BRDA:12,2,0,0
BRDA:12,2,1,1
BRDA:80,3,0,2
BRDA:80,3,1,0
BRDA:81,4,0,2
BRDA:81,4,1,0
BRDA:82,5,0,1
BRDA:82,5,1,1
BRDA:84,6,0,2
BRDA:84,6,1,0
BRDA:85,7,0,2
BRDA:85,7,1,0
BRF:16
BRH:11
end_of_record
TN:
SF:src/controllers/appControllers/invoiceController/create.js
FN:9,(anonymous_0)
FN:30,(anonymous_1)
FNF:2
FNH:2
FNDA:23,(anonymous_0)
FNDA:28,(anonymous_1)
DA:1,6
DA:3,6
DA:5,6
DA:6,6
DA:7,6
DA:9,6
DA:10,23
DA:12,23
DA:13,23
DA:14,4
DA:15,4
DA:22,19
DA:25,19
DA:26,19
DA:27,19
DA:30,19
DA:31,28
DA:33,28
DA:35,28
DA:37,19
DA:38,19
DA:40,19
DA:41,19
DA:42,19
DA:43,19
DA:45,19
DA:47,19
DA:48,19
DA:51,19
DA:52,19
DA:53,19
DA:62,19
DA:67,19
DA:74,6
LF:34
LH:34
BRDA:13,0,0,4
BRDA:13,0,1,19
BRDA:22,1,0,0
BRDA:22,2,0,0
BRDA:22,3,0,0
BRDA:45,4,0,6
BRDA:45,4,1,13
BRF:7
BRH:4
end_of_record
TN:
SF:src/controllers/appControllers/invoiceController/paginatedList.js
FN:5,(anonymous_0)
FNF:1
FNH:1
FNDA:8,(anonymous_0)
DA:1,3
DA:3,3
DA:5,3
DA:6,8
DA:7,8
DA:8,8
DA:10,8
DA:12,8
DA:16,8
DA:18,8
DA:19,2
DA:23,8
DA:36,8
DA:44,8
DA:46,8
DA:49,8
DA:50,8
DA:51,6
DA:58,2
DA:67,3
LF:20
LH:20
BRDA:6,0,0,8
BRDA:6,0,1,1
BRDA:7,1,0,8
BRDA:7,1,1,1
BRDA:10,2,0,8
BRDA:10,3,0,8
BRDA:12,4,0,1
BRDA:12,4,1,7
BRDA:16,5,0,7
BRDA:16,5,1,1
BRDA:50,6,0,6
BRDA:50,6,1,2
BRF:12
BRH:12
end_of_record
TN:
SF:src/controllers/appControllers/invoiceController/read.js
FN:5,(anonymous_0)
FNF:1
FNH:1
FNDA:3,(anonymous_0)
DA:1,2
DA:3,2
DA:5,2
DA:7,3
DA:14,3
DA:15,2
DA:22,1
DA:30,2
LF:8
LH:8
BRDA:14,0,0,2
BRDA:14,0,1,1
BRF:2
BRH:2
end_of_record
TN:
SF:src/controllers/appControllers/invoiceController/schemaValidate.js
FNF:0
FNH:0
DA:1,11
DA:2,11
DA:28,11
LF:3
LH:3
BRF:0
BRH:0
end_of_record
TN:
SF:src/controllers/appControllers/invoiceController/summary.js
FN:8,(anonymous_0)
FN:134,(anonymous_1)
FN:141,(anonymous_2)
FN:148,(anonymous_3)
FN:156,(anonymous_4)
FN:158,(anonymous_5)
FNF:6
FNH:5
FNDA:10,(anonymous_0)
FNDA:10,(anonymous_1)
FNDA:8,(anonymous_2)
FNDA:0,(anonymous_3)
FNDA:54,(anonymous_4)
FNDA:95,(anonymous_5)
DA:1,3
DA:2,3
DA:4,3
DA:6,3
DA:8,3
DA:9,10
DA:11,10
DA:13,10
DA:15,10
DA:16,2
DA:17,1
DA:19,1
DA:27,9
DA:28,9
DA:29,9
DA:31,9
DA:33,9
DA:127,9
DA:129,9
DA:130,9
DA:131,9
DA:132,9
DA:134,9
DA:135,10
DA:141,9
DA:142,8
DA:148,9
DA:149,0
DA:156,9
DA:157,54
DA:158,95
DA:160,54
DA:161,15
DA:165,9
DA:197,9
DA:204,9
DA:211,3
LF:37
LH:36
BRDA:15,0,0,2
BRDA:15,0,1,8
BRDA:16,1,0,1
BRDA:16,1,1,1
BRDA:129,2,0,9
BRDA:129,2,1,0
BRDA:130,3,0,9
BRDA:130,3,1,0
BRDA:131,4,0,9
BRDA:131,4,1,0
BRDA:132,5,0,9
BRDA:132,5,1,0
BRDA:160,6,0,15
BRDA:160,6,1,39
BRDA:199,7,0,6
BRDA:199,7,1,3
BRF:16
BRH:12
end_of_record
TN:
SF:src/controllers/appControllers/invoiceController/update.js
FN:10,(anonymous_0)
FN:54,(anonymous_1)
FNF:2
FNH:2
FNDA:18,(anonymous_0)
FNDA:13,(anonymous_1)
DA:1,5
DA:3,5
DA:5,5
DA:7,5
DA:8,5
DA:10,5
DA:11,18
DA:13,18
DA:14,18
DA:15,7
DA:16,7
DA:23,11
DA:28,11
DA:29,0
DA:36,11
DA:38,11
DA:40,11
DA:41,0
DA:49,11
DA:50,11
DA:51,11
DA:54,11
DA:55,13
DA:57,13
DA:59,13
DA:61,11
DA:62,11
DA:64,11
DA:65,11
DA:66,11
DA:67,11
DA:68,11
DA:69,11
DA:70,2
DA:75,11
DA:76,11
DA:78,11
DA:84,11
DA:91,5
LF:39
LH:37
BRDA:14,0,0,7
BRDA:14,0,1,11
BRDA:28,1,0,0
BRDA:28,1,1,11
BRDA:38,2,0,0
BRDA:38,3,0,0
BRDA:38,4,0,0
BRDA:40,5,0,0
BRDA:40,5,1,11
BRDA:69,6,0,2
BRDA:69,6,1,9
BRDA:75,7,0,2
BRDA:75,7,1,9
BRDA:75,8,0,2
BRDA:75,8,1,7
BRF:15
BRH:10
end_of_record
TN:
SF:src/controllers/appControllers/quoteController/create.js
FN:9,(anonymous_0)
FN:19,(anonymous_1)
FNF:2
FNH:2
FNDA:3,(anonymous_0)
FNDA:3,(anonymous_1)
DA:1,2
DA:3,2
DA:5,2
DA:6,2
DA:7,2
DA:9,2
DA:10,3
DA:13,3
DA:14,3
DA:15,3
DA:19,3
DA:20,3
DA:22,3
DA:24,3
DA:26,3
DA:27,3
DA:29,3
DA:31,3
DA:32,3
DA:33,3
DA:34,3
DA:35,3
DA:38,3
DA:39,3
DA:40,3
DA:49,3
DA:54,3
DA:60,2
LF:28
LH:28
BRDA:10,0,0,0
BRDA:10,1,0,1
BRDA:10,2,0,3
BRF:3
BRH:2
end_of_record
TN:
SF:src/controllers/appControllers/quoteController/paginatedList.js
FN:5,(anonymous_0)
FNF:1
FNH:1
FNDA:6,(anonymous_0)
DA:1,2
DA:3,2
DA:5,2
DA:6,6
DA:7,6
DA:8,6
DA:11,6
DA:13,6
DA:17,6
DA:19,6
DA:20,0
DA:24,6
DA:37,6
DA:45,6
DA:47,6
DA:50,6
DA:51,6
DA:52,4
DA:59,2
DA:68,2
LF:20
LH:19
BRDA:6,0,0,6
BRDA:6,0,1,1
BRDA:7,1,0,6
BRDA:7,1,1,1
BRDA:11,2,0,6
BRDA:11,3,0,6
BRDA:13,4,0,0
BRDA:13,4,1,6
BRDA:17,5,0,6
BRDA:17,5,1,0
BRDA:51,6,0,4
BRDA:51,6,1,2
BRF:12
BRH:10
end_of_record
TN:
SF:src/controllers/appControllers/quoteController/read.js
FN:5,(anonymous_0)
FNF:1
FNH:1
FNDA:3,(anonymous_0)
DA:1,2
DA:3,2
DA:5,2
DA:7,3
DA:14,3
DA:15,2
DA:22,1
DA:30,2
LF:8
LH:8
BRDA:14,0,0,2
BRDA:14,0,1,1
BRF:2
BRH:2
end_of_record
TN:
SF:src/controllers/appControllers/quoteController/update.js
FN:9,(anonymous_0)
FN:26,(anonymous_1)
FNF:2
FNH:2
FNDA:4,(anonymous_0)
FNDA:3,(anonymous_1)
DA:1,2
DA:3,2
DA:5,2
DA:7,2
DA:9,2
DA:10,4
DA:12,4
DA:13,1
DA:20,3
DA:21,3
DA:22,3
DA:26,3
DA:27,3
DA:29,3
DA:31,3
DA:33,3
DA:34,3
DA:36,3
DA:38,3
DA:39,3
DA:40,3
DA:41,3
DA:42,3
DA:44,3
DA:45,1
DA:49,3
DA:55,3
DA:61,2
LF:28
LH:28
BRDA:10,0,0,0
BRDA:10,1,0,0
BRDA:10,2,0,2
BRDA:12,3,0,1
BRDA:12,3,1,3
BRDA:44,4,0,1
BRDA:44,4,1,2
BRF:7
BRH:5
end_of_record
TN:
SF:src/controllers/middlewaresControllers/createAuthMiddleware/isValidAuthToken.js
FN:5,(anonymous_0)
FNF:1
FNH:1
FNDA:5,(anonymous_0)
DA:1,1
DA:3,1
DA:5,1
DA:6,5
DA:7,5
DA:8,5
DA:11,5
DA:12,5
DA:14,5
DA:15,1
DA:22,4
DA:24,4
DA:25,4
DA:27,1
DA:35,3
DA:36,0
DA:43,3
DA:44,3
DA:46,3
DA:48,3
DA:49,1
DA:56,2
DA:58,2
DA:59,1
DA:66,1
DA:67,1
DA:68,1
DA:71,0
DA:82,1
LF:29
LH:27
BRDA:5,0,0,0
BRDA:12,1,0,5
BRDA:12,1,1,4
BRDA:14,2,0,1
BRDA:14,2,1,4
BRDA:22,3,0,4
BRDA:22,3,1,0
BRDA:35,4,0,0
BRDA:35,4,1,3
BRDA:48,5,0,1
BRDA:48,5,1,2
BRDA:58,6,0,1
BRDA:58,6,1,1
BRF:13
BRH:10
end_of_record
TN:
SF:src/controllers/middlewaresControllers/createCRUDController/create.js
FN:1,(anonymous_0)
FNF:1
FNH:1
FNDA:1,(anonymous_0)
DA:1,3
DA:3,1
DA:4,1
DA:9,1
DA:16,3
LF:5
LH:5
BRF:0
BRH:0
end_of_record
TN:
SF:src/controllers/middlewaresControllers/createCRUDController/filter.js
FN:1,(anonymous_0)
FNF:1
FNH:1
FNDA:6,(anonymous_0)
DA:1,6
DA:2,6
DA:3,3
DA:9,3
DA:15,3
DA:16,0
DA:23,3
DA:31,6
LF:8
LH:7
BRDA:2,0,0,3
BRDA:2,0,1,3
BRDA:2,1,0,6
BRDA:2,1,1,4
BRDA:15,2,0,0
BRDA:15,2,1,3
BRF:6
BRH:5
end_of_record
TN:
SF:src/controllers/middlewaresControllers/createCRUDController/index.js
FN:15,(anonymous_0)
FN:22,(anonymous_1)
FN:23,(anonymous_2)
FN:24,(anonymous_3)
FN:25,(anonymous_4)
FN:26,(anonymous_5)
FN:27,(anonymous_6)
FN:28,(anonymous_7)
FN:29,(anonymous_8)
FN:30,(anonymous_9)
FNF:10
FNH:6
FNDA:11,(anonymous_0)
FNDA:0,(anonymous_1)
FNDA:0,(anonymous_2)
FNDA:0,(anonymous_3)
FNDA:0,(anonymous_4)
FNDA:1,(anonymous_5)
FNDA:1,(anonymous_6)
FNDA:1,(anonymous_7)
FNDA:1,(anonymous_8)
FNDA:1,(anonymous_9)
DA:1,3
DA:3,3
DA:5,3
DA:6,3
DA:7,3
DA:8,3
DA:9,3
DA:10,3
DA:11,3
DA:12,3
DA:13,3
DA:15,3
DA:16,11
DA:17,2
DA:20,9
DA:21,9
DA:22,0
DA:23,0
DA:24,0
DA:25,0
DA:26,1
DA:27,1
DA:28,1
DA:29,1
DA:30,1
DA:32,9
DA:35,3
LF:27
LH:23
BRDA:16,0,0,2
BRDA:16,0,1,9
BRF:2
BRH:2
end_of_record
TN:
SF:src/controllers/middlewaresControllers/createCRUDController/listAll.js
FN:1,(anonymous_0)
FNF:1
FNH:1
FNDA:6,(anonymous_0)
DA:1,5
DA:2,6
DA:3,6
DA:8,6
DA:9,4
DA:16,2
DA:25,6
DA:26,4
DA:32,2
DA:40,5
LF:10
LH:10
BRDA:2,0,0,6
BRDA:2,0,1,5
BRDA:3,1,0,6
BRDA:3,1,1,4
BRDA:8,2,0,4
BRDA:8,2,1,2
BRDA:25,3,0,4
BRDA:25,3,1,2
BRF:8
BRH:8
end_of_record
TN:
SF:src/controllers/middlewaresControllers/createCRUDController/paginatedList.js
FN:1,(anonymous_0)
FNF:1
FNH:1
FNDA:7,(anonymous_0)
DA:1,4
DA:2,7
DA:3,7
DA:4,7
DA:6,7
DA:8,7
DA:12,7
DA:14,7
DA:15,2
DA:19,7
DA:32,7
DA:39,7
DA:42,7
DA:45,7
DA:46,7
DA:47,5
DA:54,2
DA:63,4
LF:18
LH:18
BRDA:2,0,0,7
BRDA:2,0,1,0
BRDA:3,1,0,7
BRDA:3,1,1,0
BRDA:6,2,0,6
BRDA:6,3,0,6
BRDA:8,4,0,1
BRDA:8,4,1,6
BRDA:12,5,0,6
BRDA:12,5,1,1
BRDA:46,6,0,5
BRDA:46,6,1,2
BRF:12
BRH:10
end_of_record
TN:
SF:src/controllers/middlewaresControllers/createCRUDController/read.js
FN:1,(anonymous_0)
FNF:1
FNH:1
FNDA:2,(anonymous_0)
DA:1,3
DA:3,2
DA:8,2
DA:9,1
DA:16,1
DA:24,3
LF:6
LH:6
BRDA:8,0,0,1
BRDA:8,0,1,1
BRF:2
BRH:2
end_of_record
TN:
SF:src/controllers/middlewaresControllers/createCRUDController/remove.js
FN:1,(anonymous_0)
FNF:1
FNH:1
FNDA:2,(anonymous_0)
DA:1,4
DA:3,2
DA:8,2
DA:9,1
DA:17,1
DA:21,1
DA:32,1
DA:33,0
DA:39,1
DA:47,4
LF:10
LH:9
BRDA:8,0,0,1
BRDA:8,0,1,1
BRDA:32,1,0,0
BRDA:32,1,1,1
BRF:4
BRH:3
end_of_record
TN:
SF:src/controllers/middlewaresControllers/createCRUDController/search.js
FN:1,(anonymous_0)
FNF:1
FNH:1
FNDA:7,(anonymous_0)
DA:1,4
DA:14,7
DA:15,7
DA:18,7
DA:19,0
DA:26,7
DA:28,7
DA:29,33
DA:33,7
DA:41,7
DA:42,4
DA:48,3
DA:59,4
LF:13
LH:12
BRDA:15,0,0,2
BRDA:15,0,1,5
BRDA:18,1,0,0
BRDA:18,1,1,7
BRDA:18,2,0,7
BRDA:18,2,1,7
BRDA:41,3,0,4
BRDA:41,3,1,3
BRF:8
BRH:7
end_of_record
TN:
SF:src/controllers/middlewaresControllers/createCRUDController/summary.js
FN:1,(anonymous_0)
FNF:1
FNH:1
FNDA:4,(anonymous_0)
DA:1,5
DA:3,4
DA:8,4
DA:9,4
DA:16,0
DA:21,4
DA:23,4
DA:24,1
DA:30,3
DA:38,5
LF:10
LH:9
BRDA:8,0,0,4
BRDA:8,0,1,0
BRDA:8,1,0,4
BRDA:8,1,1,4
BRDA:23,2,0,1
BRDA:23,2,1,3
BRF:6
BRH:5
end_of_record
TN:
SF:src/controllers/middlewaresControllers/createCRUDController/update.js
FN:1,(anonymous_0)
FNF:1
FNH:1
FNDA:3,(anonymous_0)
DA:1,4
DA:3,3
DA:8,3
DA:9,2
DA:18,1
DA:19,1
DA:21,1
DA:33,1
DA:34,0
DA:40,1
DA:48,4
LF:11
LH:10
BRDA:8,0,0,2
BRDA:8,0,1,1
BRDA:33,1,0,0
BRDA:33,1,1,1
BRF:4
BRH:3
end_of_record
TN:
SF:src/controllers/pdfController/index.js
FN:15,(anonymous_0)
FN:76,(anonymous_1)
FNF:2
FNH:0
FNDA:0,(anonymous_0)
FNDA:0,(anonymous_1)
DA:1,9
DA:2,9
DA:3,9
DA:4,9
DA:5,9
DA:6,9
DA:7,9
DA:8,9
DA:10,9
DA:12,9
DA:13,9
DA:15,9
DA:21,0
DA:22,0
DA:25,0
DA:26,0
DA:31,0
DA:34,0
DA:35,0
DA:36,0
DA:45,0
DA:47,0
DA:57,0
DA:59,0
DA:61,0
DA:70,0
DA:77,0
DA:78,0
DA:82,0
LF:29
LH:12
BRDA:17,0,0,0
BRDA:25,1,0,0
BRDA:25,1,1,0
BRDA:31,2,0,0
BRDA:31,2,1,0
BRDA:77,3,0,0
BRDA:77,3,1,0
BRDA:78,4,0,0
BRDA:78,4,1,0
BRF:9
BRH:0
end_of_record
TN:
SF:src/handlers/errorHandlers.js
FN:9,(anonymous_0)
FN:10,(anonymous_1)
FN:11,(anonymous_2)
FN:39,(anonymous_3)
FN:51,(anonymous_4)
FN:71,(anonymous_5)
FNF:6
FNH:6
FNDA:3,(anonymous_0)
FNDA:3,(anonymous_1)
FNDA:2,(anonymous_2)
FNDA:1,(anonymous_3)
FNDA:3,(anonymous_4)
FNDA:1,(anonymous_5)
DA:9,2
DA:10,3
DA:11,3
DA:12,2
DA:13,1
DA:22,1
DA:39,2
DA:40,1
DA:51,2
DA:52,3
DA:53,3
DA:59,3
DA:71,2
DA:72,1
LF:14
LH:14
BRDA:12,0,0,1
BRDA:12,0,1,1
BRDA:52,1,0,3
BRDA:52,1,1,1
BRF:4
BRH:4
end_of_record
TN:
SF:src/locale/useLanguage.js
FN:3,(anonymous_0)
FN:15,(anonymous_1)
FN:27,(anonymous_2)
FN:34,(anonymous_3)
FN:36,(anonymous_4)
FNF:5
FNH:0
FNDA:0,(anonymous_0)
FNDA:0,(anonymous_1)
FNDA:0,(anonymous_2)
FNDA:0,(anonymous_3)
FNDA:0,(anonymous_4)
DA:1,9
DA:3,9
DA:4,0
DA:5,0
DA:10,0
DA:12,0
DA:14,0
DA:15,0
DA:18,0
DA:20,0
DA:23,0
DA:27,9
DA:28,0
DA:30,0
DA:31,0
DA:34,9
DA:35,0
DA:36,0
DA:37,0
DA:38,0
DA:40,0
DA:43,9
LF:22
LH:5
BRDA:10,0,0,0
BRDA:10,0,1,0
BRF:2
BRH:0
end_of_record
TN:
SF:src/middlewares/serverData.js
FN:2,(anonymous_0)
FN:8,(anonymous_1)
FNF:2
FNH:0
FNDA:0,(anonymous_0)
FNDA:0,(anonymous_1)
DA:1,9
DA:2,9
DA:3,0
DA:4,0
DA:5,0
DA:8,9
DA:9,0
DA:10,0
DA:11,0
LF:9
LH:3
BRF:0
BRH:0
end_of_record
TN:
SF:src/middlewares/settings/increaseBySettingKey.js
FN:5,(anonymous_0)
FNF:1
FNH:1
FNDA:27,(anonymous_0)
DA:1,19
DA:3,19
DA:5,19
DA:6,27
DA:7,27
DA:8,2
DA:11,25
DA:23,24
DA:24,23
DA:27,1
DA:30,1
DA:34,19
LF:12
LH:12
BRDA:7,0,0,2
BRDA:7,0,1,25
BRDA:23,1,0,23
BRDA:23,1,1,1
BRF:4
BRH:4
end_of_record
TN:
SF:src/middlewares/settings/index.js
FNF:0
FNH:0
DA:1,18
DA:2,18
DA:3,18
DA:4,18
DA:5,18
DA:6,18
DA:8,18
LF:7
LH:7
BRF:0
BRH:0
end_of_record
TN:
SF:src/middlewares/settings/listAllSettings.js
FN:5,(anonymous_0)
FNF:1
FNH:1
FNDA:17,(anonymous_0)
DA:1,20
DA:3,20
DA:5,20
DA:6,17
DA:8,17
DA:12,16
DA:13,4
DA:15,12
DA:18,1
DA:22,20
LF:10
LH:10
BRDA:12,0,0,4
BRDA:12,0,1,12
BRF:2
BRH:2
end_of_record
TN:
SF:src/middlewares/settings/listBySettingKey.js
FN:5,(anonymous_0)
FNF:1
FNH:1
FNDA:5,(anonymous_0)
DA:1,20
DA:3,20
DA:5,20
DA:6,5
DA:9,5
DA:11,5
DA:12,2
DA:15,3
DA:16,5
DA:18,3
DA:21,3
DA:22,1
DA:24,2
DA:27,0
DA:31,20
LF:15
LH:14
BRDA:5,0,0,1
BRDA:11,1,0,2
BRDA:11,1,1,3
BRDA:21,2,0,1
BRDA:21,2,1,2
BRF:5
BRH:5
end_of_record
TN:
SF:src/middlewares/settings/loadSettings.js
FN:3,(anonymous_0)
FN:6,(anonymous_1)
FNF:2
FNH:2
FNDA:13,(anonymous_0)
FNDA:3,(anonymous_1)
DA:1,19
DA:3,19
DA:4,13
DA:5,13
DA:6,13
DA:7,3
DA:9,13
DA:12,19
LF:8
LH:8
BRF:0
BRH:0
end_of_record
TN:
SF:src/middlewares/settings/readBySettingKey.js
FN:5,(anonymous_0)
FNF:1
FNH:1
FNDA:5,(anonymous_0)
DA:1,19
DA:3,19
DA:5,19
DA:6,5
DA:9,5
DA:10,2
DA:13,3
DA:15,2
DA:16,1
DA:19,1
DA:22,1
DA:26,19
LF:12
LH:12
BRDA:9,0,0,2
BRDA:9,0,1,3
BRDA:15,1,0,1
BRDA:15,1,1,1
BRF:4
BRH:4
end_of_record
TN:
SF:src/middlewares/settings/updateBySettingKey.js
FN:5,(anonymous_0)
FNF:1
FNH:1
FNDA:5,(anonymous_0)
DA:1,19
DA:3,19
DA:5,19
DA:6,5
DA:7,5
DA:8,2
DA:11,3
DA:22,2
DA:23,1
DA:26,1
DA:29,1
DA:33,19
LF:12
LH:12
BRDA:7,0,0,2
BRDA:7,0,1,3
BRDA:7,1,0,5
BRDA:7,1,1,4
BRDA:22,2,0,1
BRDA:22,2,1,1
BRF:6
BRH:6
end_of_record
TN:
SF:src/settings/index.js
FNF:0
FNH:0
DA:1,9
DA:2,9
DA:3,9
DA:5,9
LF:4
LH:4
BRF:0
BRH:0
end_of_record
TN:
SF:src/settings/useAppSettings.js
FN:1,(anonymous_0)
FNF:1
FNH:1
FNDA:1,(anonymous_0)
DA:1,10
DA:2,1
DA:3,1
DA:4,1
DA:5,1
DA:8,10
LF:6
LH:6
BRF:0
BRH:0
end_of_record
TN:
SF:src/settings/useDate.js
FN:1,(anonymous_0)
FNF:1
FNH:1
FNDA:2,(anonymous_0)
DA:1,10
DA:2,2
DA:4,2
DA:6,2
DA:11,10
LF:5
LH:5
BRF:0
BRH:0
end_of_record
TN:
SF:src/settings/useMoney.js
FN:3,(anonymous_0)
FN:13,currencyFormat
FN:30,moneyFormatter
FN:36,amountFormatter
FNF:4
FNH:4
FNDA:12,(anonymous_0)
FNDA:11,currencyFormat
FNDA:10,moneyFormatter
FNDA:1,amountFormatter
DA:1,11
DA:3,11
DA:11,12
DA:14,11
DA:31,10
DA:37,1
DA:40,12
DA:52,11
LF:8
LH:8
BRDA:14,0,0,8
BRDA:14,0,1,3
BRDA:14,1,0,11
BRDA:14,1,1,5
BRDA:30,2,0,0
BRDA:31,3,0,8
BRDA:31,3,1,2
BRDA:36,4,0,0
BRF:8
BRH:6
end_of_record
